
RAxML-NG v. 1.2.2 released on 30.04.2024 by The Exelixis Lab.
Developed by: Alexey M. Kozlov and Alexandros Stamatakis.
Contributors: Diego Darriba, Tomas Flouri, Benoit Morel, Sarah Lutteropp, Ben Bettisworth, Julia Haag, Anastasis Togkousidis.
Latest version: https://github.com/amkozlov/raxml-ng
Questions/problems/suggestions? Please visit: https://groups.google.com/forum/#!forum/raxml

System: Apple M1, 8 cores, 16 GB RAM

RAxML-NG was called at 06-May-2025 02:46:32 as follows:

./raxml-ng --msa gannon_elephant_aligned4_single_lineNAMED.fasta --model GTR+G --bootstrap 1000 --tree bootstraps.raxml.bestTree --threads 4 --prefix bootstraps --seed 12345

Analysis options:
  run mode: Bootstrapping
  start tree(s): user
  bootstrap replicates: parsimony (max: 1000) + bootstopping (autoMRE, cutoff: 0.030000)
  random seed: 12345
  tip-inner: OFF
  pattern compression: ON
  per-rate scalers: OFF
  site repeats: ON
  logLH epsilon: general: 0.100000, brlen-triplet: 1000.000000
  fast spr radius: AUTO
  spr subtree cutoff: 1.000000
  fast CLV updates: ON
  branch lengths: proportional (ML estimate, algorithm: NR-FAST)
  SIMD kernels: SSE3
  parallelization: coarse-grained (auto), PTHREADS (4 threads), thread pinning: OFF

[00:00:00] Reading alignment from file: gannon_elephant_aligned4_single_lineNAMED.fasta
[00:00:00] Loaded alignment with 50 taxa and 1961 sites

WARNING: Sequences Laa_Uganda1 and Laa_Uganda3 are exactly identical!
WARNING: Sequences Laa_Zimbabwe1 and Laa_Zimbabwe9 are exactly identical!
WARNING: Duplicate sequences found: 2

NOTE: Reduced alignment (with duplicates and gap-only sites/taxa removed) 
NOTE: was saved to: /Users/gannonkreuser/Desktop/GannonPLPATH/raxml-ng_v1.2.2_macos/bootstraps.raxml.reduced.phy

Alignment comprises 1 partitions and 181 patterns

Partition 0: noname
Model: GTR+FO+G4m
Alignment sites / patterns: 1961 / 181
Gaps: 5.19 %
Invariant sites: 89.85 %


NOTE: Binary MSA file already exists: bootstraps.raxml.rba

Parallelization scheme autoconfig: 4 worker(s) x 1 thread(s)

Parallel reduction/worker buffer size: 1 KB  / 0 KB

[00:00:00] Data distribution: max. partitions/sites/weight per thread: 1 / 181 / 2896
[00:00:00] Data distribution: max. searches per worker: 250
[00:00:00] Starting bootstrapping analysis with 1000 replicates.

[00:00:00] [worker #3] Bootstrap tree #4, logLikelihood: -4413.617257
[00:00:00] [worker #1] Bootstrap tree #2, logLikelihood: -4364.961675
[00:00:00] [worker #0] Bootstrap tree #1, logLikelihood: -4399.721189
[00:00:00] [worker #2] Bootstrap tree #3, logLikelihood: -4354.206450
[00:00:01] [worker #2] Bootstrap tree #7, logLikelihood: -4477.297874
[00:00:01] [worker #1] Bootstrap tree #6, logLikelihood: -4321.258061
[00:00:01] [worker #0] Bootstrap tree #5, logLikelihood: -4460.925387
[00:00:02] [worker #2] Bootstrap tree #11, logLikelihood: -4244.642998
[00:00:02] [worker #3] Bootstrap tree #8, logLikelihood: -4590.531767
[00:00:02] [worker #1] Bootstrap tree #10, logLikelihood: -4662.993432
[00:00:02] [worker #0] Bootstrap tree #9, logLikelihood: -4455.975782
[00:00:02] [worker #3] Bootstrap tree #12, logLikelihood: -4543.165473
[00:00:03] [worker #2] Bootstrap tree #15, logLikelihood: -4477.316626
[00:00:03] [worker #0] Bootstrap tree #13, logLikelihood: -4427.621869
[00:00:03] [worker #1] Bootstrap tree #14, logLikelihood: -4625.133705
[00:00:03] [worker #3] Bootstrap tree #16, logLikelihood: -4389.620421
[00:00:03] [worker #1] Bootstrap tree #18, logLikelihood: -4322.446745
[00:00:04] [worker #0] Bootstrap tree #17, logLikelihood: -4534.771821
[00:00:04] [worker #2] Bootstrap tree #19, logLikelihood: -4529.657074
[00:00:04] [worker #1] Bootstrap tree #22, logLikelihood: -4406.299807
[00:00:04] [worker #0] Bootstrap tree #21, logLikelihood: -4560.667618
[00:00:04] [worker #2] Bootstrap tree #23, logLikelihood: -4457.867095
[00:00:05] [worker #3] Bootstrap tree #20, logLikelihood: -4440.496168
[00:00:05] [worker #1] Bootstrap tree #26, logLikelihood: -4698.346544
[00:00:05] [worker #0] Bootstrap tree #25, logLikelihood: -4594.810771
[00:00:05] [worker #2] Bootstrap tree #27, logLikelihood: -4485.334539
[00:00:05] [worker #3] Bootstrap tree #24, logLikelihood: -4572.493154
[00:00:06] [worker #1] Bootstrap tree #30, logLikelihood: -4514.794344
[00:00:06] [worker #0] Bootstrap tree #29, logLikelihood: -4205.755600
[00:00:06] [worker #2] Bootstrap tree #31, logLikelihood: -4533.945929
[00:00:06] [worker #3] Bootstrap tree #28, logLikelihood: -4491.058362
[00:00:06] [worker #1] Bootstrap tree #34, logLikelihood: -4398.700991
[00:00:07] [worker #0] Bootstrap tree #33, logLikelihood: -4570.209572
[00:00:07] [worker #2] Bootstrap tree #35, logLikelihood: -4353.459565
[00:00:07] [worker #1] Bootstrap tree #38, logLikelihood: -4582.323910
[00:00:07] [worker #3] Bootstrap tree #32, logLikelihood: -4511.569147
[00:00:07] [worker #0] Bootstrap tree #37, logLikelihood: -4489.104602
[00:00:08] [worker #2] Bootstrap tree #39, logLikelihood: -4785.859730
[00:00:08] [worker #1] Bootstrap tree #42, logLikelihood: -4479.525915
[00:00:08] [worker #0] Bootstrap tree #41, logLikelihood: -4471.634427
[00:00:08] [worker #3] Bootstrap tree #36, logLikelihood: -4289.997053
[00:00:08] [worker #2] Bootstrap tree #43, logLikelihood: -4344.780720
[00:00:09] [worker #0] Bootstrap tree #45, logLikelihood: -4368.222975
[00:00:09] [worker #1] Bootstrap tree #46, logLikelihood: -4422.758419
[00:00:09] [worker #3] Bootstrap tree #40, logLikelihood: -4521.876004
[00:00:09] [worker #2] Bootstrap tree #47, logLikelihood: -4423.358148
[00:00:09] [worker #0] Bootstrap tree #49, logLikelihood: -4301.284680
[00:00:10] [worker #3] Bootstrap tree #44, logLikelihood: -4581.865310
[00:00:10] [worker #1] Bootstrap tree #50, logLikelihood: -4424.066553
[00:00:11] [worker #3] Bootstrap tree #48, logLikelihood: -4451.430727
[00:00:11] [worker #0] Bootstrap tree #53, logLikelihood: -4206.936710
[00:00:11] [worker #3] Bootstrap tree #52, logLikelihood: -4331.184300
[00:00:11] [worker #2] Bootstrap tree #51, logLikelihood: -4502.961619
[00:00:11] [worker #1] Bootstrap tree #54, logLikelihood: -4309.900375
[00:00:12] [worker #0] Bootstrap tree #57, logLikelihood: -4175.919524
[00:00:12] [worker #1] Bootstrap tree #58, logLikelihood: -4525.076256
[00:00:12] [worker #2] Bootstrap tree #55, logLikelihood: -4456.128707
[00:00:13] [worker #0] Bootstrap tree #61, logLikelihood: -4541.209873
[00:00:13] [worker #3] Bootstrap tree #56, logLikelihood: -4417.410098
[00:00:13] [worker #1] Bootstrap tree #62, logLikelihood: -4291.449550
[00:00:13] [worker #2] Bootstrap tree #59, logLikelihood: -4529.412117
[00:00:13] [worker #0] Bootstrap tree #65, logLikelihood: -4365.310460
[00:00:14] [worker #3] Bootstrap tree #60, logLikelihood: -4365.178143
[00:00:14] [worker #1] Bootstrap tree #66, logLikelihood: -4601.557328
[00:00:14] [worker #2] Bootstrap tree #63, logLikelihood: -4570.624105
[00:00:14] [worker #0] Bootstrap tree #69, logLikelihood: -4341.501912
[00:00:15] [worker #1] Bootstrap tree #70, logLikelihood: -4504.298802
[00:00:15] [worker #2] Bootstrap tree #67, logLikelihood: -4496.768297
[00:00:15] [worker #3] Bootstrap tree #64, logLikelihood: -4593.086800
[00:00:15] [worker #0] Bootstrap tree #73, logLikelihood: -4369.968271
[00:00:16] [worker #1] Bootstrap tree #74, logLikelihood: -4527.225636
[00:00:16] [worker #2] Bootstrap tree #71, logLikelihood: -4255.462285
[00:00:16] [worker #3] Bootstrap tree #68, logLikelihood: -4487.869385
[00:00:16] [worker #0] Bootstrap tree #77, logLikelihood: -4544.823613
[00:00:16] [worker #2] Bootstrap tree #75, logLikelihood: -4531.465242
[00:00:17] [worker #3] Bootstrap tree #72, logLikelihood: -4439.227272
[00:00:17] [worker #0] Bootstrap tree #81, logLikelihood: -4145.186549
[00:00:17] [worker #2] Bootstrap tree #79, logLikelihood: -4288.499969
[00:00:17] [worker #1] Bootstrap tree #78, logLikelihood: -4612.270591
[00:00:18] [worker #3] Bootstrap tree #76, logLikelihood: -4504.399914
[00:00:18] [worker #0] Bootstrap tree #85, logLikelihood: -4520.375058
[00:00:18] [worker #1] Bootstrap tree #82, logLikelihood: -4503.210687
[00:00:18] [worker #2] Bootstrap tree #83, logLikelihood: -4451.561982
[00:00:18] [worker #3] Bootstrap tree #80, logLikelihood: -4297.774760
[00:00:19] [worker #0] Bootstrap tree #89, logLikelihood: -4712.872202
[00:00:19] [worker #1] Bootstrap tree #86, logLikelihood: -4309.379053
[00:00:19] [worker #2] Bootstrap tree #87, logLikelihood: -4407.365909
[00:00:19] [worker #3] Bootstrap tree #84, logLikelihood: -4442.173619
[00:00:20] [worker #2] Bootstrap tree #91, logLikelihood: -4462.822883
[00:00:20] [worker #0] Bootstrap tree #93, logLikelihood: -4508.120972
[00:00:20] [worker #3] Bootstrap tree #88, logLikelihood: -4385.340221
[00:00:20] [worker #1] Bootstrap tree #90, logLikelihood: -4652.073637
[00:00:21] [worker #2] Bootstrap tree #95, logLikelihood: -4384.292331
[00:00:21] [worker #0] Bootstrap tree #97, logLikelihood: -4471.887788
[00:00:21] [worker #3] Bootstrap tree #92, logLikelihood: -4410.542143
[00:00:21] [worker #1] Bootstrap tree #94, logLikelihood: -4488.895651
[00:00:21] [worker #2] Bootstrap tree #99, logLikelihood: -4490.329108
[00:00:22] [worker #3] Bootstrap tree #96, logLikelihood: -4433.980292
[00:00:22] [worker #1] Bootstrap tree #98, logLikelihood: -4592.751023
[00:00:23] [worker #3] Bootstrap tree #100, logLikelihood: -4434.997597
[00:00:24] [worker #3] Bootstrap tree #104, logLikelihood: -4286.763459
[00:00:24] [worker #1] Bootstrap tree #102, logLikelihood: -4720.297117
[00:00:24] [worker #0] Bootstrap tree #101, logLikelihood: -4611.807628
[00:00:24] [worker #2] Bootstrap tree #103, logLikelihood: -4574.866834
[00:00:24] [worker #1] Bootstrap tree #106, logLikelihood: -4262.919806
[00:00:25] [worker #3] Bootstrap tree #108, logLikelihood: -4390.057080
[00:00:25] [worker #0] Bootstrap tree #105, logLikelihood: -4411.003582
[00:00:25] [worker #2] Bootstrap tree #107, logLikelihood: -4446.618512
[00:00:25] [worker #1] Bootstrap tree #110, logLikelihood: -4391.614378
[00:00:25] [worker #2] Bootstrap tree #111, logLikelihood: -4386.313788
[00:00:25] [worker #0] Bootstrap tree #109, logLikelihood: -4296.848530
[00:00:26] [worker #3] Bootstrap tree #112, logLikelihood: -4770.861618
[00:00:26] [worker #1] Bootstrap tree #114, logLikelihood: -4484.533794
[00:00:26] [worker #2] Bootstrap tree #115, logLikelihood: -4387.008909
[00:00:26] [worker #0] Bootstrap tree #113, logLikelihood: -4649.085649
[00:00:27] [worker #3] Bootstrap tree #116, logLikelihood: -4287.418165
[00:00:27] [worker #1] Bootstrap tree #118, logLikelihood: -4428.100896
[00:00:27] [worker #2] Bootstrap tree #119, logLikelihood: -4344.190392
[00:00:27] [worker #0] Bootstrap tree #117, logLikelihood: -4519.440203
[00:00:28] [worker #3] Bootstrap tree #120, logLikelihood: -4510.657689
[00:00:28] [worker #1] Bootstrap tree #122, logLikelihood: -4570.189206
[00:00:28] [worker #2] Bootstrap tree #123, logLikelihood: -4391.832110
[00:00:28] [worker #0] Bootstrap tree #121, logLikelihood: -4373.892129
[00:00:28] [worker #3] Bootstrap tree #124, logLikelihood: -4531.387821
[00:00:28] [worker #1] Bootstrap tree #126, logLikelihood: -4250.911479
[00:00:29] [worker #2] Bootstrap tree #127, logLikelihood: -4350.865929
[00:00:29] [worker #0] Bootstrap tree #125, logLikelihood: -4570.234870
[00:00:29] [worker #3] Bootstrap tree #128, logLikelihood: -4589.177647
[00:00:29] [worker #1] Bootstrap tree #130, logLikelihood: -4455.683607
[00:00:29] [worker #2] Bootstrap tree #131, logLikelihood: -4273.155639
[00:00:30] [worker #0] Bootstrap tree #129, logLikelihood: -4631.364017
[00:00:30] [worker #3] Bootstrap tree #132, logLikelihood: -4615.555836
[00:00:30] [worker #1] Bootstrap tree #134, logLikelihood: -4426.971669
[00:00:30] [worker #2] Bootstrap tree #135, logLikelihood: -4613.420681
[00:00:31] [worker #0] Bootstrap tree #133, logLikelihood: -4626.461457
[00:00:31] [worker #3] Bootstrap tree #136, logLikelihood: -4636.598087
[00:00:31] [worker #1] Bootstrap tree #138, logLikelihood: -4501.995359
[00:00:31] [worker #2] Bootstrap tree #139, logLikelihood: -4548.768711
[00:00:31] [worker #0] Bootstrap tree #137, logLikelihood: -4678.381062
[00:00:32] [worker #3] Bootstrap tree #140, logLikelihood: -4429.949388
[00:00:32] [worker #1] Bootstrap tree #142, logLikelihood: -4381.013366
[00:00:32] [worker #2] Bootstrap tree #143, logLikelihood: -4469.636305
[00:00:32] [worker #0] Bootstrap tree #141, logLikelihood: -4475.132609
[00:00:32] [worker #3] Bootstrap tree #144, logLikelihood: -4467.787158
[00:00:33] [worker #2] Bootstrap tree #147, logLikelihood: -4345.639201
[00:00:33] [worker #1] Bootstrap tree #146, logLikelihood: -4603.198886
[00:00:33] [worker #0] Bootstrap tree #145, logLikelihood: -4507.377355
[00:00:34] [worker #3] Bootstrap tree #148, logLikelihood: -4567.257043
[00:00:34] [worker #0] Bootstrap tree #149, logLikelihood: -4436.798498
[00:00:34] [worker #1] Bootstrap tree #150, logLikelihood: -4489.213919
[00:00:35] [worker #1] Bootstrap tree #154, logLikelihood: -4240.078113
[00:00:35] [worker #0] Bootstrap tree #153, logLikelihood: -4470.341420
[00:00:35] [worker #2] Bootstrap tree #151, logLikelihood: -4482.848586
[00:00:35] [worker #3] Bootstrap tree #152, logLikelihood: -4469.554894
[00:00:36] [worker #0] Bootstrap tree #157, logLikelihood: -4518.962491
[00:00:36] [worker #3] Bootstrap tree #156, logLikelihood: -4441.546185
[00:00:36] [worker #1] Bootstrap tree #158, logLikelihood: -4478.384964
[00:00:36] [worker #2] Bootstrap tree #155, logLikelihood: -4287.858250
[00:00:37] [worker #2] Bootstrap tree #159, logLikelihood: -4233.759453
[00:00:37] [worker #0] Bootstrap tree #161, logLikelihood: -4302.613295
[00:00:37] [worker #1] Bootstrap tree #162, logLikelihood: -4496.107555
[00:00:38] [worker #3] Bootstrap tree #160, logLikelihood: -4347.308830
[00:00:38] [worker #0] Bootstrap tree #165, logLikelihood: -4566.031594
[00:00:38] [worker #1] Bootstrap tree #166, logLikelihood: -4467.319060
[00:00:38] [worker #2] Bootstrap tree #163, logLikelihood: -4387.283000
[00:00:39] [worker #3] Bootstrap tree #164, logLikelihood: -4491.819805
[00:00:39] [worker #0] Bootstrap tree #169, logLikelihood: -4408.993527
[00:00:39] [worker #1] Bootstrap tree #170, logLikelihood: -4460.385872
[00:00:39] [worker #2] Bootstrap tree #167, logLikelihood: -4448.003973
[00:00:40] [worker #3] Bootstrap tree #168, logLikelihood: -4480.819608
[00:00:40] [worker #1] Bootstrap tree #174, logLikelihood: -4592.919887
[00:00:40] [worker #2] Bootstrap tree #171, logLikelihood: -4367.206539
[00:00:40] [worker #0] Bootstrap tree #173, logLikelihood: -4754.776414
[00:00:41] [worker #1] Bootstrap tree #178, logLikelihood: -4329.623258
[00:00:41] [worker #2] Bootstrap tree #175, logLikelihood: -4493.878768
[00:00:41] [worker #3] Bootstrap tree #172, logLikelihood: -4553.295243
[00:00:42] [worker #0] Bootstrap tree #177, logLikelihood: -4604.026880
[00:00:42] [worker #1] Bootstrap tree #182, logLikelihood: -4522.806949
[00:00:43] [worker #2] Bootstrap tree #179, logLikelihood: -4624.059997
[00:00:43] [worker #3] Bootstrap tree #176, logLikelihood: -4483.641913
[00:00:43] [worker #0] Bootstrap tree #181, logLikelihood: -4375.584896
[00:00:43] [worker #1] Bootstrap tree #186, logLikelihood: -4620.079780
[00:00:44] [worker #2] Bootstrap tree #183, logLikelihood: -4410.276812
[00:00:44] [worker #0] Bootstrap tree #185, logLikelihood: -4294.523933
[00:00:44] [worker #3] Bootstrap tree #180, logLikelihood: -4188.137720
[00:00:44] [worker #2] Bootstrap tree #187, logLikelihood: -4329.408416
[00:00:44] [worker #1] Bootstrap tree #190, logLikelihood: -4347.309123
[00:00:45] [worker #0] Bootstrap tree #189, logLikelihood: -4528.918640
[00:00:45] [worker #3] Bootstrap tree #184, logLikelihood: -4472.670026
[00:00:45] [worker #1] Bootstrap tree #194, logLikelihood: -4417.524341
[00:00:45] [worker #2] Bootstrap tree #191, logLikelihood: -4442.028512
[00:00:46] [worker #0] Bootstrap tree #193, logLikelihood: -4474.581883
[00:00:46] [worker #3] Bootstrap tree #188, logLikelihood: -4737.139925
[00:00:46] [worker #2] Bootstrap tree #195, logLikelihood: -4561.616631
[00:00:46] [worker #1] Bootstrap tree #198, logLikelihood: -4431.051574
[00:00:47] [worker #3] Bootstrap tree #192, logLikelihood: -4450.924148
[00:00:47] [worker #0] Bootstrap tree #197, logLikelihood: -4651.664148
[00:00:47] [worker #2] Bootstrap tree #199, logLikelihood: -4400.323699
[00:00:48] [worker #3] Bootstrap tree #196, logLikelihood: -4475.364535
[00:00:49] [worker #3] Bootstrap tree #200, logLikelihood: -4064.879560
[00:00:50] [worker #1] Bootstrap tree #202, logLikelihood: -4593.002038
[00:00:50] [worker #2] Bootstrap tree #203, logLikelihood: -4581.319086
[00:00:50] [worker #0] Bootstrap tree #201, logLikelihood: -4556.594791
[00:00:51] [worker #3] Bootstrap tree #204, logLikelihood: -4579.208199
[00:00:51] [worker #1] Bootstrap tree #206, logLikelihood: -4573.450819
[00:00:52] [worker #2] Bootstrap tree #207, logLikelihood: -4320.222206
[00:00:52] [worker #0] Bootstrap tree #205, logLikelihood: -4652.367452
[00:00:52] [worker #3] Bootstrap tree #208, logLikelihood: -4436.023114
[00:00:52] [worker #1] Bootstrap tree #210, logLikelihood: -4263.606688
[00:00:53] [worker #0] Bootstrap tree #209, logLikelihood: -4609.349686
[00:00:53] [worker #2] Bootstrap tree #211, logLikelihood: -4593.382958
[00:00:53] [worker #3] Bootstrap tree #212, logLikelihood: -4318.405493
[00:00:53] [worker #1] Bootstrap tree #214, logLikelihood: -4657.380730
[00:00:54] [worker #2] Bootstrap tree #215, logLikelihood: -4387.583097
[00:00:54] [worker #0] Bootstrap tree #213, logLikelihood: -4642.638402
[00:00:54] [worker #3] Bootstrap tree #216, logLikelihood: -4518.426074
[00:00:54] [worker #1] Bootstrap tree #218, logLikelihood: -4647.206643
[00:00:55] [worker #2] Bootstrap tree #219, logLikelihood: -4368.541602
[00:00:55] [worker #3] Bootstrap tree #220, logLikelihood: -4418.269933
[00:00:55] [worker #0] Bootstrap tree #217, logLikelihood: -4275.011321
[00:00:55] [worker #1] Bootstrap tree #222, logLikelihood: -4450.941196
[00:00:56] [worker #3] Bootstrap tree #224, logLikelihood: -4491.962422
[00:00:56] [worker #2] Bootstrap tree #223, logLikelihood: -4554.932039
[00:00:56] [worker #0] Bootstrap tree #221, logLikelihood: -4173.638825
[00:00:56] [worker #1] Bootstrap tree #226, logLikelihood: -4456.983365
[00:00:56] [worker #2] Bootstrap tree #227, logLikelihood: -4309.884056
[00:00:56] [worker #3] Bootstrap tree #228, logLikelihood: -4600.259168
[00:00:57] [worker #0] Bootstrap tree #225, logLikelihood: -4399.554059
[00:00:57] [worker #2] Bootstrap tree #231, logLikelihood: -4470.182087
[00:00:57] [worker #1] Bootstrap tree #230, logLikelihood: -4496.748334
[00:00:57] [worker #3] Bootstrap tree #232, logLikelihood: -4400.723102
[00:00:58] [worker #0] Bootstrap tree #229, logLikelihood: -4390.598447
[00:00:58] [worker #2] Bootstrap tree #235, logLikelihood: -4441.659382
[00:00:58] [worker #3] Bootstrap tree #236, logLikelihood: -4524.227684
[00:00:58] [worker #1] Bootstrap tree #234, logLikelihood: -4585.032757
[00:00:59] [worker #0] Bootstrap tree #233, logLikelihood: -4377.467427
[00:00:59] [worker #2] Bootstrap tree #239, logLikelihood: -4381.154300
[00:00:59] [worker #3] Bootstrap tree #240, logLikelihood: -4364.745545
[00:00:59] [worker #1] Bootstrap tree #238, logLikelihood: -4445.707075
[00:01:00] [worker #0] Bootstrap tree #237, logLikelihood: -4543.991993
[00:01:00] [worker #2] Bootstrap tree #243, logLikelihood: -4623.592308
[00:01:00] [worker #3] Bootstrap tree #244, logLikelihood: -4446.042379
[00:01:00] [worker #1] Bootstrap tree #242, logLikelihood: -4468.776466
[00:01:00] [worker #0] Bootstrap tree #241, logLikelihood: -4596.560959
[00:01:00] [worker #2] Bootstrap tree #247, logLikelihood: -4391.345912
[00:01:01] [worker #3] Bootstrap tree #248, logLikelihood: -4469.507081
[00:01:01] [worker #1] Bootstrap tree #246, logLikelihood: -4460.614650
[00:01:02] [worker #0] Bootstrap tree #245, logLikelihood: -4515.550290
[00:01:02] [worker #1] Bootstrap tree #250, logLikelihood: -4458.794920
[00:01:02] [worker #0] Bootstrap tree #249, logLikelihood: -4352.220688
[00:01:04] [worker #0] Bootstrap tree #253, logLikelihood: -4431.468242
[00:01:04] [worker #3] Bootstrap tree #252, logLikelihood: -4437.757175
[00:01:04] [worker #1] Bootstrap tree #254, logLikelihood: -4417.435856
[00:01:04] [worker #2] Bootstrap tree #251, logLikelihood: -4499.446689
[00:01:04] [worker #0] Bootstrap tree #257, logLikelihood: -4639.597529
[00:01:05] [worker #1] Bootstrap tree #258, logLikelihood: -4532.827185
[00:01:05] [worker #3] Bootstrap tree #256, logLikelihood: -4433.819573
[00:01:05] [worker #2] Bootstrap tree #255, logLikelihood: -4628.174155
[00:01:05] [worker #0] Bootstrap tree #261, logLikelihood: -4528.733066
[00:01:05] [worker #3] Bootstrap tree #260, logLikelihood: -4362.050018
[00:01:05] [worker #2] Bootstrap tree #259, logLikelihood: -4401.308330
[00:01:05] [worker #1] Bootstrap tree #262, logLikelihood: -4579.982605
[00:01:06] [worker #0] Bootstrap tree #265, logLikelihood: -4623.933786
[00:01:06] [worker #1] Bootstrap tree #266, logLikelihood: -4682.889988
[00:01:06] [worker #3] Bootstrap tree #264, logLikelihood: -4506.801720
[00:01:06] [worker #2] Bootstrap tree #263, logLikelihood: -4554.122481
[00:01:07] [worker #1] Bootstrap tree #270, logLikelihood: -4448.690298
[00:01:07] [worker #0] Bootstrap tree #269, logLikelihood: -4763.564906
[00:01:07] [worker #3] Bootstrap tree #268, logLikelihood: -4359.097681
[00:01:07] [worker #2] Bootstrap tree #267, logLikelihood: -4526.931186
[00:01:08] [worker #0] Bootstrap tree #273, logLikelihood: -4553.429287
[00:01:08] [worker #3] Bootstrap tree #272, logLikelihood: -4360.404134
[00:01:08] [worker #1] Bootstrap tree #274, logLikelihood: -4602.855694
[00:01:09] [worker #2] Bootstrap tree #271, logLikelihood: -4296.315983
[00:01:09] [worker #3] Bootstrap tree #276, logLikelihood: -4712.112958
[00:01:09] [worker #0] Bootstrap tree #277, logLikelihood: -4302.982980
[00:01:09] [worker #1] Bootstrap tree #278, logLikelihood: -4468.633216
[00:01:10] [worker #2] Bootstrap tree #275, logLikelihood: -4550.151295
[00:01:10] [worker #1] Bootstrap tree #282, logLikelihood: -4330.801672
[00:01:10] [worker #3] Bootstrap tree #280, logLikelihood: -4555.071469
[00:01:10] [worker #0] Bootstrap tree #281, logLikelihood: -4712.326973
[00:01:11] [worker #1] Bootstrap tree #286, logLikelihood: -4338.743458
[00:01:11] [worker #3] Bootstrap tree #284, logLikelihood: -4477.230598
[00:01:11] [worker #2] Bootstrap tree #279, logLikelihood: -4385.493149
[00:01:11] [worker #0] Bootstrap tree #285, logLikelihood: -4405.394827
[00:01:11] [worker #1] Bootstrap tree #290, logLikelihood: -4248.594738
[00:01:11] [worker #3] Bootstrap tree #288, logLikelihood: -4247.975713
[00:01:12] [worker #2] Bootstrap tree #283, logLikelihood: -4556.097820
[00:01:12] [worker #0] Bootstrap tree #289, logLikelihood: -4516.623750
[00:01:12] [worker #1] Bootstrap tree #294, logLikelihood: -4468.029215
[00:01:12] [worker #3] Bootstrap tree #292, logLikelihood: -4452.280103
[00:01:13] [worker #2] Bootstrap tree #287, logLikelihood: -4477.995741
[00:01:13] [worker #0] Bootstrap tree #293, logLikelihood: -4424.737386
[00:01:13] [worker #1] Bootstrap tree #298, logLikelihood: -4502.040587
[00:01:13] [worker #3] Bootstrap tree #296, logLikelihood: -4225.635013
[00:01:14] [worker #2] Bootstrap tree #291, logLikelihood: -4457.215150
[00:01:14] [worker #0] Bootstrap tree #297, logLikelihood: -4396.040165
[00:01:14] [worker #3] Bootstrap tree #300, logLikelihood: -4490.162340
[00:01:15] [worker #2] Bootstrap tree #295, logLikelihood: -4281.583807
[00:01:16] [worker #2] Bootstrap tree #299, logLikelihood: -4361.058277
[00:01:17] [worker #1] Bootstrap tree #302, logLikelihood: -4525.220561
[00:01:17] [worker #3] Bootstrap tree #304, logLikelihood: -4217.803227
[00:01:17] [worker #2] Bootstrap tree #303, logLikelihood: -4464.422509
[00:01:17] [worker #0] Bootstrap tree #301, logLikelihood: -4492.270641
[00:01:18] [worker #1] Bootstrap tree #306, logLikelihood: -4430.034217
[00:01:18] [worker #3] Bootstrap tree #308, logLikelihood: -4154.191448
[00:01:18] [worker #2] Bootstrap tree #307, logLikelihood: -4505.710318
[00:01:19] [worker #0] Bootstrap tree #305, logLikelihood: -4555.531196
[00:01:19] [worker #1] Bootstrap tree #310, logLikelihood: -4691.640197
[00:01:19] [worker #3] Bootstrap tree #312, logLikelihood: -4392.428326
[00:01:19] [worker #2] Bootstrap tree #311, logLikelihood: -4690.963803
[00:01:20] [worker #0] Bootstrap tree #309, logLikelihood: -4445.199081
[00:01:20] [worker #3] Bootstrap tree #316, logLikelihood: -4223.118733
[00:01:20] [worker #1] Bootstrap tree #314, logLikelihood: -4484.251625
[00:01:20] [worker #2] Bootstrap tree #315, logLikelihood: -4526.377465
[00:01:21] [worker #0] Bootstrap tree #313, logLikelihood: -4532.377905
[00:01:21] [worker #1] Bootstrap tree #318, logLikelihood: -4636.452611
[00:01:21] [worker #3] Bootstrap tree #320, logLikelihood: -4528.195710
[00:01:21] [worker #2] Bootstrap tree #319, logLikelihood: -4419.182228
[00:01:22] [worker #0] Bootstrap tree #317, logLikelihood: -4635.576850
[00:01:22] [worker #1] Bootstrap tree #322, logLikelihood: -4380.607706
[00:01:22] [worker #3] Bootstrap tree #324, logLikelihood: -4188.871639
[00:01:22] [worker #2] Bootstrap tree #323, logLikelihood: -4533.508326
[00:01:23] [worker #1] Bootstrap tree #326, logLikelihood: -4383.133580
[00:01:23] [worker #3] Bootstrap tree #328, logLikelihood: -4348.780068
[00:01:23] [worker #2] Bootstrap tree #327, logLikelihood: -4316.680045
[00:01:23] [worker #0] Bootstrap tree #321, logLikelihood: -4528.827731
[00:01:24] [worker #1] Bootstrap tree #330, logLikelihood: -4543.424435
[00:01:24] [worker #2] Bootstrap tree #331, logLikelihood: -4409.446180
[00:01:24] [worker #0] Bootstrap tree #325, logLikelihood: -4446.356249
[00:01:24] [worker #3] Bootstrap tree #332, logLikelihood: -4421.192551
[00:01:24] [worker #1] Bootstrap tree #334, logLikelihood: -4395.138610
[00:01:25] [worker #0] Bootstrap tree #329, logLikelihood: -4563.193591
[00:01:25] [worker #3] Bootstrap tree #336, logLikelihood: -4359.615504
[00:01:25] [worker #2] Bootstrap tree #335, logLikelihood: -4285.470315
[00:01:25] [worker #1] Bootstrap tree #338, logLikelihood: -4744.469072
[00:01:26] [worker #3] Bootstrap tree #340, logLikelihood: -4516.286429
[00:01:26] [worker #2] Bootstrap tree #339, logLikelihood: -4235.028181
[00:01:26] [worker #0] Bootstrap tree #333, logLikelihood: -4246.496805
[00:01:26] [worker #1] Bootstrap tree #342, logLikelihood: -4343.431557
[00:01:27] [worker #3] Bootstrap tree #344, logLikelihood: -4265.891654
[00:01:27] [worker #2] Bootstrap tree #343, logLikelihood: -4774.510682
[00:01:27] [worker #0] Bootstrap tree #337, logLikelihood: -4568.853664
[00:01:27] [worker #1] Bootstrap tree #346, logLikelihood: -4556.296758
[00:01:28] [worker #2] Bootstrap tree #347, logLikelihood: -4355.144133
[00:01:28] [worker #3] Bootstrap tree #348, logLikelihood: -4616.702141
[00:01:28] [worker #1] Bootstrap tree #350, logLikelihood: -4355.831796
[00:01:28] [worker #0] Bootstrap tree #341, logLikelihood: -4549.952628
[00:01:29] [worker #0] Bootstrap tree #345, logLikelihood: -4533.313761
[00:01:30] [worker #0] Bootstrap tree #349, logLikelihood: -4194.783049
[00:01:32] [worker #1] Bootstrap tree #354, logLikelihood: -4447.696902
[00:01:32] [worker #2] Bootstrap tree #351, logLikelihood: -4251.972860
[00:01:32] [worker #0] Bootstrap tree #353, logLikelihood: -4624.058980
[00:01:32] [worker #3] Bootstrap tree #352, logLikelihood: -4489.058367
[00:01:33] [worker #1] Bootstrap tree #358, logLikelihood: -4521.858618
[00:01:33] [worker #0] Bootstrap tree #357, logLikelihood: -4469.058344
[00:01:33] [worker #2] Bootstrap tree #355, logLikelihood: -4299.813240
[00:01:33] [worker #3] Bootstrap tree #356, logLikelihood: -4261.684669
[00:01:34] [worker #1] Bootstrap tree #362, logLikelihood: -4572.677712
[00:01:34] [worker #0] Bootstrap tree #361, logLikelihood: -4526.097979
[00:01:34] [worker #2] Bootstrap tree #359, logLikelihood: -4566.653553
[00:01:34] [worker #3] Bootstrap tree #360, logLikelihood: -4638.916555
[00:01:35] [worker #2] Bootstrap tree #363, logLikelihood: -4043.219138
[00:01:35] [worker #1] Bootstrap tree #366, logLikelihood: -4398.407607
[00:01:35] [worker #0] Bootstrap tree #365, logLikelihood: -4518.966599
[00:01:36] [worker #3] Bootstrap tree #364, logLikelihood: -4376.835115
[00:01:36] [worker #2] Bootstrap tree #367, logLikelihood: -4378.616381
[00:01:36] [worker #1] Bootstrap tree #370, logLikelihood: -4503.547344
[00:01:37] [worker #3] Bootstrap tree #368, logLikelihood: -4337.097089
[00:01:37] [worker #0] Bootstrap tree #369, logLikelihood: -4426.153177
[00:01:37] [worker #2] Bootstrap tree #371, logLikelihood: -4391.859636
[00:01:37] [worker #1] Bootstrap tree #374, logLikelihood: -4509.710083
[00:01:38] [worker #0] Bootstrap tree #373, logLikelihood: -4346.284302
[00:01:38] [worker #3] Bootstrap tree #372, logLikelihood: -4303.207339
[00:01:38] [worker #2] Bootstrap tree #375, logLikelihood: -4573.122639
[00:01:38] [worker #1] Bootstrap tree #378, logLikelihood: -4373.935752
[00:01:39] [worker #2] Bootstrap tree #379, logLikelihood: -4390.982106
[00:01:39] [worker #0] Bootstrap tree #377, logLikelihood: -4488.095224
[00:01:39] [worker #1] Bootstrap tree #382, logLikelihood: -4467.274971
[00:01:39] [worker #3] Bootstrap tree #376, logLikelihood: -4580.423170
[00:01:40] [worker #2] Bootstrap tree #383, logLikelihood: -4421.965850
[00:01:40] [worker #0] Bootstrap tree #381, logLikelihood: -4301.666051
[00:01:40] [worker #1] Bootstrap tree #386, logLikelihood: -4677.421324
[00:01:40] [worker #3] Bootstrap tree #380, logLikelihood: -4494.345933
[00:01:41] [worker #2] Bootstrap tree #387, logLikelihood: -4441.877869
[00:01:41] [worker #0] Bootstrap tree #385, logLikelihood: -4358.001730
[00:01:41] [worker #1] Bootstrap tree #390, logLikelihood: -4470.620691
[00:01:41] [worker #3] Bootstrap tree #384, logLikelihood: -4707.044673
[00:01:41] [worker #2] Bootstrap tree #391, logLikelihood: -4230.924824
[00:01:42] [worker #0] Bootstrap tree #389, logLikelihood: -4361.833213
[00:01:42] [worker #1] Bootstrap tree #394, logLikelihood: -4477.275515
[00:01:42] [worker #3] Bootstrap tree #388, logLikelihood: -4205.085688
[00:01:43] [worker #2] Bootstrap tree #395, logLikelihood: -4600.489252
[00:01:43] [worker #0] Bootstrap tree #393, logLikelihood: -4461.974326
[00:01:43] [worker #1] Bootstrap tree #398, logLikelihood: -4707.923951
[00:01:43] [worker #3] Bootstrap tree #392, logLikelihood: -4631.480647
[00:01:43] [worker #2] Bootstrap tree #399, logLikelihood: -4558.845228
[00:01:44] [worker #0] Bootstrap tree #397, logLikelihood: -4369.961668
[00:01:44] [worker #3] Bootstrap tree #396, logLikelihood: -4424.052886
[00:01:45] [worker #3] Bootstrap tree #400, logLikelihood: -4315.755751
[00:01:46] [worker #3] Bootstrap tree #404, logLikelihood: -4322.030351
[00:01:47] [worker #0] Bootstrap tree #401, logLikelihood: -4374.209535
[00:01:47] [worker #2] Bootstrap tree #403, logLikelihood: -4560.827949
[00:01:47] [worker #3] Bootstrap tree #408, logLikelihood: -4477.453019
[00:01:48] [worker #0] Bootstrap tree #405, logLikelihood: -4554.625070
[00:01:48] [worker #2] Bootstrap tree #407, logLikelihood: -4380.393429
[00:01:48] [worker #1] Bootstrap tree #402, logLikelihood: -4476.808365
[00:01:48] [worker #3] Bootstrap tree #412, logLikelihood: -4383.606668
[00:01:49] [worker #0] Bootstrap tree #409, logLikelihood: -4495.298639
[00:01:49] [worker #2] Bootstrap tree #411, logLikelihood: -4613.739831
[00:01:49] [worker #1] Bootstrap tree #406, logLikelihood: -4410.850784
[00:01:49] [worker #3] Bootstrap tree #416, logLikelihood: -4347.502295
[00:01:50] [worker #2] Bootstrap tree #415, logLikelihood: -4348.880085
[00:01:50] [worker #0] Bootstrap tree #413, logLikelihood: -4416.548297
[00:01:50] [worker #1] Bootstrap tree #410, logLikelihood: -4554.578737
[00:01:50] [worker #3] Bootstrap tree #420, logLikelihood: -4494.919697
[00:01:51] [worker #2] Bootstrap tree #419, logLikelihood: -4601.198390
[00:01:51] [worker #3] Bootstrap tree #424, logLikelihood: -4524.308285
[00:01:51] [worker #1] Bootstrap tree #414, logLikelihood: -4334.589148
[00:01:51] [worker #0] Bootstrap tree #417, logLikelihood: -4528.665830
[00:01:52] [worker #3] Bootstrap tree #428, logLikelihood: -4383.513520
[00:01:52] [worker #1] Bootstrap tree #418, logLikelihood: -4637.030136
[00:01:52] [worker #0] Bootstrap tree #421, logLikelihood: -4355.047279
[00:01:52] [worker #2] Bootstrap tree #423, logLikelihood: -4285.875093
[00:01:53] [worker #2] Bootstrap tree #427, logLikelihood: -4480.935653
[00:01:53] [worker #3] Bootstrap tree #432, logLikelihood: -4629.889930
[00:01:53] [worker #0] Bootstrap tree #425, logLikelihood: -4127.545683
[00:01:53] [worker #1] Bootstrap tree #422, logLikelihood: -4460.476352
[00:01:54] [worker #3] Bootstrap tree #436, logLikelihood: -4471.676682
[00:01:54] [worker #2] Bootstrap tree #431, logLikelihood: -4251.913278
[00:01:54] [worker #1] Bootstrap tree #426, logLikelihood: -4394.111459
[00:01:54] [worker #0] Bootstrap tree #429, logLikelihood: -4537.290315
[00:01:54] [worker #3] Bootstrap tree #440, logLikelihood: -4353.164171
[00:01:55] [worker #1] Bootstrap tree #430, logLikelihood: -4378.231423
[00:01:55] [worker #2] Bootstrap tree #435, logLikelihood: -4533.706762
[00:01:55] [worker #0] Bootstrap tree #433, logLikelihood: -4855.883991
[00:01:55] [worker #3] Bootstrap tree #444, logLikelihood: -4284.365010
[00:01:55] [worker #1] Bootstrap tree #434, logLikelihood: -4402.339591
[00:01:55] [worker #2] Bootstrap tree #439, logLikelihood: -4450.609528
[00:01:56] [worker #3] Bootstrap tree #448, logLikelihood: -4382.550777
[00:01:56] [worker #0] Bootstrap tree #437, logLikelihood: -4259.880099
[00:01:56] [worker #1] Bootstrap tree #438, logLikelihood: -4466.163263
[00:01:56] [worker #2] Bootstrap tree #443, logLikelihood: -4562.414350
[00:01:57] [worker #0] Bootstrap tree #441, logLikelihood: -4740.144773
[00:01:57] [worker #1] Bootstrap tree #442, logLikelihood: -4408.223751
[00:01:57] [worker #2] Bootstrap tree #447, logLikelihood: -4535.932954
[00:01:58] [worker #0] Bootstrap tree #445, logLikelihood: -4369.334294
[00:01:58] [worker #1] Bootstrap tree #446, logLikelihood: -4491.554243
[00:01:59] [worker #0] Bootstrap tree #449, logLikelihood: -4450.532202
[00:01:59] [worker #1] Bootstrap tree #450, logLikelihood: -4254.256371
[00:02:01] [worker #2] Bootstrap tree #451, logLikelihood: -4278.793914
[00:02:01] [worker #0] Bootstrap tree #453, logLikelihood: -4439.747072
[00:02:01] [worker #1] Bootstrap tree #454, logLikelihood: -4522.419697
[00:02:02] [worker #3] Bootstrap tree #452, logLikelihood: -4682.039734
[00:02:02] [worker #2] Bootstrap tree #455, logLikelihood: -4255.457791
[00:02:02] [worker #0] Bootstrap tree #457, logLikelihood: -4356.432437
[00:02:02] [worker #1] Bootstrap tree #458, logLikelihood: -4565.768040
[00:02:03] [worker #3] Bootstrap tree #456, logLikelihood: -4495.780141
[00:02:03] [worker #2] Bootstrap tree #459, logLikelihood: -4513.373488
[00:02:03] [worker #0] Bootstrap tree #461, logLikelihood: -4346.929691
[00:02:03] [worker #1] Bootstrap tree #462, logLikelihood: -4488.496466
[00:02:04] [worker #2] Bootstrap tree #463, logLikelihood: -4433.153754
[00:02:04] [worker #3] Bootstrap tree #460, logLikelihood: -4411.151613
[00:02:04] [worker #0] Bootstrap tree #465, logLikelihood: -4719.341657
[00:02:04] [worker #1] Bootstrap tree #466, logLikelihood: -4545.463284
[00:02:05] [worker #3] Bootstrap tree #464, logLikelihood: -4343.659445
[00:02:05] [worker #2] Bootstrap tree #467, logLikelihood: -4526.518612
[00:02:05] [worker #0] Bootstrap tree #469, logLikelihood: -4357.803071
[00:02:05] [worker #1] Bootstrap tree #470, logLikelihood: -4493.298563
[00:02:05] [worker #2] Bootstrap tree #471, logLikelihood: -4641.477438
[00:02:06] [worker #3] Bootstrap tree #468, logLikelihood: -4546.902544
[00:02:06] [worker #1] Bootstrap tree #474, logLikelihood: -4389.552278
[00:02:06] [worker #0] Bootstrap tree #473, logLikelihood: -4660.144612
[00:02:06] [worker #2] Bootstrap tree #475, logLikelihood: -4626.956289
[00:02:07] [worker #1] Bootstrap tree #478, logLikelihood: -4475.951763
[00:02:07] [worker #0] Bootstrap tree #477, logLikelihood: -4465.423323
[00:02:07] [worker #3] Bootstrap tree #472, logLikelihood: -4364.325128
[00:02:07] [worker #2] Bootstrap tree #479, logLikelihood: -4584.599474
[00:02:08] [worker #3] Bootstrap tree #476, logLikelihood: -4497.447000
[00:02:08] [worker #0] Bootstrap tree #481, logLikelihood: -4602.398085
[00:02:08] [worker #1] Bootstrap tree #482, logLikelihood: -4525.134493
[00:02:08] [worker #2] Bootstrap tree #483, logLikelihood: -4563.540209
[00:02:09] [worker #3] Bootstrap tree #480, logLikelihood: -4553.402257
[00:02:09] [worker #0] Bootstrap tree #485, logLikelihood: -4411.876632
[00:02:09] [worker #1] Bootstrap tree #486, logLikelihood: -4573.245750
[00:02:09] [worker #2] Bootstrap tree #487, logLikelihood: -4183.826253
[00:02:10] [worker #1] Bootstrap tree #490, logLikelihood: -4379.750358
[00:02:10] [worker #3] Bootstrap tree #484, logLikelihood: -4392.804367
[00:02:10] [worker #2] Bootstrap tree #491, logLikelihood: -4424.343539
[00:02:10] [worker #0] Bootstrap tree #489, logLikelihood: -4583.378412
[00:02:10] [worker #2] Bootstrap tree #495, logLikelihood: -4465.089557
[00:02:10] [worker #1] Bootstrap tree #494, logLikelihood: -4411.196324
[00:02:11] [worker #0] Bootstrap tree #493, logLikelihood: -4457.867610
[00:02:11] [worker #3] Bootstrap tree #488, logLikelihood: -4588.231165
[00:02:11] [worker #2] Bootstrap tree #499, logLikelihood: -4345.690375
[00:02:11] [worker #0] Bootstrap tree #497, logLikelihood: -4473.743601
[00:02:12] [worker #1] Bootstrap tree #498, logLikelihood: -4615.432848
[00:02:12] [worker #3] Bootstrap tree #492, logLikelihood: -4641.909293
[00:02:13] [worker #3] Bootstrap tree #496, logLikelihood: -4436.947449
[00:02:14] [worker #3] Bootstrap tree #500, logLikelihood: -4628.632524
[00:02:16] [worker #3] Bootstrap tree #504, logLikelihood: -4446.956959
[00:02:16] [worker #1] Bootstrap tree #502, logLikelihood: -4212.167628
[00:02:16] [worker #0] Bootstrap tree #501, logLikelihood: -4450.730805
[00:02:16] [worker #2] Bootstrap tree #503, logLikelihood: -4586.168274
[00:02:17] [worker #3] Bootstrap tree #508, logLikelihood: -4448.797321
[00:02:17] [worker #1] Bootstrap tree #506, logLikelihood: -4604.135248
[00:02:17] [worker #2] Bootstrap tree #507, logLikelihood: -4481.036686
[00:02:17] [worker #0] Bootstrap tree #505, logLikelihood: -4291.611934
[00:02:18] [worker #3] Bootstrap tree #512, logLikelihood: -4416.159069
[00:02:18] [worker #2] Bootstrap tree #511, logLikelihood: -4393.707716
[00:02:18] [worker #0] Bootstrap tree #509, logLikelihood: -4482.697194
[00:02:18] [worker #1] Bootstrap tree #510, logLikelihood: -4594.414632
[00:02:19] [worker #2] Bootstrap tree #515, logLikelihood: -4433.185160
[00:02:19] [worker #3] Bootstrap tree #516, logLikelihood: -4550.831684
[00:02:19] [worker #2] Bootstrap tree #519, logLikelihood: -4506.117833
[00:02:19] [worker #1] Bootstrap tree #514, logLikelihood: -4514.528777
[00:02:19] [worker #0] Bootstrap tree #513, logLikelihood: -4562.474758
[00:02:20] [worker #3] Bootstrap tree #520, logLikelihood: -4544.390054
[00:02:20] [worker #2] Bootstrap tree #523, logLikelihood: -4357.645013
[00:02:20] [worker #1] Bootstrap tree #518, logLikelihood: -4566.664803
[00:02:21] [worker #0] Bootstrap tree #517, logLikelihood: -4615.046285
[00:02:21] [worker #3] Bootstrap tree #524, logLikelihood: -4703.008118
[00:02:21] [worker #1] Bootstrap tree #522, logLikelihood: -4293.343201
[00:02:21] [worker #2] Bootstrap tree #527, logLikelihood: -4652.360451
[00:02:22] [worker #0] Bootstrap tree #521, logLikelihood: -4358.504501
[00:02:22] [worker #3] Bootstrap tree #528, logLikelihood: -4465.582618
[00:02:22] [worker #2] Bootstrap tree #531, logLikelihood: -4414.115794
[00:02:22] [worker #1] Bootstrap tree #526, logLikelihood: -4676.354436
[00:02:23] [worker #3] Bootstrap tree #532, logLikelihood: -4327.967957
[00:02:23] [worker #0] Bootstrap tree #525, logLikelihood: -4258.705803
[00:02:23] [worker #1] Bootstrap tree #530, logLikelihood: -4359.960489
[00:02:24] [worker #2] Bootstrap tree #535, logLikelihood: -4369.099443
[00:02:24] [worker #3] Bootstrap tree #536, logLikelihood: -4305.666242
[00:02:24] [worker #0] Bootstrap tree #529, logLikelihood: -4338.882382
[00:02:24] [worker #1] Bootstrap tree #534, logLikelihood: -4250.825232
[00:02:24] [worker #2] Bootstrap tree #539, logLikelihood: -4316.913668
[00:02:25] [worker #3] Bootstrap tree #540, logLikelihood: -4325.738032
[00:02:25] [worker #0] Bootstrap tree #533, logLikelihood: -4496.769207
[00:02:25] [worker #1] Bootstrap tree #538, logLikelihood: -4421.193933
[00:02:25] [worker #2] Bootstrap tree #543, logLikelihood: -4526.689229
[00:02:25] [worker #3] Bootstrap tree #544, logLikelihood: -4296.939599
[00:02:25] [worker #1] Bootstrap tree #542, logLikelihood: -4380.875174
[00:02:26] [worker #0] Bootstrap tree #537, logLikelihood: -4427.658558
[00:02:26] [worker #2] Bootstrap tree #547, logLikelihood: -4490.739328
[00:02:26] [worker #1] Bootstrap tree #546, logLikelihood: -4578.350218
[00:02:26] [worker #3] Bootstrap tree #548, logLikelihood: -4354.246504
[00:02:27] [worker #0] Bootstrap tree #541, logLikelihood: -4536.019221
[00:02:27] [worker #1] Bootstrap tree #550, logLikelihood: -4511.512038
[00:02:28] [worker #0] Bootstrap tree #545, logLikelihood: -4590.517812
[00:02:29] [worker #0] Bootstrap tree #549, logLikelihood: -4523.487644
[00:02:31] [worker #1] Bootstrap tree #554, logLikelihood: -4468.540783
[00:02:31] [worker #0] Bootstrap tree #553, logLikelihood: -4497.402765
[00:02:31] [worker #2] Bootstrap tree #551, logLikelihood: -4464.700285
[00:02:32] [worker #3] Bootstrap tree #552, logLikelihood: -4538.870072
[00:02:32] [worker #1] Bootstrap tree #558, logLikelihood: -4560.569212
[00:02:32] [worker #0] Bootstrap tree #557, logLikelihood: -4632.537558
[00:02:32] [worker #2] Bootstrap tree #555, logLikelihood: -4668.405900
[00:02:33] [worker #3] Bootstrap tree #556, logLikelihood: -4660.765587
[00:02:33] [worker #1] Bootstrap tree #562, logLikelihood: -4463.761823
[00:02:33] [worker #0] Bootstrap tree #561, logLikelihood: -4499.240391
[00:02:33] [worker #2] Bootstrap tree #559, logLikelihood: -4246.328778
[00:02:33] [worker #3] Bootstrap tree #560, logLikelihood: -4308.772468
[00:02:34] [worker #2] Bootstrap tree #563, logLikelihood: -4316.595031
[00:02:34] [worker #0] Bootstrap tree #565, logLikelihood: -4664.489302
[00:02:34] [worker #3] Bootstrap tree #564, logLikelihood: -4349.532300
[00:02:35] [worker #1] Bootstrap tree #566, logLikelihood: -4480.140073
[00:02:35] [worker #2] Bootstrap tree #567, logLikelihood: -4362.946221
[00:02:35] [worker #0] Bootstrap tree #569, logLikelihood: -4471.479599
[00:02:35] [worker #3] Bootstrap tree #568, logLikelihood: -4410.285225
[00:02:35] [worker #2] Bootstrap tree #571, logLikelihood: -4306.399231
[00:02:36] [worker #1] Bootstrap tree #570, logLikelihood: -4492.735524
[00:02:36] [worker #0] Bootstrap tree #573, logLikelihood: -4297.573540
[00:02:36] [worker #3] Bootstrap tree #572, logLikelihood: -4653.792535
[00:02:36] [worker #2] Bootstrap tree #575, logLikelihood: -4373.885536
[00:02:37] [worker #1] Bootstrap tree #574, logLikelihood: -4556.508165
[00:02:37] [worker #0] Bootstrap tree #577, logLikelihood: -4772.506144
[00:02:37] [worker #3] Bootstrap tree #576, logLikelihood: -4681.417434
[00:02:37] [worker #2] Bootstrap tree #579, logLikelihood: -4406.206184
[00:02:38] [worker #1] Bootstrap tree #578, logLikelihood: -4470.770182
[00:02:38] [worker #0] Bootstrap tree #581, logLikelihood: -4510.378995
[00:02:38] [worker #3] Bootstrap tree #580, logLikelihood: -4225.692030
[00:02:39] [worker #0] Bootstrap tree #585, logLikelihood: -4365.545279
[00:02:39] [worker #2] Bootstrap tree #583, logLikelihood: -4561.218787
[00:02:39] [worker #1] Bootstrap tree #582, logLikelihood: -4532.613747
[00:02:39] [worker #3] Bootstrap tree #584, logLikelihood: -4601.286313
[00:02:39] [worker #2] Bootstrap tree #587, logLikelihood: -4420.605239
[00:02:39] [worker #1] Bootstrap tree #586, logLikelihood: -4429.885502
[00:02:40] [worker #3] Bootstrap tree #588, logLikelihood: -4401.801059
[00:02:40] [worker #0] Bootstrap tree #589, logLikelihood: -4425.045246
[00:02:40] [worker #1] Bootstrap tree #590, logLikelihood: -4405.738649
[00:02:41] [worker #2] Bootstrap tree #591, logLikelihood: -4513.075048
[00:02:41] [worker #0] Bootstrap tree #593, logLikelihood: -4314.539130
[00:02:41] [worker #3] Bootstrap tree #592, logLikelihood: -4499.112344
[00:02:41] [worker #2] Bootstrap tree #595, logLikelihood: -4558.862403
[00:02:41] [worker #1] Bootstrap tree #594, logLikelihood: -4508.765613
[00:02:42] [worker #3] Bootstrap tree #596, logLikelihood: -4248.646046
[00:02:42] [worker #0] Bootstrap tree #597, logLikelihood: -4744.046798
[00:02:42] [worker #2] Bootstrap tree #599, logLikelihood: -4436.293530
[00:02:42] [worker #1] Bootstrap tree #598, logLikelihood: -4475.696913
[00:02:42] [worker #3] Bootstrap tree #600, logLikelihood: -4309.335854
[00:02:44] [worker #3] Bootstrap tree #604, logLikelihood: -4314.427230
[00:02:44] [worker #0] Bootstrap tree #601, logLikelihood: -4375.717665
[00:02:44] [worker #1] Bootstrap tree #602, logLikelihood: -4355.417349
[00:02:45] [worker #2] Bootstrap tree #603, logLikelihood: -4440.751361
[00:02:45] [worker #3] Bootstrap tree #608, logLikelihood: -4277.010586
[00:02:45] [worker #1] Bootstrap tree #606, logLikelihood: -4276.368579
[00:02:46] [worker #0] Bootstrap tree #605, logLikelihood: -4341.676989
[00:02:46] [worker #2] Bootstrap tree #607, logLikelihood: -4478.400347
[00:02:46] [worker #1] Bootstrap tree #610, logLikelihood: -4377.431633
[00:02:46] [worker #2] Bootstrap tree #611, logLikelihood: -4544.564887
[00:02:46] [worker #3] Bootstrap tree #612, logLikelihood: -4745.527118
[00:02:47] [worker #0] Bootstrap tree #609, logLikelihood: -4225.178513
[00:02:47] [worker #2] Bootstrap tree #615, logLikelihood: -4275.504522
[00:02:47] [worker #3] Bootstrap tree #616, logLikelihood: -4455.829097
[00:02:47] [worker #1] Bootstrap tree #614, logLikelihood: -4230.205739
[00:02:48] [worker #0] Bootstrap tree #613, logLikelihood: -4306.348802
[00:02:48] [worker #2] Bootstrap tree #619, logLikelihood: -4870.355506
[00:02:48] [worker #3] Bootstrap tree #620, logLikelihood: -4487.306913
[00:02:48] [worker #1] Bootstrap tree #618, logLikelihood: -4463.902052
[00:02:49] [worker #1] Bootstrap tree #622, logLikelihood: -4327.764015
[00:02:49] [worker #2] Bootstrap tree #623, logLikelihood: -4612.531393
[00:02:49] [worker #0] Bootstrap tree #617, logLikelihood: -4448.934049
[00:02:49] [worker #3] Bootstrap tree #624, logLikelihood: -4278.486103
[00:02:50] [worker #1] Bootstrap tree #626, logLikelihood: -4538.592389
[00:02:50] [worker #2] Bootstrap tree #627, logLikelihood: -4484.275423
[00:02:50] [worker #0] Bootstrap tree #621, logLikelihood: -4157.810684
[00:02:50] [worker #3] Bootstrap tree #628, logLikelihood: -4505.864003
[00:02:51] [worker #1] Bootstrap tree #630, logLikelihood: -4560.059026
[00:02:51] [worker #2] Bootstrap tree #631, logLikelihood: -4448.303610
[00:02:51] [worker #3] Bootstrap tree #632, logLikelihood: -4359.926510
[00:02:51] [worker #0] Bootstrap tree #625, logLikelihood: -4538.044268
[00:02:52] [worker #1] Bootstrap tree #634, logLikelihood: -4435.571884
[00:02:52] [worker #2] Bootstrap tree #635, logLikelihood: -4520.832419
[00:02:52] [worker #3] Bootstrap tree #636, logLikelihood: -4431.760338
[00:02:53] [worker #0] Bootstrap tree #629, logLikelihood: -4545.457930
[00:02:53] [worker #2] Bootstrap tree #639, logLikelihood: -4636.798008
[00:02:53] [worker #1] Bootstrap tree #638, logLikelihood: -4512.405708
[00:02:53] [worker #3] Bootstrap tree #640, logLikelihood: -4634.282253
[00:02:54] [worker #0] Bootstrap tree #633, logLikelihood: -4797.800991
[00:02:54] [worker #2] Bootstrap tree #643, logLikelihood: -4461.235287
[00:02:54] [worker #3] Bootstrap tree #644, logLikelihood: -4320.099609
[00:02:54] [worker #1] Bootstrap tree #642, logLikelihood: -4526.758184
[00:02:55] [worker #0] Bootstrap tree #637, logLikelihood: -4610.901985
[00:02:55] [worker #2] Bootstrap tree #647, logLikelihood: -4366.204933
[00:02:55] [worker #3] Bootstrap tree #648, logLikelihood: -4286.580062
[00:02:55] [worker #1] Bootstrap tree #646, logLikelihood: -4431.768426
[00:02:56] [worker #0] Bootstrap tree #641, logLikelihood: -4524.273340
[00:02:57] [worker #0] Bootstrap tree #645, logLikelihood: -4545.208251
[00:02:57] [worker #1] Bootstrap tree #650, logLikelihood: -4381.936247
[00:02:57] [worker #0] Bootstrap tree #649, logLikelihood: -4352.025796
[00:02:59] [worker #3] Bootstrap tree #652, logLikelihood: -4324.910050
[00:02:59] [worker #0] Bootstrap tree #653, logLikelihood: -4526.357514
[00:02:59] [worker #2] Bootstrap tree #651, logLikelihood: -4495.158995
[00:03:00] [worker #1] Bootstrap tree #654, logLikelihood: -4401.140517
[00:03:00] [worker #3] Bootstrap tree #656, logLikelihood: -4247.571853
[00:03:00] [worker #0] Bootstrap tree #657, logLikelihood: -4283.708057
[00:03:00] [worker #2] Bootstrap tree #655, logLikelihood: -4336.594433
[00:03:01] [worker #1] Bootstrap tree #658, logLikelihood: -4785.488608
[00:03:01] [worker #3] Bootstrap tree #660, logLikelihood: -4537.517769
[00:03:01] [worker #0] Bootstrap tree #661, logLikelihood: -4352.221807
[00:03:01] [worker #2] Bootstrap tree #659, logLikelihood: -4610.953872
[00:03:02] [worker #1] Bootstrap tree #662, logLikelihood: -4403.580604
[00:03:02] [worker #3] Bootstrap tree #664, logLikelihood: -4395.405030
[00:03:02] [worker #0] Bootstrap tree #665, logLikelihood: -4409.396095
[00:03:02] [worker #2] Bootstrap tree #663, logLikelihood: -4462.995574
[00:03:02] [worker #1] Bootstrap tree #666, logLikelihood: -4503.555028
[00:03:03] [worker #3] Bootstrap tree #668, logLikelihood: -4446.876720
[00:03:03] [worker #0] Bootstrap tree #669, logLikelihood: -4407.011675
[00:03:03] [worker #2] Bootstrap tree #667, logLikelihood: -4394.078569
[00:03:04] [worker #1] Bootstrap tree #670, logLikelihood: -4382.602689
[00:03:04] [worker #3] Bootstrap tree #672, logLikelihood: -4549.484634
[00:03:04] [worker #2] Bootstrap tree #671, logLikelihood: -4396.034491
[00:03:04] [worker #0] Bootstrap tree #673, logLikelihood: -4503.248441
[00:03:05] [worker #3] Bootstrap tree #676, logLikelihood: -4396.936338
[00:03:05] [worker #1] Bootstrap tree #674, logLikelihood: -4394.072470
[00:03:05] [worker #2] Bootstrap tree #675, logLikelihood: -4343.661152
[00:03:05] [worker #0] Bootstrap tree #677, logLikelihood: -4229.032624
[00:03:06] [worker #3] Bootstrap tree #680, logLikelihood: -4684.975972
[00:03:06] [worker #2] Bootstrap tree #679, logLikelihood: -4372.554102
[00:03:06] [worker #1] Bootstrap tree #678, logLikelihood: -4421.529257
[00:03:07] [worker #0] Bootstrap tree #681, logLikelihood: -4746.790679
[00:03:07] [worker #3] Bootstrap tree #684, logLikelihood: -4478.073963
[00:03:07] [worker #2] Bootstrap tree #683, logLikelihood: -4414.882129
[00:03:07] [worker #1] Bootstrap tree #682, logLikelihood: -4379.203858
[00:03:08] [worker #0] Bootstrap tree #685, logLikelihood: -4260.798705
[00:03:08] [worker #3] Bootstrap tree #688, logLikelihood: -4606.659263
[00:03:08] [worker #2] Bootstrap tree #687, logLikelihood: -4395.167303
[00:03:08] [worker #1] Bootstrap tree #686, logLikelihood: -4390.559080
[00:03:09] [worker #3] Bootstrap tree #692, logLikelihood: -4669.469973
[00:03:09] [worker #0] Bootstrap tree #689, logLikelihood: -4518.602953
[00:03:09] [worker #2] Bootstrap tree #691, logLikelihood: -4322.755921
[00:03:10] [worker #3] Bootstrap tree #696, logLikelihood: -4329.803520
[00:03:10] [worker #1] Bootstrap tree #690, logLikelihood: -4579.966014
[00:03:10] [worker #0] Bootstrap tree #693, logLikelihood: -4442.790263
[00:03:10] [worker #2] Bootstrap tree #695, logLikelihood: -4758.279641
[00:03:10] [worker #3] Bootstrap tree #700, logLikelihood: -4202.750722
[00:03:11] [worker #1] Bootstrap tree #694, logLikelihood: -4667.665864
[00:03:11] [worker #0] Bootstrap tree #697, logLikelihood: -4386.857145
[00:03:11] [worker #2] Bootstrap tree #699, logLikelihood: -4651.760564
[00:03:12] [worker #1] Bootstrap tree #698, logLikelihood: -4435.726711
[00:03:14] [worker #2] Bootstrap tree #703, logLikelihood: -4541.500141
[00:03:14] [worker #1] Bootstrap tree #702, logLikelihood: -4735.069108
[00:03:14] [worker #0] Bootstrap tree #701, logLikelihood: -4467.575976
[00:03:14] [worker #3] Bootstrap tree #704, logLikelihood: -4394.355796
[00:03:14] [worker #1] Bootstrap tree #706, logLikelihood: -4459.687296
[00:03:14] [worker #0] Bootstrap tree #705, logLikelihood: -4487.768824
[00:03:15] [worker #3] Bootstrap tree #708, logLikelihood: -4305.971616
[00:03:15] [worker #2] Bootstrap tree #707, logLikelihood: -4411.691631
[00:03:16] [worker #1] Bootstrap tree #710, logLikelihood: -4419.083678
[00:03:16] [worker #0] Bootstrap tree #709, logLikelihood: -4758.380608
[00:03:16] [worker #3] Bootstrap tree #712, logLikelihood: -4251.241835
[00:03:16] [worker #2] Bootstrap tree #711, logLikelihood: -4204.234934
[00:03:17] [worker #1] Bootstrap tree #714, logLikelihood: -4595.232093
[00:03:17] [worker #0] Bootstrap tree #713, logLikelihood: -4467.922801
[00:03:17] [worker #3] Bootstrap tree #716, logLikelihood: -4731.776954
[00:03:17] [worker #2] Bootstrap tree #715, logLikelihood: -4371.123193
[00:03:18] [worker #1] Bootstrap tree #718, logLikelihood: -4543.915537
[00:03:18] [worker #3] Bootstrap tree #720, logLikelihood: -4471.508098
[00:03:18] [worker #0] Bootstrap tree #717, logLikelihood: -4474.298602
[00:03:18] [worker #2] Bootstrap tree #719, logLikelihood: -4569.937762
[00:03:19] [worker #1] Bootstrap tree #722, logLikelihood: -4202.108699
[00:03:19] [worker #2] Bootstrap tree #723, logLikelihood: -4583.832126
[00:03:19] [worker #3] Bootstrap tree #724, logLikelihood: -4454.888588
[00:03:19] [worker #0] Bootstrap tree #721, logLikelihood: -4491.796167
[00:03:20] [worker #1] Bootstrap tree #726, logLikelihood: -4455.995768
[00:03:20] [worker #3] Bootstrap tree #728, logLikelihood: -4459.586426
[00:03:20] [worker #0] Bootstrap tree #725, logLikelihood: -4380.875515
[00:03:20] [worker #2] Bootstrap tree #727, logLikelihood: -4420.717705
[00:03:21] [worker #1] Bootstrap tree #730, logLikelihood: -4333.260313
[00:03:21] [worker #0] Bootstrap tree #729, logLikelihood: -4567.686588
[00:03:21] [worker #1] Bootstrap tree #734, logLikelihood: -4466.693816
[00:03:22] [worker #2] Bootstrap tree #731, logLikelihood: -4562.584897
[00:03:22] [worker #0] Bootstrap tree #733, logLikelihood: -4395.372470
[00:03:22] [worker #3] Bootstrap tree #732, logLikelihood: -4491.616897
[00:03:22] [worker #2] Bootstrap tree #735, logLikelihood: -4326.193626
[00:03:22] [worker #1] Bootstrap tree #738, logLikelihood: -4383.795811
[00:03:23] [worker #0] Bootstrap tree #737, logLikelihood: -4427.153131
[00:03:23] [worker #2] Bootstrap tree #739, logLikelihood: -4550.390596
[00:03:23] [worker #3] Bootstrap tree #736, logLikelihood: -4505.214079
[00:03:24] [worker #1] Bootstrap tree #742, logLikelihood: -4299.129219
[00:03:24] [worker #2] Bootstrap tree #743, logLikelihood: -4447.083953
[00:03:24] [worker #3] Bootstrap tree #740, logLikelihood: -4327.443745
[00:03:25] [worker #0] Bootstrap tree #741, logLikelihood: -4302.411475
[00:03:25] [worker #1] Bootstrap tree #746, logLikelihood: -4311.808124
[00:03:25] [worker #3] Bootstrap tree #744, logLikelihood: -4422.813403
[00:03:25] [worker #2] Bootstrap tree #747, logLikelihood: -4460.468656
[00:03:26] [worker #0] Bootstrap tree #745, logLikelihood: -4570.697984
[00:03:27] [worker #3] Bootstrap tree #748, logLikelihood: -4455.281899
[00:03:27] [worker #1] Bootstrap tree #750, logLikelihood: -4671.499949
[00:03:27] [worker #0] Bootstrap tree #749, logLikelihood: -4603.649166
[00:03:31] [worker #1] Bootstrap tree #754, logLikelihood: -4210.023610
[00:03:31] [worker #3] Bootstrap tree #752, logLikelihood: -4462.302486
[00:03:32] [worker #2] Bootstrap tree #751, logLikelihood: -4460.931609
[00:03:32] [worker #0] Bootstrap tree #753, logLikelihood: -4653.545472
[00:03:33] [worker #3] Bootstrap tree #756, logLikelihood: -4442.146639
[00:03:33] [worker #2] Bootstrap tree #755, logLikelihood: -4442.053650
[00:03:33] [worker #0] Bootstrap tree #757, logLikelihood: -4544.410653
[00:03:33] [worker #1] Bootstrap tree #758, logLikelihood: -4483.815568
[00:03:34] [worker #3] Bootstrap tree #760, logLikelihood: -4459.092483
[00:03:34] [worker #2] Bootstrap tree #759, logLikelihood: -4496.838206
[00:03:34] [worker #2] Bootstrap tree #763, logLikelihood: -4261.956756
[00:03:34] [worker #0] Bootstrap tree #761, logLikelihood: -4382.203070
[00:03:34] [worker #3] Bootstrap tree #764, logLikelihood: -4513.776611
[00:03:35] [worker #1] Bootstrap tree #762, logLikelihood: -4500.706602
[00:03:35] [worker #0] Bootstrap tree #765, logLikelihood: -4239.889985
[00:03:35] [worker #2] Bootstrap tree #767, logLikelihood: -4525.627542
[00:03:35] [worker #3] Bootstrap tree #768, logLikelihood: -4228.406430
[00:03:36] [worker #2] Bootstrap tree #771, logLikelihood: -4098.722691
[00:03:36] [worker #3] Bootstrap tree #772, logLikelihood: -4588.531124
[00:03:37] [worker #1] Bootstrap tree #766, logLikelihood: -4377.966326
[00:03:37] [worker #0] Bootstrap tree #769, logLikelihood: -4510.041614
[00:03:37] [worker #3] Bootstrap tree #776, logLikelihood: -4487.092465
[00:03:37] [worker #1] Bootstrap tree #770, logLikelihood: -4374.889109
[00:03:38] [worker #2] Bootstrap tree #775, logLikelihood: -4743.034875
[00:03:38] [worker #3] Bootstrap tree #780, logLikelihood: -4203.461859
[00:03:38] [worker #0] Bootstrap tree #773, logLikelihood: -4355.153355
[00:03:39] [worker #1] Bootstrap tree #774, logLikelihood: -4525.205812
[00:03:39] [worker #2] Bootstrap tree #779, logLikelihood: -4371.105446
[00:03:39] [worker #0] Bootstrap tree #777, logLikelihood: -4488.087415
[00:03:39] [worker #3] Bootstrap tree #784, logLikelihood: -4503.938100
[00:03:40] [worker #2] Bootstrap tree #783, logLikelihood: -4653.108579
[00:03:41] [worker #3] Bootstrap tree #788, logLikelihood: -4275.354985
[00:03:41] [worker #0] Bootstrap tree #781, logLikelihood: -4375.867434
[00:03:41] [worker #1] Bootstrap tree #778, logLikelihood: -4588.695161
[00:03:42] [worker #2] Bootstrap tree #787, logLikelihood: -4611.391643
[00:03:43] [worker #3] Bootstrap tree #792, logLikelihood: -4401.601993
[00:03:43] [worker #0] Bootstrap tree #785, logLikelihood: -4689.478877
[00:03:43] [worker #1] Bootstrap tree #782, logLikelihood: -4535.013136
[00:03:43] [worker #2] Bootstrap tree #791, logLikelihood: -4138.028831
[00:03:44] [worker #3] Bootstrap tree #796, logLikelihood: -4622.477162
[00:03:45] [worker #2] Bootstrap tree #795, logLikelihood: -4674.342280
[00:03:45] [worker #0] Bootstrap tree #789, logLikelihood: -4548.688788
[00:03:45] [worker #1] Bootstrap tree #786, logLikelihood: -4630.884668
[00:03:47] [worker #3] Bootstrap tree #800, logLikelihood: -4650.269131
[00:03:47] [worker #2] Bootstrap tree #799, logLikelihood: -4545.754428
[00:03:47] [worker #1] Bootstrap tree #790, logLikelihood: -4382.867887
[00:03:47] [worker #0] Bootstrap tree #793, logLikelihood: -4519.851006
[00:03:48] [worker #1] Bootstrap tree #794, logLikelihood: -4540.811721
[00:03:48] [worker #0] Bootstrap tree #797, logLikelihood: -4339.211436
[00:03:48] [worker #1] Bootstrap tree #798, logLikelihood: -4690.339243
[00:03:51] [worker #2] Bootstrap tree #803, logLikelihood: -4487.311638
[00:03:51] [worker #1] Bootstrap tree #802, logLikelihood: -4450.912734
[00:03:51] [worker #0] Bootstrap tree #801, logLikelihood: -4391.090937
[00:03:51] [worker #3] Bootstrap tree #804, logLikelihood: -4347.788232
[00:03:52] [worker #1] Bootstrap tree #806, logLikelihood: -4337.458665
[00:03:52] [worker #2] Bootstrap tree #807, logLikelihood: -4248.113651
[00:03:52] [worker #3] Bootstrap tree #808, logLikelihood: -4470.479241
[00:03:52] [worker #1] Bootstrap tree #810, logLikelihood: -4333.183641
[00:03:52] [worker #0] Bootstrap tree #805, logLikelihood: -4403.250527
[00:03:53] [worker #3] Bootstrap tree #812, logLikelihood: -4544.734319
[00:03:53] [worker #0] Bootstrap tree #809, logLikelihood: -4125.279491
[00:03:53] [worker #1] Bootstrap tree #814, logLikelihood: -4576.563910
[00:03:53] [worker #2] Bootstrap tree #811, logLikelihood: -4286.597839
[00:03:53] [worker #3] Bootstrap tree #816, logLikelihood: -4514.375869
[00:03:54] [worker #1] Bootstrap tree #818, logLikelihood: -4540.073393
[00:03:54] [worker #2] Bootstrap tree #815, logLikelihood: -4445.549727
[00:03:54] [worker #0] Bootstrap tree #813, logLikelihood: -4558.141267
[00:03:55] [worker #1] Bootstrap tree #822, logLikelihood: -4531.535504
[00:03:55] [worker #2] Bootstrap tree #819, logLikelihood: -4365.099040
[00:03:55] [worker #3] Bootstrap tree #820, logLikelihood: -4862.164956
[00:03:55] [worker #0] Bootstrap tree #817, logLikelihood: -4858.252698
[00:03:55] [worker #1] Bootstrap tree #826, logLikelihood: -4298.995458
[00:03:56] [worker #2] Bootstrap tree #823, logLikelihood: -4493.485206
[00:03:56] [worker #3] Bootstrap tree #824, logLikelihood: -4544.582971
[00:03:56] [worker #0] Bootstrap tree #821, logLikelihood: -4425.306799
[00:03:56] [worker #1] Bootstrap tree #830, logLikelihood: -4606.858404
[00:03:56] [worker #2] Bootstrap tree #827, logLikelihood: -4493.272390
[00:03:56] [worker #3] Bootstrap tree #828, logLikelihood: -4370.491977
[00:03:57] [worker #0] Bootstrap tree #825, logLikelihood: -4518.826963
[00:03:57] [worker #1] Bootstrap tree #834, logLikelihood: -4462.877843
[00:03:57] [worker #2] Bootstrap tree #831, logLikelihood: -4383.501872
[00:03:57] [worker #3] Bootstrap tree #832, logLikelihood: -4347.798679
[00:03:58] [worker #1] Bootstrap tree #838, logLikelihood: -4119.204471
[00:03:58] [worker #2] Bootstrap tree #835, logLikelihood: -4462.765913
[00:03:58] [worker #3] Bootstrap tree #836, logLikelihood: -4340.339792
[00:03:59] [worker #0] Bootstrap tree #829, logLikelihood: -4445.161588
[00:03:59] [worker #1] Bootstrap tree #842, logLikelihood: -4552.944883
[00:03:59] [worker #2] Bootstrap tree #839, logLikelihood: -4497.555332
[00:03:59] [worker #3] Bootstrap tree #840, logLikelihood: -4366.443959
[00:03:59] [worker #0] Bootstrap tree #833, logLikelihood: -4580.210919
[00:03:59] [worker #1] Bootstrap tree #846, logLikelihood: -4303.708306
[00:04:00] [worker #3] Bootstrap tree #844, logLikelihood: -4414.914071
[00:04:00] [worker #2] Bootstrap tree #843, logLikelihood: -4520.282173
[00:04:00] [worker #1] Bootstrap tree #850, logLikelihood: -4679.473610
[00:04:01] [worker #2] Bootstrap tree #847, logLikelihood: -4633.802251
[00:04:01] [worker #3] Bootstrap tree #848, logLikelihood: -4447.984114
[00:04:01] [worker #0] Bootstrap tree #837, logLikelihood: -4643.719331
[00:04:02] [worker #0] Bootstrap tree #841, logLikelihood: -4441.293181
[00:04:03] [worker #0] Bootstrap tree #845, logLikelihood: -4605.245712
[00:04:04] [worker #0] Bootstrap tree #849, logLikelihood: -4326.002593
[00:04:06] [worker #1] Bootstrap tree #854, logLikelihood: -4435.399756
[00:04:06] [worker #2] Bootstrap tree #851, logLikelihood: -4065.343608
[00:04:06] [worker #0] Bootstrap tree #853, logLikelihood: -4232.763819
[00:04:06] [worker #3] Bootstrap tree #852, logLikelihood: -4488.934192
[00:04:07] [worker #1] Bootstrap tree #858, logLikelihood: -4359.136739
[00:04:07] [worker #2] Bootstrap tree #855, logLikelihood: -4570.237972
[00:04:07] [worker #0] Bootstrap tree #857, logLikelihood: -4415.052886
[00:04:07] [worker #3] Bootstrap tree #856, logLikelihood: -4525.230182
[00:04:08] [worker #1] Bootstrap tree #862, logLikelihood: -4516.527981
[00:04:08] [worker #0] Bootstrap tree #861, logLikelihood: -4401.114607
[00:04:08] [worker #3] Bootstrap tree #860, logLikelihood: -4296.961933
[00:04:09] [worker #2] Bootstrap tree #859, logLikelihood: -4417.247108
[00:04:09] [worker #1] Bootstrap tree #866, logLikelihood: -4412.194889
[00:04:09] [worker #0] Bootstrap tree #865, logLikelihood: -4318.434064
[00:04:09] [worker #3] Bootstrap tree #864, logLikelihood: -4392.322978
[00:04:09] [worker #2] Bootstrap tree #863, logLikelihood: -4249.422558
[00:04:09] [worker #1] Bootstrap tree #870, logLikelihood: -4552.653753
[00:04:10] [worker #0] Bootstrap tree #869, logLikelihood: -4386.143432
[00:04:10] [worker #3] Bootstrap tree #868, logLikelihood: -4535.549684
[00:04:10] [worker #1] Bootstrap tree #874, logLikelihood: -4326.490790
[00:04:10] [worker #2] Bootstrap tree #867, logLikelihood: -4436.249660
[00:04:10] [worker #0] Bootstrap tree #873, logLikelihood: -4526.895243
[00:04:11] [worker #3] Bootstrap tree #872, logLikelihood: -4549.946798
[00:04:11] [worker #1] Bootstrap tree #878, logLikelihood: -4453.600555
[00:04:11] [worker #0] Bootstrap tree #877, logLikelihood: -4414.920879
[00:04:11] [worker #2] Bootstrap tree #871, logLikelihood: -4462.624932
[00:04:12] [worker #3] Bootstrap tree #876, logLikelihood: -4370.969590
[00:04:12] [worker #1] Bootstrap tree #882, logLikelihood: -4304.440568
[00:04:12] [worker #0] Bootstrap tree #881, logLikelihood: -4426.360862
[00:04:12] [worker #2] Bootstrap tree #875, logLikelihood: -4313.172476
[00:04:13] [worker #1] Bootstrap tree #886, logLikelihood: -4339.781497
[00:04:13] [worker #3] Bootstrap tree #880, logLikelihood: -4752.053127
[00:04:13] [worker #2] Bootstrap tree #879, logLikelihood: -4387.309520
[00:04:13] [worker #0] Bootstrap tree #885, logLikelihood: -4583.222709
[00:04:13] [worker #1] Bootstrap tree #890, logLikelihood: -4374.751944
[00:04:14] [worker #3] Bootstrap tree #884, logLikelihood: -4488.406823
[00:04:14] [worker #0] Bootstrap tree #889, logLikelihood: -4459.125747
[00:04:14] [worker #2] Bootstrap tree #883, logLikelihood: -4701.458160
[00:04:15] [worker #3] Bootstrap tree #888, logLikelihood: -4389.045533
[00:04:15] [worker #2] Bootstrap tree #887, logLikelihood: -4515.762629
[00:04:16] [worker #1] Bootstrap tree #894, logLikelihood: -4535.727206
[00:04:16] [worker #0] Bootstrap tree #893, logLikelihood: -4432.369289
[00:04:16] [worker #3] Bootstrap tree #892, logLikelihood: -4444.896781
[00:04:17] [worker #1] Bootstrap tree #898, logLikelihood: -4610.956544
[00:04:17] [worker #2] Bootstrap tree #891, logLikelihood: -4461.863327
[00:04:17] [worker #0] Bootstrap tree #897, logLikelihood: -4562.780272
[00:04:17] [worker #3] Bootstrap tree #896, logLikelihood: -4295.045643
[00:04:17] [worker #2] Bootstrap tree #895, logLikelihood: -4452.152522
[00:04:18] [worker #3] Bootstrap tree #900, logLikelihood: -4475.270009
[00:04:18] [worker #2] Bootstrap tree #899, logLikelihood: -4541.429105
[00:04:21] [worker #0] Bootstrap tree #901, logLikelihood: -4674.224598
[00:04:21] [worker #2] Bootstrap tree #903, logLikelihood: -4700.812188
[00:04:21] [worker #3] Bootstrap tree #904, logLikelihood: -4603.577726
[00:04:22] [worker #1] Bootstrap tree #902, logLikelihood: -4335.783141
[00:04:22] [worker #2] Bootstrap tree #907, logLikelihood: -4282.371132
[00:04:22] [worker #0] Bootstrap tree #905, logLikelihood: -4710.982635
[00:04:23] [worker #1] Bootstrap tree #906, logLikelihood: -4477.022905
[00:04:23] [worker #2] Bootstrap tree #911, logLikelihood: -4315.939535
[00:04:23] [worker #3] Bootstrap tree #908, logLikelihood: -4379.567461
[00:04:24] [worker #0] Bootstrap tree #909, logLikelihood: -4556.959576
[00:04:24] [worker #1] Bootstrap tree #910, logLikelihood: -4463.991628
[00:04:24] [worker #3] Bootstrap tree #912, logLikelihood: -4664.975039
[00:04:24] [worker #2] Bootstrap tree #915, logLikelihood: -4504.341932
[00:04:24] [worker #0] Bootstrap tree #913, logLikelihood: -4195.279271
[00:04:25] [worker #3] Bootstrap tree #916, logLikelihood: -4504.353886
[00:04:25] [worker #1] Bootstrap tree #914, logLikelihood: -4498.746056
[00:04:25] [worker #2] Bootstrap tree #919, logLikelihood: -4282.699627
[00:04:26] [worker #2] Bootstrap tree #923, logLikelihood: -4379.797429
[00:04:26] [worker #1] Bootstrap tree #918, logLikelihood: -4529.209470
[00:04:26] [worker #0] Bootstrap tree #917, logLikelihood: -4572.115300
[00:04:26] [worker #3] Bootstrap tree #920, logLikelihood: -4710.408610
[00:04:27] [worker #0] Bootstrap tree #921, logLikelihood: -4428.386303
[00:04:27] [worker #1] Bootstrap tree #922, logLikelihood: -4484.289710
[00:04:27] [worker #3] Bootstrap tree #924, logLikelihood: -4625.614411
[00:04:27] [worker #2] Bootstrap tree #927, logLikelihood: -4603.636492
[00:04:28] [worker #0] Bootstrap tree #925, logLikelihood: -4280.179137
[00:04:28] [worker #1] Bootstrap tree #926, logLikelihood: -4215.539464
[00:04:28] [worker #3] Bootstrap tree #928, logLikelihood: -4591.461715
[00:04:29] [worker #2] Bootstrap tree #931, logLikelihood: -4614.291988
[00:04:29] [worker #0] Bootstrap tree #929, logLikelihood: -4266.477785
[00:04:29] [worker #3] Bootstrap tree #932, logLikelihood: -4326.268912
[00:04:29] [worker #2] Bootstrap tree #935, logLikelihood: -4373.502963
[00:04:30] [worker #1] Bootstrap tree #930, logLikelihood: -4522.775299
[00:04:30] [worker #0] Bootstrap tree #933, logLikelihood: -4456.334677
[00:04:30] [worker #3] Bootstrap tree #936, logLikelihood: -4392.392004
[00:04:30] [worker #2] Bootstrap tree #939, logLikelihood: -4610.191205
[00:04:31] [worker #0] Bootstrap tree #937, logLikelihood: -4607.840751
[00:04:31] [worker #1] Bootstrap tree #934, logLikelihood: -4355.678990
[00:04:31] [worker #3] Bootstrap tree #940, logLikelihood: -4453.626635
[00:04:31] [worker #2] Bootstrap tree #943, logLikelihood: -4574.283114
[00:04:32] [worker #1] Bootstrap tree #938, logLikelihood: -4321.597747
[00:04:32] [worker #3] Bootstrap tree #944, logLikelihood: -4464.899176
[00:04:32] [worker #2] Bootstrap tree #947, logLikelihood: -4631.506358
[00:04:32] [worker #0] Bootstrap tree #941, logLikelihood: -4666.659870
[00:04:32] [worker #1] Bootstrap tree #942, logLikelihood: -4502.136523
[00:04:33] [worker #3] Bootstrap tree #948, logLikelihood: -4686.170764
[00:04:33] [worker #0] Bootstrap tree #945, logLikelihood: -4454.600480
[00:04:33] [worker #1] Bootstrap tree #946, logLikelihood: -4371.475587
[00:04:34] [worker #0] Bootstrap tree #949, logLikelihood: -4492.075966
[00:04:34] [worker #1] Bootstrap tree #950, logLikelihood: -4445.659343
[00:04:36] [worker #1] Bootstrap tree #954, logLikelihood: -4306.075113
[00:04:36] [worker #0] Bootstrap tree #953, logLikelihood: -4351.856634
[00:04:36] [worker #3] Bootstrap tree #952, logLikelihood: -4697.290533
[00:04:37] [worker #2] Bootstrap tree #951, logLikelihood: -4644.850611
[00:04:37] [worker #1] Bootstrap tree #958, logLikelihood: -4313.003675
[00:04:37] [worker #0] Bootstrap tree #957, logLikelihood: -4518.050379
[00:04:37] [worker #3] Bootstrap tree #956, logLikelihood: -4548.643214
[00:04:38] [worker #2] Bootstrap tree #955, logLikelihood: -4425.014085
[00:04:38] [worker #3] Bootstrap tree #960, logLikelihood: -4370.343029
[00:04:38] [worker #0] Bootstrap tree #961, logLikelihood: -4675.433233
[00:04:39] [worker #1] Bootstrap tree #962, logLikelihood: -4754.218264
[00:04:39] [worker #3] Bootstrap tree #964, logLikelihood: -4356.246059
[00:04:39] [worker #0] Bootstrap tree #965, logLikelihood: -4524.184029
[00:04:40] [worker #2] Bootstrap tree #959, logLikelihood: -4361.465467
[00:04:40] [worker #3] Bootstrap tree #968, logLikelihood: -4240.507054
[00:04:40] [worker #1] Bootstrap tree #966, logLikelihood: -4496.955748
[00:04:40] [worker #0] Bootstrap tree #969, logLikelihood: -4631.000415
[00:04:40] [worker #2] Bootstrap tree #963, logLikelihood: -4434.587412
[00:04:40] [worker #3] Bootstrap tree #972, logLikelihood: -4421.845571
[00:04:41] [worker #1] Bootstrap tree #970, logLikelihood: -4458.222853
[00:04:41] [worker #0] Bootstrap tree #973, logLikelihood: -4433.537440
[00:04:41] [worker #2] Bootstrap tree #967, logLikelihood: -4424.059753
[00:04:42] [worker #1] Bootstrap tree #974, logLikelihood: -4340.548299
[00:04:42] [worker #3] Bootstrap tree #976, logLikelihood: -4601.797362
[00:04:42] [worker #2] Bootstrap tree #971, logLikelihood: -4599.515412
[00:04:42] [worker #0] Bootstrap tree #977, logLikelihood: -4572.317457
[00:04:43] [worker #3] Bootstrap tree #980, logLikelihood: -4618.034836
[00:04:43] [worker #1] Bootstrap tree #978, logLikelihood: -4643.314258
[00:04:43] [worker #2] Bootstrap tree #975, logLikelihood: -4541.892682
[00:04:43] [worker #0] Bootstrap tree #981, logLikelihood: -4555.519143
[00:04:44] [worker #1] Bootstrap tree #982, logLikelihood: -4577.641098
[00:04:44] [worker #2] Bootstrap tree #979, logLikelihood: -4328.681899
[00:04:44] [worker #3] Bootstrap tree #984, logLikelihood: -4331.642614
[00:04:44] [worker #0] Bootstrap tree #985, logLikelihood: -4672.618450
[00:04:45] [worker #1] Bootstrap tree #986, logLikelihood: -4406.731082
[00:04:45] [worker #2] Bootstrap tree #983, logLikelihood: -4288.592236
[00:04:45] [worker #3] Bootstrap tree #988, logLikelihood: -4382.125285
[00:04:46] [worker #1] Bootstrap tree #990, logLikelihood: -4383.944194
[00:04:46] [worker #3] Bootstrap tree #992, logLikelihood: -4301.597243
[00:04:46] [worker #2] Bootstrap tree #987, logLikelihood: -4668.343578
[00:04:46] [worker #0] Bootstrap tree #989, logLikelihood: -4511.260186
[00:04:47] [worker #1] Bootstrap tree #994, logLikelihood: -4445.556032
[00:04:47] [worker #3] Bootstrap tree #996, logLikelihood: -4456.367702
[00:04:47] [worker #0] Bootstrap tree #993, logLikelihood: -4691.827313
[00:04:47] [worker #2] Bootstrap tree #991, logLikelihood: -4512.397062
[00:04:47] [worker #3] Bootstrap tree #1000, logLikelihood: -4442.294024
[00:04:48] [worker #0] Bootstrap tree #997, logLikelihood: -4455.409405
[00:04:48] [worker #1] Bootstrap tree #998, logLikelihood: -4327.537012
[00:04:48] [worker #2] Bootstrap tree #995, logLikelihood: -4695.850133
[00:04:49] [worker #2] Bootstrap tree #999, logLikelihood: -4293.154288

Bootstrap trees saved to: /Users/gannonkreuser/Desktop/GannonPLPATH/raxml-ng_v1.2.2_macos/bootstraps.raxml.bootstraps

Execution log saved to: /Users/gannonkreuser/Desktop/GannonPLPATH/raxml-ng_v1.2.2_macos/bootstraps.raxml.log

Analysis started: 06-May-2025 02:46:32 / finished: 06-May-2025 02:51:23

Elapsed time: 291.790 seconds

