
RAxML-NG v. 1.2.2 released on 30.04.2024 by The Exelixis Lab.
Developed by: Alexey M. Kozlov and Alexandros Stamatakis.
Contributors: Diego Darriba, Tomas Flouri, Benoit Morel, Sarah Lutteropp, Ben Bettisworth, Julia Haag, Anastasis Togkousidis.
Latest version: https://github.com/amkozlov/raxml-ng
Questions/problems/suggestions? Please visit: https://groups.google.com/forum/#!forum/raxml

System: Apple M1, 8 cores, 16 GB RAM

RAxML-NG was called at 05-May-2025 18:12:11 as follows:

./raxml-ng --msa gannon_elephant_aligned4_single_lineNAMED.fasta --model HKY+G --prefix hky_run --threads 2 --seed 5

Analysis options:
  run mode: ML tree search
  start tree(s): random (10) + parsimony (10)
  random seed: 5
  tip-inner: OFF
  pattern compression: ON
  per-rate scalers: OFF
  site repeats: ON
  logLH epsilon: general: 10.000000, brlen-triplet: 1000.000000
  fast spr radius: AUTO
  spr subtree cutoff: 1.000000
  fast CLV updates: ON
  branch lengths: proportional (ML estimate, algorithm: NR-FAST)
  SIMD kernels: SSE3
  parallelization: coarse-grained (auto), PTHREADS (2 threads), thread pinning: OFF

[00:00:00] Reading alignment from file: gannon_elephant_aligned4_single_lineNAMED.fasta
[00:00:00] Loaded alignment with 50 taxa and 1961 sites

WARNING: Sequences Laa_Uganda1 and Laa_Uganda3 are exactly identical!
WARNING: Sequences Laa_Zimbabwe1 and Laa_Zimbabwe9 are exactly identical!
WARNING: Duplicate sequences found: 2

NOTE: Reduced alignment (with duplicates and gap-only sites/taxa removed) 
NOTE: was saved to: /Users/gannonkreuser/Desktop/GannonPLPATH/raxml-ng_v1.2.2_macos/hky_run.raxml.reduced.phy

Alignment comprises 1 partitions and 181 patterns

Partition 0: noname
Model: HKY+FO+G4m
Alignment sites / patterns: 1961 / 181
Gaps: 5.19 %
Invariant sites: 89.85 %


NOTE: Binary MSA file created: hky_run.raxml.rba

Parallelization scheme autoconfig: 2 worker(s) x 1 thread(s)

[00:00:00] Generating 10 random starting tree(s) with 50 taxa
[00:00:00] Generating 10 parsimony starting tree(s) with 50 taxa
Parallel parsimony with 2 threads
Parallel reduction/worker buffer size: 1 KB  / 0 KB

[00:00:00] Data distribution: max. partitions/sites/weight per thread: 1 / 181 / 2896
[00:00:00] Data distribution: max. searches per worker: 10

Starting ML tree search with 20 distinct starting trees

[00:00:00 -13258.948469] Initial branch length optimization
[00:00:00 -10010.311351] Model parameter optimization (eps = 10.000000)
[00:00:00 -6856.908136] AUTODETECT spr round 1 (radius: 5)
[00:00:00 -5615.949312] AUTODETECT spr round 2 (radius: 10)
[00:00:00 -4634.429306] AUTODETECT spr round 3 (radius: 15)
[00:00:00 -4633.515229] AUTODETECT spr round 4 (radius: 20)
[00:00:00 -4633.277187] AUTODETECT spr round 5 (radius: 25)
[00:00:00 -4633.249741] SPR radius for FAST iterations: 20 (autodetect)
[00:00:00 -4633.249741] Model parameter optimization (eps = 3.000000)
[00:00:00 -4620.664055] FAST spr round 1 (radius: 20)
[00:00:01 -4541.836207] FAST spr round 2 (radius: 20)
[00:00:01 -4535.634682] Model parameter optimization (eps = 1.000000)
[00:00:01 -4535.308880] SLOW spr round 1 (radius: 5)
[00:00:01 -4531.775145] SLOW spr round 2 (radius: 10)
[00:00:02 -4531.775057] SLOW spr round 3 (radius: 15)
[00:00:02 -4531.775057] SLOW spr round 4 (radius: 20)
[00:00:02] [worker #1] ML tree search #2, logLikelihood: -4530.831003
[00:00:02 -4531.775057] SLOW spr round 5 (radius: 25)
[00:00:02 -4531.775057] Model parameter optimization (eps = 0.100000)

[00:00:02] [worker #0] ML tree search #1, logLikelihood: -4531.762009

[00:00:02 -13086.035823] Initial branch length optimization
[00:00:02 -9544.535660] Model parameter optimization (eps = 10.000000)
[00:00:02 -6594.673406] AUTODETECT spr round 1 (radius: 5)
[00:00:02 -5211.439304] AUTODETECT spr round 2 (radius: 10)
[00:00:03 -4711.867694] AUTODETECT spr round 3 (radius: 15)
[00:00:03 -4710.244941] AUTODETECT spr round 4 (radius: 20)
[00:00:03 -4710.006484] AUTODETECT spr round 5 (radius: 25)
[00:00:03 -4709.924594] SPR radius for FAST iterations: 20 (autodetect)
[00:00:03 -4709.924594] Model parameter optimization (eps = 3.000000)
[00:00:03 -4698.228109] FAST spr round 1 (radius: 20)
[00:00:03 -4595.295811] FAST spr round 2 (radius: 20)
[00:00:03 -4549.499183] FAST spr round 3 (radius: 20)
[00:00:03 -4531.475193] FAST spr round 4 (radius: 20)
[00:00:03 -4531.475039] Model parameter optimization (eps = 1.000000)
[00:00:03 -4530.831340] SLOW spr round 1 (radius: 5)
[00:00:04 -4530.831009] SLOW spr round 2 (radius: 10)
[00:00:04 -4530.831006] SLOW spr round 3 (radius: 15)
[00:00:04 -4530.831006] SLOW spr round 4 (radius: 20)
[00:00:04] [worker #1] ML tree search #4, logLikelihood: -4531.762060
[00:00:05 -4530.831006] SLOW spr round 5 (radius: 25)
[00:00:05 -4530.831006] Model parameter optimization (eps = 0.100000)

[00:00:05] [worker #0] ML tree search #3, logLikelihood: -4530.830617

[00:00:05 -13405.798061] Initial branch length optimization
[00:00:05 -10157.728207] Model parameter optimization (eps = 10.000000)
[00:00:05 -6822.305640] AUTODETECT spr round 1 (radius: 5)
[00:00:05 -5332.811717] AUTODETECT spr round 2 (radius: 10)
[00:00:05 -4733.382677] AUTODETECT spr round 3 (radius: 15)
[00:00:05 -4733.016464] AUTODETECT spr round 4 (radius: 20)
[00:00:05 -4732.945117] SPR radius for FAST iterations: 15 (autodetect)
[00:00:05 -4732.945117] Model parameter optimization (eps = 3.000000)
[00:00:05 -4720.756360] FAST spr round 1 (radius: 15)
[00:00:06 -4536.810733] FAST spr round 2 (radius: 15)
[00:00:06 -4532.902971] Model parameter optimization (eps = 1.000000)
[00:00:06 -4531.985717] SLOW spr round 1 (radius: 5)
[00:00:06 -4531.984008] SLOW spr round 2 (radius: 10)
[00:00:06 -4531.984004] SLOW spr round 3 (radius: 15)
[00:00:07 -4531.984004] SLOW spr round 4 (radius: 20)
[00:00:07] [worker #1] ML tree search #6, logLikelihood: -4530.830617
[00:00:07 -4531.984004] SLOW spr round 5 (radius: 25)
[00:00:07 -4531.984004] Model parameter optimization (eps = 0.100000)

[00:00:07] [worker #0] ML tree search #5, logLikelihood: -4531.982841

[00:00:07 -13247.106122] Initial branch length optimization
[00:00:07 -9836.416679] Model parameter optimization (eps = 10.000000)
[00:00:07 -6675.624538] AUTODETECT spr round 1 (radius: 5)
[00:00:07 -5410.702471] AUTODETECT spr round 2 (radius: 10)
[00:00:07 -5077.432387] AUTODETECT spr round 3 (radius: 15)
[00:00:07 -4865.239114] AUTODETECT spr round 4 (radius: 20)
[00:00:07 -4865.078875] AUTODETECT spr round 5 (radius: 25)
[00:00:08 -4865.056316] SPR radius for FAST iterations: 20 (autodetect)
[00:00:08 -4865.056316] Model parameter optimization (eps = 3.000000)
[00:00:08 -4852.257892] FAST spr round 1 (radius: 20)
[00:00:08 -4544.423232] FAST spr round 2 (radius: 20)
[00:00:08 -4534.302914] FAST spr round 3 (radius: 20)
[00:00:08 -4533.491009] Model parameter optimization (eps = 1.000000)
[00:00:08 -4531.800370] SLOW spr round 1 (radius: 5)
[00:00:08 -4530.862774] SLOW spr round 2 (radius: 10)
[00:00:09 -4530.862774] SLOW spr round 3 (radius: 15)
[00:00:09] [worker #1] ML tree search #8, logLikelihood: -4530.830994
[00:00:09 -4530.862774] SLOW spr round 4 (radius: 20)
[00:00:09 -4530.862774] SLOW spr round 5 (radius: 25)
[00:00:09 -4530.862774] Model parameter optimization (eps = 0.100000)

[00:00:09] [worker #0] ML tree search #7, logLikelihood: -4530.830660

[00:00:09 -13575.276158] Initial branch length optimization
[00:00:09 -10544.251449] Model parameter optimization (eps = 10.000000)
[00:00:09 -6926.431074] AUTODETECT spr round 1 (radius: 5)
[00:00:09 -5463.576299] AUTODETECT spr round 2 (radius: 10)
[00:00:10 -4742.951967] AUTODETECT spr round 3 (radius: 15)
[00:00:10 -4742.297180] AUTODETECT spr round 4 (radius: 20)
[00:00:10 -4741.938952] AUTODETECT spr round 5 (radius: 25)
[00:00:10 -4741.741038] SPR radius for FAST iterations: 25 (autodetect)
[00:00:10 -4741.741038] Model parameter optimization (eps = 3.000000)
[00:00:10 -4730.188487] FAST spr round 1 (radius: 25)
[00:00:10 -4650.233840] FAST spr round 2 (radius: 25)
[00:00:10 -4532.181722] FAST spr round 3 (radius: 25)
[00:00:10 -4532.181609] Model parameter optimization (eps = 1.000000)
[00:00:10 -4531.762476] SLOW spr round 1 (radius: 5)
[00:00:11 -4531.762429] SLOW spr round 2 (radius: 10)
[00:00:11 -4531.762429] SLOW spr round 3 (radius: 15)
[00:00:11] [worker #1] ML tree search #10, logLikelihood: -4532.733234
[00:00:11 -4531.762429] SLOW spr round 4 (radius: 20)
[00:00:11 -4531.762429] SLOW spr round 5 (radius: 25)
[00:00:11 -4531.762429] Model parameter optimization (eps = 0.100000)

[00:00:11] [worker #0] ML tree search #9, logLikelihood: -4531.762009

[00:00:11 -9440.234238] Initial branch length optimization
[00:00:11 -4967.183210] Model parameter optimization (eps = 10.000000)
[00:00:11 -4553.810683] AUTODETECT spr round 1 (radius: 5)
[00:00:12 -4532.090106] AUTODETECT spr round 2 (radius: 10)
[00:00:12 -4532.087713] SPR radius for FAST iterations: 5 (autodetect)
[00:00:12 -4532.087713] Model parameter optimization (eps = 3.000000)
[00:00:12 -4532.036418] FAST spr round 1 (radius: 5)
[00:00:12 -4531.816619] Model parameter optimization (eps = 1.000000)
[00:00:12 -4531.762164] SLOW spr round 1 (radius: 5)
[00:00:12 -4531.762160] SLOW spr round 2 (radius: 10)
[00:00:12 -4531.762158] SLOW spr round 3 (radius: 15)
[00:00:13] [worker #1] ML tree search #12, logLikelihood: -4532.133679
[00:00:13 -4531.762156] SLOW spr round 4 (radius: 20)
[00:00:13 -4531.762154] SLOW spr round 5 (radius: 25)
[00:00:13 -4531.762152] Model parameter optimization (eps = 0.100000)

[00:00:13] [worker #0] ML tree search #11, logLikelihood: -4531.762137

[00:00:13 -9443.774423] Initial branch length optimization
[00:00:13 -4968.042589] Model parameter optimization (eps = 10.000000)
[00:00:13 -4547.862570] AUTODETECT spr round 1 (radius: 5)
[00:00:13 -4533.024252] AUTODETECT spr round 2 (radius: 10)
[00:00:13 -4532.355667] AUTODETECT spr round 3 (radius: 15)
[00:00:13 -4532.353189] SPR radius for FAST iterations: 10 (autodetect)
[00:00:13 -4532.353189] Model parameter optimization (eps = 3.000000)
[00:00:13 -4532.320562] FAST spr round 1 (radius: 10)
[00:00:14 -4531.604661] Model parameter optimization (eps = 1.000000)
[00:00:14 -4531.602285] SLOW spr round 1 (radius: 5)
[00:00:14 -4530.832997] SLOW spr round 2 (radius: 10)
[00:00:14 -4530.832997] SLOW spr round 3 (radius: 15)
[00:00:14] [worker #1] ML tree search #14, logLikelihood: -4532.133795
[00:00:14 -4530.832997] SLOW spr round 4 (radius: 20)
[00:00:15 -4530.832997] SLOW spr round 5 (radius: 25)
[00:00:15 -4530.832997] Model parameter optimization (eps = 0.100000)

[00:00:15] [worker #0] ML tree search #13, logLikelihood: -4530.830638

[00:00:15 -9424.036721] Initial branch length optimization
[00:00:15 -4953.917626] Model parameter optimization (eps = 10.000000)
[00:00:15 -4547.150976] AUTODETECT spr round 1 (radius: 5)
[00:00:15 -4533.499063] AUTODETECT spr round 2 (radius: 10)
[00:00:15 -4532.245160] AUTODETECT spr round 3 (radius: 15)
[00:00:15 -4532.244445] SPR radius for FAST iterations: 10 (autodetect)
[00:00:15 -4532.244445] Model parameter optimization (eps = 3.000000)
[00:00:15 -4531.984636] FAST spr round 1 (radius: 10)
[00:00:15 -4531.984356] Model parameter optimization (eps = 1.000000)
[00:00:15 -4531.984348] SLOW spr round 1 (radius: 5)
[00:00:15 -4531.983137] SLOW spr round 2 (radius: 10)
[00:00:16 -4531.983136] SLOW spr round 3 (radius: 15)
[00:00:16] [worker #1] ML tree search #16, logLikelihood: -4532.133603
[00:00:16 -4531.983135] SLOW spr round 4 (radius: 20)
[00:00:16 -4531.983134] SLOW spr round 5 (radius: 25)
[00:00:16 -4531.983133] Model parameter optimization (eps = 0.100000)

[00:00:16] [worker #0] ML tree search #15, logLikelihood: -4531.983130

[00:00:16 -9432.113649] Initial branch length optimization
[00:00:16 -4960.756201] Model parameter optimization (eps = 10.000000)
[00:00:16 -4552.092239] AUTODETECT spr round 1 (radius: 5)
[00:00:16 -4532.203582] AUTODETECT spr round 2 (radius: 10)
[00:00:16 -4532.173599] SPR radius for FAST iterations: 5 (autodetect)
[00:00:16 -4532.173599] Model parameter optimization (eps = 3.000000)
[00:00:17 -4532.134588] FAST spr round 1 (radius: 5)
[00:00:17 -4532.133567] Model parameter optimization (eps = 1.000000)
[00:00:17 -4532.133567] SLOW spr round 1 (radius: 5)
[00:00:17 -4532.133567] SLOW spr round 2 (radius: 10)
[00:00:17 -4532.133567] SLOW spr round 3 (radius: 15)
[00:00:17 -4532.133567] SLOW spr round 4 (radius: 20)
[00:00:18] [worker #1] ML tree search #18, logLikelihood: -4530.830609
[00:00:18 -4532.133567] SLOW spr round 5 (radius: 25)
[00:00:18 -4532.133567] Model parameter optimization (eps = 0.100000)

[00:00:18] [worker #0] ML tree search #17, logLikelihood: -4532.133567

[00:00:18 -9430.836142] Initial branch length optimization
[00:00:18 -4956.733266] Model parameter optimization (eps = 10.000000)
[00:00:18 -4548.142506] AUTODETECT spr round 1 (radius: 5)
[00:00:18 -4534.224541] AUTODETECT spr round 2 (radius: 10)
[00:00:18 -4533.348051] AUTODETECT spr round 3 (radius: 15)
[00:00:18 -4533.096191] AUTODETECT spr round 4 (radius: 20)
[00:00:18 -4533.094868] SPR radius for FAST iterations: 15 (autodetect)
[00:00:18 -4533.094868] Model parameter optimization (eps = 3.000000)
[00:00:18 -4532.916540] FAST spr round 1 (radius: 15)
[00:00:18 -4532.916479] Model parameter optimization (eps = 1.000000)
[00:00:18 -4532.916478] SLOW spr round 1 (radius: 5)
[00:00:19 -4532.914201] SLOW spr round 2 (radius: 10)
[00:00:19 -4532.914201] SLOW spr round 3 (radius: 15)
[00:00:19 -4532.914201] SLOW spr round 4 (radius: 20)
[00:00:19] [worker #1] ML tree search #20, logLikelihood: -4531.762320
[00:00:19 -4532.914201] SLOW spr round 5 (radius: 25)
[00:00:19 -4532.914201] Model parameter optimization (eps = 0.100000)

[00:00:19] [worker #0] ML tree search #19, logLikelihood: -4532.914201


Optimized model parameters:

   Partition 0: noname
   Rate heterogeneity: GAMMA (4 cats, mean),  alpha: 0.020128 (ML),  weights&rates: (0.250000,0.000000) (0.250000,0.000000) (0.250000,0.000001) (0.250000,3.999999) 
   Base frequencies (ML): 0.298587 0.275706 0.133325 0.292382 
   Substitution rates (ML): 1.000000 33.453621 1.000000 1.000000 33.453621 1.000000 


Final LogLikelihood: -4530.830609

AIC score: 9265.661218 / AICc score: 9276.970152 / BIC score: 9834.944620
Free parameters (model + branch lengths): 102

WARNING: Best ML tree contains 11 near-zero branches!

Best ML tree with collapsed near-zero branches saved to: /Users/gannonkreuser/Desktop/GannonPLPATH/raxml-ng_v1.2.2_macos/hky_run.raxml.bestTreeCollapsed
Best ML tree saved to: /Users/gannonkreuser/Desktop/GannonPLPATH/raxml-ng_v1.2.2_macos/hky_run.raxml.bestTree
All ML trees saved to: /Users/gannonkreuser/Desktop/GannonPLPATH/raxml-ng_v1.2.2_macos/hky_run.raxml.mlTrees
Optimized model saved to: /Users/gannonkreuser/Desktop/GannonPLPATH/raxml-ng_v1.2.2_macos/hky_run.raxml.bestModel

Execution log saved to: /Users/gannonkreuser/Desktop/GannonPLPATH/raxml-ng_v1.2.2_macos/hky_run.raxml.log

Analysis started: 05-May-2025 18:12:11 / finished: 05-May-2025 18:12:31

Elapsed time: 19.834 seconds

