
RAxML-NG v. 1.2.2 released on 30.04.2024 by The Exelixis Lab.
Developed by: Alexey M. Kozlov and Alexandros Stamatakis.
Contributors: Diego Darriba, Tomas Flouri, Benoit Morel, Sarah Lutteropp, Ben Bettisworth, Julia Haag, Anastasis Togkousidis.
Latest version: https://github.com/amkozlov/raxml-ng
Questions/problems/suggestions? Please visit: https://groups.google.com/forum/#!forum/raxml

System: Apple M1, 8 cores, 16 GB RAM

RAxML-NG was called at 05-May-2025 18:08:42 as follows:

./raxml-ng --msa gannon_elephant_aligned4_single_lineNAMED.fasta --model JC --prefix jc_run --threads 2 --seed 5

Analysis options:
  run mode: ML tree search
  start tree(s): random (10) + parsimony (10)
  random seed: 5
  tip-inner: OFF
  pattern compression: ON
  per-rate scalers: OFF
  site repeats: ON
  logLH epsilon: general: 10.000000, brlen-triplet: 1000.000000
  fast spr radius: AUTO
  spr subtree cutoff: 1.000000
  fast CLV updates: ON
  branch lengths: proportional (ML estimate, algorithm: NR-FAST)
  SIMD kernels: SSE3
  parallelization: coarse-grained (auto), PTHREADS (2 threads), thread pinning: OFF

[00:00:00] Reading alignment from file: gannon_elephant_aligned4_single_lineNAMED.fasta
[00:00:00] Loaded alignment with 50 taxa and 1961 sites

WARNING: Sequences Laa_Uganda1 and Laa_Uganda3 are exactly identical!
WARNING: Sequences Laa_Zimbabwe1 and Laa_Zimbabwe9 are exactly identical!
WARNING: Duplicate sequences found: 2

NOTE: Reduced alignment (with duplicates and gap-only sites/taxa removed) 
NOTE: was saved to: /Users/gannonkreuser/Desktop/GannonPLPATH/raxml-ng_v1.2.2_macos/jc_run.raxml.reduced.phy

Alignment comprises 1 partitions and 181 patterns

Partition 0: noname
Model: JC
Alignment sites / patterns: 1961 / 181
Gaps: 5.19 %
Invariant sites: 89.85 %


NOTE: Binary MSA file created: jc_run.raxml.rba

Parallelization scheme autoconfig: 2 worker(s) x 1 thread(s)

[00:00:00] Generating 10 random starting tree(s) with 50 taxa
[00:00:00] Generating 10 parsimony starting tree(s) with 50 taxa
Parallel parsimony with 2 threads
Parallel reduction/worker buffer size: 1 KB  / 0 KB

[00:00:00] Data distribution: max. partitions/sites/weight per thread: 1 / 181 / 724
[00:00:00] Data distribution: max. searches per worker: 10

Starting ML tree search with 20 distinct starting trees

[00:00:00 -25253.503261] Initial branch length optimization
[00:00:00 -11229.103050] Model parameter optimization (eps = 10.000000)
[00:00:00 -11227.124310] AUTODETECT spr round 1 (radius: 5)
[00:00:00 -5606.830695] AUTODETECT spr round 2 (radius: 10)
[00:00:00 -5111.728556] AUTODETECT spr round 3 (radius: 15)
[00:00:00 -5111.728472] SPR radius for FAST iterations: 10 (autodetect)
[00:00:00 -5111.728472] Model parameter optimization (eps = 3.000000)
[00:00:00 -5111.728472] FAST spr round 1 (radius: 10)
[00:00:00 -5002.349971] FAST spr round 2 (radius: 10)
[00:00:00 -4998.834587] Model parameter optimization (eps = 1.000000)
[00:00:00 -4998.834587] SLOW spr round 1 (radius: 5)
[00:00:00 -4998.827328] SLOW spr round 2 (radius: 10)
[00:00:00 -4998.827328] SLOW spr round 3 (radius: 15)
[00:00:00 -4998.827328] SLOW spr round 4 (radius: 20)
[00:00:00 -4998.827328] SLOW spr round 5 (radius: 25)
[00:00:00 -4998.827328] Model parameter optimization (eps = 0.100000)

[00:00:00] [worker #0] ML tree search #1, logLikelihood: -4998.827328

[00:00:00 -25063.366439] Initial branch length optimization
[00:00:00 -10708.579861] Model parameter optimization (eps = 10.000000)
[00:00:00 -10708.579437] AUTODETECT spr round 1 (radius: 5)
[00:00:00] [worker #1] ML tree search #2, logLikelihood: -4999.737707
[00:00:00 -5577.222003] AUTODETECT spr round 2 (radius: 10)
[00:00:00 -5132.479902] AUTODETECT spr round 3 (radius: 15)
[00:00:00 -5132.479482] SPR radius for FAST iterations: 10 (autodetect)
[00:00:00 -5132.479482] Model parameter optimization (eps = 3.000000)
[00:00:00 -5132.478405] FAST spr round 1 (radius: 10)
[00:00:01 -5007.896444] FAST spr round 2 (radius: 10)
[00:00:01 -4999.746179] Model parameter optimization (eps = 1.000000)
[00:00:01 -4999.746178] SLOW spr round 1 (radius: 5)
[00:00:01 -4999.737788] SLOW spr round 2 (radius: 10)
[00:00:01 -4999.737788] SLOW spr round 3 (radius: 15)
[00:00:01 -4999.737788] SLOW spr round 4 (radius: 20)
[00:00:01 -4999.737788] SLOW spr round 5 (radius: 25)
[00:00:01 -4999.737788] Model parameter optimization (eps = 0.100000)

[00:00:01] [worker #0] ML tree search #3, logLikelihood: -4999.737788

[00:00:01 -25517.167113] Initial branch length optimization
[00:00:01 -11370.819033] Model parameter optimization (eps = 10.000000)
[00:00:01 -11370.739961] AUTODETECT spr round 1 (radius: 5)
[00:00:01] [worker #1] ML tree search #4, logLikelihood: -4998.827248
[00:00:01 -5967.378770] AUTODETECT spr round 2 (radius: 10)
[00:00:01 -5138.143503] AUTODETECT spr round 3 (radius: 15)
[00:00:01 -5137.991936] AUTODETECT spr round 4 (radius: 20)
[00:00:01 -5137.990369] SPR radius for FAST iterations: 15 (autodetect)
[00:00:01 -5137.990369] Model parameter optimization (eps = 3.000000)
[00:00:01 -5137.990345] FAST spr round 1 (radius: 15)
[00:00:01 -5010.931102] FAST spr round 2 (radius: 15)
[00:00:01 -4998.827371] FAST spr round 3 (radius: 15)
[00:00:01 -4998.827328] Model parameter optimization (eps = 1.000000)
[00:00:01 -4998.827328] SLOW spr round 1 (radius: 5)
[00:00:02 -4998.827247] SLOW spr round 2 (radius: 10)
[00:00:02 -4998.827247] SLOW spr round 3 (radius: 15)
[00:00:02 -4998.827247] SLOW spr round 4 (radius: 20)
[00:00:02] [worker #1] ML tree search #6, logLikelihood: -4999.737708
[00:00:02 -4998.827247] SLOW spr round 5 (radius: 25)
[00:00:02 -4998.827247] Model parameter optimization (eps = 0.100000)

[00:00:02] [worker #0] ML tree search #5, logLikelihood: -4998.827247

[00:00:02 -25269.077724] Initial branch length optimization
[00:00:02 -11067.097820] Model parameter optimization (eps = 10.000000)
[00:00:02 -11066.972753] AUTODETECT spr round 1 (radius: 5)
[00:00:02 -6055.527592] AUTODETECT spr round 2 (radius: 10)
[00:00:02 -5327.832698] AUTODETECT spr round 3 (radius: 15)
[00:00:02 -5327.824578] SPR radius for FAST iterations: 10 (autodetect)
[00:00:02 -5327.824578] Model parameter optimization (eps = 3.000000)
[00:00:02 -5327.824069] FAST spr round 1 (radius: 10)
[00:00:02 -5018.084363] FAST spr round 2 (radius: 10)
[00:00:02 -4998.834586] FAST spr round 3 (radius: 10)
[00:00:02 -4998.827330] Model parameter optimization (eps = 1.000000)
[00:00:02 -4998.827330] SLOW spr round 1 (radius: 5)
[00:00:02 -4998.827249] SLOW spr round 2 (radius: 10)
[00:00:03 -4998.827249] SLOW spr round 3 (radius: 15)
[00:00:03 -4998.827249] SLOW spr round 4 (radius: 20)
[00:00:03 -4998.827249] SLOW spr round 5 (radius: 25)
[00:00:03 -4998.827249] Model parameter optimization (eps = 0.100000)

[00:00:03] [worker #0] ML tree search #7, logLikelihood: -4998.827249

[00:00:03 -25765.255459] Initial branch length optimization
[00:00:03 -11954.074850] Model parameter optimization (eps = 10.000000)
[00:00:03 -11954.074099] AUTODETECT spr round 1 (radius: 5)
[00:00:03] [worker #1] ML tree search #8, logLikelihood: -4998.827249
[00:00:03 -6047.656149] AUTODETECT spr round 2 (radius: 10)
[00:00:03 -5189.978991] AUTODETECT spr round 3 (radius: 15)
[00:00:03 -5189.977807] SPR radius for FAST iterations: 10 (autodetect)
[00:00:03 -5189.977807] Model parameter optimization (eps = 3.000000)
[00:00:03 -5189.977801] FAST spr round 1 (radius: 10)
[00:00:03 -5094.457436] FAST spr round 2 (radius: 10)
[00:00:03 -4998.827820] FAST spr round 3 (radius: 10)
[00:00:03 -4998.827820] Model parameter optimization (eps = 1.000000)
[00:00:03 -4998.827820] SLOW spr round 1 (radius: 5)
[00:00:03 -4998.827248] SLOW spr round 2 (radius: 10)
[00:00:03 -4998.827248] SLOW spr round 3 (radius: 15)
[00:00:04 -4998.827248] SLOW spr round 4 (radius: 20)
[00:00:04 -4998.827248] SLOW spr round 5 (radius: 25)
[00:00:04 -4998.827248] Model parameter optimization (eps = 0.100000)
[00:00:04] [worker #1] ML tree search #10, logLikelihood: -5003.141960

[00:00:04] [worker #0] ML tree search #9, logLikelihood: -4998.827248

[00:00:04 -21812.745016] Initial branch length optimization
[00:00:04 -5032.864649] Model parameter optimization (eps = 10.000000)
[00:00:04 -5032.839916] AUTODETECT spr round 1 (radius: 5)
[00:00:04 -5000.117543] AUTODETECT spr round 2 (radius: 10)
[00:00:04 -5000.105831] SPR radius for FAST iterations: 5 (autodetect)
[00:00:04 -5000.105831] Model parameter optimization (eps = 3.000000)
[00:00:04 -5000.105813] FAST spr round 1 (radius: 5)
[00:00:04 -4999.737708] Model parameter optimization (eps = 1.000000)
[00:00:04 -4999.737708] SLOW spr round 1 (radius: 5)
[00:00:04 -4999.737708] SLOW spr round 2 (radius: 10)
[00:00:04 -4999.737708] SLOW spr round 3 (radius: 15)
[00:00:04 -4999.737708] SLOW spr round 4 (radius: 20)
[00:00:04 -4999.737708] SLOW spr round 5 (radius: 25)
[00:00:04 -4999.737708] Model parameter optimization (eps = 0.100000)

[00:00:04] [worker #0] ML tree search #11, logLikelihood: -4999.737708

[00:00:04 -21813.036046] Initial branch length optimization
[00:00:04 -5033.417873] Model parameter optimization (eps = 10.000000)
[00:00:04 -5033.413050] AUTODETECT spr round 1 (radius: 5)
[00:00:04] [worker #1] ML tree search #12, logLikelihood: -4999.737708
[00:00:04 -5002.835114] AUTODETECT spr round 2 (radius: 10)
[00:00:05 -5002.233814] AUTODETECT spr round 3 (radius: 15)
[00:00:05 -5002.232006] SPR radius for FAST iterations: 10 (autodetect)
[00:00:05 -5002.232006] Model parameter optimization (eps = 3.000000)
[00:00:05 -5002.231998] FAST spr round 1 (radius: 10)
[00:00:05 -5002.231998] Model parameter optimization (eps = 1.000000)
[00:00:05 -5002.231998] SLOW spr round 1 (radius: 5)
[00:00:05 -5002.231501] SLOW spr round 2 (radius: 10)
[00:00:05 -5002.231501] SLOW spr round 3 (radius: 15)
[00:00:05 -5002.231501] SLOW spr round 4 (radius: 20)
[00:00:05] [worker #1] ML tree search #14, logLikelihood: -4998.827248
[00:00:05 -5002.231501] SLOW spr round 5 (radius: 25)
[00:00:05 -5002.231501] Model parameter optimization (eps = 0.100000)

[00:00:05] [worker #0] ML tree search #13, logLikelihood: -5002.231501

[00:00:05 -21797.606781] Initial branch length optimization
[00:00:05 -5016.048262] Model parameter optimization (eps = 10.000000)
[00:00:05 -5015.985269] AUTODETECT spr round 1 (radius: 5)
[00:00:05 -5002.238936] AUTODETECT spr round 2 (radius: 10)
[00:00:05 -5002.231535] SPR radius for FAST iterations: 5 (autodetect)
[00:00:05 -5002.231535] Model parameter optimization (eps = 3.000000)
[00:00:05 -5002.231505] FAST spr round 1 (radius: 5)
[00:00:05 -5002.231505] Model parameter optimization (eps = 1.000000)
[00:00:05 -5002.231505] SLOW spr round 1 (radius: 5)
[00:00:05 -5002.231503] SLOW spr round 2 (radius: 10)
[00:00:06 -5002.231503] SLOW spr round 3 (radius: 15)
[00:00:06 -5002.231503] SLOW spr round 4 (radius: 20)
[00:00:06] [worker #1] ML tree search #16, logLikelihood: -4998.827738
[00:00:06 -5002.231503] SLOW spr round 5 (radius: 25)
[00:00:06 -5002.231503] Model parameter optimization (eps = 0.100000)

[00:00:06] [worker #0] ML tree search #15, logLikelihood: -5002.231503

[00:00:06 -21802.515746] Initial branch length optimization
[00:00:06 -5020.484967] Model parameter optimization (eps = 10.000000)
[00:00:06 -5020.461667] AUTODETECT spr round 1 (radius: 5)
[00:00:06 -5000.156247] AUTODETECT spr round 2 (radius: 10)
[00:00:06 -4999.769348] AUTODETECT spr round 3 (radius: 15)
[00:00:06 -4999.769341] SPR radius for FAST iterations: 10 (autodetect)
[00:00:06 -4999.769341] Model parameter optimization (eps = 3.000000)
[00:00:06 -4999.769341] FAST spr round 1 (radius: 10)
[00:00:06 -4998.827325] Model parameter optimization (eps = 1.000000)
[00:00:06 -4998.827325] SLOW spr round 1 (radius: 5)
[00:00:06 -4998.827248] SLOW spr round 2 (radius: 10)
[00:00:06 -4998.827248] SLOW spr round 3 (radius: 15)
[00:00:06 -4998.827248] SLOW spr round 4 (radius: 20)
[00:00:06] [worker #1] ML tree search #18, logLikelihood: -4998.834571
[00:00:06 -4998.827248] SLOW spr round 5 (radius: 25)
[00:00:06 -4998.827248] Model parameter optimization (eps = 0.100000)

[00:00:06] [worker #0] ML tree search #17, logLikelihood: -4998.827248

[00:00:06 -21802.149282] Initial branch length optimization
[00:00:06 -5019.462985] Model parameter optimization (eps = 10.000000)
[00:00:06 -5019.368876] AUTODETECT spr round 1 (radius: 5)
[00:00:06 -5003.282950] AUTODETECT spr round 2 (radius: 10)
[00:00:06 -5003.262088] SPR radius for FAST iterations: 5 (autodetect)
[00:00:06 -5003.262088] Model parameter optimization (eps = 3.000000)
[00:00:06 -5003.262039] FAST spr round 1 (radius: 5)
[00:00:06 -4999.739326] Model parameter optimization (eps = 1.000000)
[00:00:06 -4999.739326] SLOW spr round 1 (radius: 5)
[00:00:07 -4999.738198] SLOW spr round 2 (radius: 10)
[00:00:07 -4999.738198] SLOW spr round 3 (radius: 15)
[00:00:07] [worker #1] ML tree search #20, logLikelihood: -5003.141961
[00:00:07 -4999.738198] SLOW spr round 4 (radius: 20)
[00:00:07 -4999.738198] SLOW spr round 5 (radius: 25)
[00:00:07 -4999.738198] Model parameter optimization (eps = 0.100000)

[00:00:07] [worker #0] ML tree search #19, logLikelihood: -4999.738198


Optimized model parameters:

   Partition 0: noname
   Rate heterogeneity: NONE
   Base frequencies (model): 0.250000 0.250000 0.250000 0.250000 
   Substitution rates (model): 1.000000 1.000000 1.000000 1.000000 1.000000 1.000000 


Final LogLikelihood: -4998.827247

AIC score: 10191.654495 / AICc score: 10201.859540 / BIC score: 10733.031848
Free parameters (model + branch lengths): 97

WARNING: Best ML tree contains 11 near-zero branches!

Best ML tree with collapsed near-zero branches saved to: /Users/gannonkreuser/Desktop/GannonPLPATH/raxml-ng_v1.2.2_macos/jc_run.raxml.bestTreeCollapsed
Best ML tree saved to: /Users/gannonkreuser/Desktop/GannonPLPATH/raxml-ng_v1.2.2_macos/jc_run.raxml.bestTree
All ML trees saved to: /Users/gannonkreuser/Desktop/GannonPLPATH/raxml-ng_v1.2.2_macos/jc_run.raxml.mlTrees
Optimized model saved to: /Users/gannonkreuser/Desktop/GannonPLPATH/raxml-ng_v1.2.2_macos/jc_run.raxml.bestModel

Execution log saved to: /Users/gannonkreuser/Desktop/GannonPLPATH/raxml-ng_v1.2.2_macos/jc_run.raxml.log

Analysis started: 05-May-2025 18:08:42 / finished: 05-May-2025 18:08:50

Elapsed time: 7.327 seconds

