
RAxML-NG v. 1.2.2 released on 30.04.2024 by The Exelixis Lab.
Developed by: Alexey M. Kozlov and Alexandros Stamatakis.
Contributors: Diego Darriba, Tomas Flouri, Benoit Morel, Sarah Lutteropp, Ben Bettisworth, Julia Haag, Anastasis Togkousidis.
Latest version: https://github.com/amkozlov/raxml-ng
Questions/problems/suggestions? Please visit: https://groups.google.com/forum/#!forum/raxml

System: Apple M1, 8 cores, 16 GB RAM

RAxML-NG was called at 06-May-2025 03:03:08 as follows:

./raxml-ng --all --msa gannon_elephant_aligned4_single_lineNAMED.fasta --model GTR+G --prefix T2 --seed 2 --threads 2 --bs-metric fbp,tbe

Analysis options:
  run mode: ML tree search + bootstrapping (Felsenstein Bootstrap + Transfer Bootstrap)
  start tree(s): random (10) + parsimony (10)
  bootstrap replicates: parsimony (max: 1000) + bootstopping (autoMRE, cutoff: 0.030000)
  random seed: 2
  tip-inner: OFF
  pattern compression: ON
  per-rate scalers: OFF
  site repeats: ON
  logLH epsilon: general: 10.000000, brlen-triplet: 1000.000000
  fast spr radius: AUTO
  spr subtree cutoff: 1.000000
  fast CLV updates: ON
  branch lengths: proportional (ML estimate, algorithm: NR-FAST)
  SIMD kernels: SSE3
  parallelization: coarse-grained (auto), PTHREADS (2 threads), thread pinning: OFF

[00:00:00] Reading alignment from file: gannon_elephant_aligned4_single_lineNAMED.fasta
[00:00:00] Loaded alignment with 50 taxa and 1961 sites

WARNING: Sequences Laa_Uganda1 and Laa_Uganda3 are exactly identical!
WARNING: Sequences Laa_Zimbabwe1 and Laa_Zimbabwe9 are exactly identical!
WARNING: Duplicate sequences found: 2

NOTE: Reduced alignment (with duplicates and gap-only sites/taxa removed) 
NOTE: was saved to: /Users/gannonkreuser/Desktop/GannonPLPATH/raxml-ng_v1.2.2_macos/T2.raxml.reduced.phy

Alignment comprises 1 partitions and 181 patterns

Partition 0: noname
Model: GTR+FO+G4m
Alignment sites / patterns: 1961 / 181
Gaps: 5.19 %
Invariant sites: 89.85 %


NOTE: Binary MSA file already exists: T2.raxml.rba

Parallelization scheme autoconfig: 2 worker(s) x 1 thread(s)

[00:00:00] Generating 10 random starting tree(s) with 50 taxa
[00:00:00] Generating 10 parsimony starting tree(s) with 50 taxa
Parallel parsimony with 2 threads
Parallel reduction/worker buffer size: 1 KB  / 0 KB

[00:00:00] Data distribution: max. partitions/sites/weight per thread: 1 / 181 / 2896
[00:00:00] Data distribution: max. searches per worker: 510

Starting ML tree search with 20 distinct starting trees

[00:00:01] [worker #1] ML tree search #2, logLikelihood: -4527.866703
[00:00:01] [worker #0] ML tree search #1, logLikelihood: -4528.146380
[00:00:02] [worker #1] ML tree search #4, logLikelihood: -4528.146490
[00:00:02] [worker #0] ML tree search #3, logLikelihood: -4527.455256
[00:00:03] [worker #1] ML tree search #6, logLikelihood: -4528.539975
[00:00:03] [worker #0] ML tree search #5, logLikelihood: -4527.690671
[00:00:04] [worker #1] ML tree search #8, logLikelihood: -4529.454388
[00:00:05] [worker #0] ML tree search #7, logLikelihood: -4529.018367
[00:00:06] [worker #1] ML tree search #10, logLikelihood: -4527.865524
[00:00:06] [worker #0] ML tree search #9, logLikelihood: -4527.690640
[00:00:06] [worker #1] ML tree search #12, logLikelihood: -4528.790117
[00:00:07] [worker #0] ML tree search #11, logLikelihood: -4527.865284
[00:00:07] [worker #1] ML tree search #14, logLikelihood: -4528.790193
[00:00:08] [worker #0] ML tree search #13, logLikelihood: -4529.456153
[00:00:08] [worker #1] ML tree search #16, logLikelihood: -4528.148545
[00:00:08] [worker #0] ML tree search #15, logLikelihood: -4527.864899
[00:00:09] [worker #1] ML tree search #18, logLikelihood: -4529.456292
[00:00:09] [worker #0] ML tree search #17, logLikelihood: -4529.664205
[00:00:10] [worker #1] ML tree search #20, logLikelihood: -4529.188545
[00:00:10] [worker #0] ML tree search #19, logLikelihood: -4529.018127

[00:00:10] ML tree search completed, best tree logLH: -4527.455256

[00:00:10] Starting bootstrapping analysis with 1000 replicates.

[00:00:11] [worker #1] Bootstrap tree #2, logLikelihood: -4400.048759
[00:00:11] [worker #0] Bootstrap tree #1, logLikelihood: -4446.426626
[00:00:11] [worker #0] Bootstrap tree #3, logLikelihood: -4413.084121
[00:00:11] [worker #1] Bootstrap tree #4, logLikelihood: -4391.324910
[00:00:12] [worker #0] Bootstrap tree #5, logLikelihood: -4509.063121
[00:00:12] [worker #1] Bootstrap tree #6, logLikelihood: -4329.063450
[00:00:12] [worker #0] Bootstrap tree #7, logLikelihood: -4252.525708
[00:00:12] [worker #1] Bootstrap tree #8, logLikelihood: -4116.315165
[00:00:13] [worker #1] Bootstrap tree #10, logLikelihood: -4531.000822
[00:00:13] [worker #0] Bootstrap tree #9, logLikelihood: -4642.354770
[00:00:14] [worker #1] Bootstrap tree #12, logLikelihood: -4423.256310
[00:00:14] [worker #0] Bootstrap tree #11, logLikelihood: -4428.779095
[00:00:14] [worker #1] Bootstrap tree #14, logLikelihood: -4385.861308
[00:00:14] [worker #0] Bootstrap tree #13, logLikelihood: -4130.728919
[00:00:15] [worker #1] Bootstrap tree #16, logLikelihood: -4186.019800
[00:00:15] [worker #0] Bootstrap tree #15, logLikelihood: -4421.791495
[00:00:15] [worker #1] Bootstrap tree #18, logLikelihood: -4430.597266
[00:00:15] [worker #0] Bootstrap tree #17, logLikelihood: -4568.724839
[00:00:16] [worker #1] Bootstrap tree #20, logLikelihood: -4637.920991
[00:00:16] [worker #0] Bootstrap tree #19, logLikelihood: -4321.267416
[00:00:16] [worker #1] Bootstrap tree #22, logLikelihood: -4411.574512
[00:00:16] [worker #0] Bootstrap tree #21, logLikelihood: -4347.161725
[00:00:17] [worker #1] Bootstrap tree #24, logLikelihood: -4412.903382
[00:00:17] [worker #0] Bootstrap tree #23, logLikelihood: -4639.896636
[00:00:18] [worker #1] Bootstrap tree #26, logLikelihood: -4302.035659
[00:00:18] [worker #0] Bootstrap tree #25, logLikelihood: -4505.330945
[00:00:18] [worker #1] Bootstrap tree #28, logLikelihood: -4708.635172
[00:00:18] [worker #0] Bootstrap tree #27, logLikelihood: -4346.862600
[00:00:19] [worker #1] Bootstrap tree #30, logLikelihood: -4812.829143
[00:00:19] [worker #0] Bootstrap tree #29, logLikelihood: -4443.517139
[00:00:20] [worker #1] Bootstrap tree #32, logLikelihood: -4289.478029
[00:00:20] [worker #0] Bootstrap tree #31, logLikelihood: -4506.561642
[00:00:20] [worker #1] Bootstrap tree #34, logLikelihood: -4533.565478
[00:00:20] [worker #0] Bootstrap tree #33, logLikelihood: -4471.383798
[00:00:21] [worker #1] Bootstrap tree #36, logLikelihood: -4657.077175
[00:00:21] [worker #0] Bootstrap tree #35, logLikelihood: -4607.402166
[00:00:21] [worker #0] Bootstrap tree #37, logLikelihood: -4355.413817
[00:00:21] [worker #1] Bootstrap tree #38, logLikelihood: -4523.869124
[00:00:22] [worker #1] Bootstrap tree #40, logLikelihood: -4679.324884
[00:00:22] [worker #0] Bootstrap tree #39, logLikelihood: -4592.442197
[00:00:23] [worker #0] Bootstrap tree #41, logLikelihood: -4235.454156
[00:00:23] [worker #1] Bootstrap tree #42, logLikelihood: -4432.617007
[00:00:23] [worker #0] Bootstrap tree #43, logLikelihood: -4589.644635
[00:00:23] [worker #1] Bootstrap tree #44, logLikelihood: -4496.511142
[00:00:24] [worker #0] Bootstrap tree #45, logLikelihood: -4373.472556
[00:00:24] [worker #1] Bootstrap tree #46, logLikelihood: -4580.061315
[00:00:24] [worker #0] Bootstrap tree #47, logLikelihood: -4275.922360
[00:00:24] [worker #1] Bootstrap tree #48, logLikelihood: -4245.288401
[00:00:25] [worker #0] Bootstrap tree #49, logLikelihood: -4309.498817
[00:00:25] [worker #1] Bootstrap tree #50, logLikelihood: -4656.256313
[00:00:26] [worker #0] Bootstrap tree #51, logLikelihood: -4488.283554
[00:00:26] [worker #1] Bootstrap tree #52, logLikelihood: -4574.176998
[00:00:26] [worker #1] Bootstrap tree #54, logLikelihood: -4411.267836
[00:00:26] [worker #0] Bootstrap tree #53, logLikelihood: -4522.623945
[00:00:27] [worker #1] Bootstrap tree #56, logLikelihood: -4649.664934
[00:00:27] [worker #0] Bootstrap tree #55, logLikelihood: -4543.985707
[00:00:28] [worker #1] Bootstrap tree #58, logLikelihood: -4452.601023
[00:00:28] [worker #0] Bootstrap tree #57, logLikelihood: -4298.407240
[00:00:28] [worker #1] Bootstrap tree #60, logLikelihood: -4402.866903
[00:00:28] [worker #0] Bootstrap tree #59, logLikelihood: -4389.359413
[00:00:29] [worker #1] Bootstrap tree #62, logLikelihood: -4246.047924
[00:00:29] [worker #0] Bootstrap tree #61, logLikelihood: -4510.508601
[00:00:29] [worker #1] Bootstrap tree #64, logLikelihood: -4365.020074
[00:00:30] [worker #0] Bootstrap tree #63, logLikelihood: -4476.794489
[00:00:30] [worker #1] Bootstrap tree #66, logLikelihood: -4535.298671
[00:00:30] [worker #0] Bootstrap tree #65, logLikelihood: -4768.744355
[00:00:31] [worker #1] Bootstrap tree #68, logLikelihood: -4573.759655
[00:00:31] [worker #0] Bootstrap tree #67, logLikelihood: -4397.705420
[00:00:31] [worker #1] Bootstrap tree #70, logLikelihood: -4145.722146
[00:00:32] [worker #0] Bootstrap tree #69, logLikelihood: -4557.695690
[00:00:32] [worker #1] Bootstrap tree #72, logLikelihood: -4480.437350
[00:00:32] [worker #0] Bootstrap tree #71, logLikelihood: -4437.081939
[00:00:32] [worker #1] Bootstrap tree #74, logLikelihood: -4546.376706
[00:00:33] [worker #0] Bootstrap tree #73, logLikelihood: -4318.735163
[00:00:33] [worker #1] Bootstrap tree #76, logLikelihood: -4527.259213
[00:00:34] [worker #0] Bootstrap tree #75, logLikelihood: -4561.132729
[00:00:34] [worker #1] Bootstrap tree #78, logLikelihood: -4443.697219
[00:00:34] [worker #0] Bootstrap tree #77, logLikelihood: -4531.251122
[00:00:34] [worker #1] Bootstrap tree #80, logLikelihood: -4356.347317
[00:00:35] [worker #0] Bootstrap tree #79, logLikelihood: -4788.780850
[00:00:35] [worker #1] Bootstrap tree #82, logLikelihood: -4241.628902
[00:00:36] [worker #0] Bootstrap tree #81, logLikelihood: -4272.815820
[00:00:36] [worker #1] Bootstrap tree #84, logLikelihood: -4472.684058
[00:00:36] [worker #1] Bootstrap tree #86, logLikelihood: -4299.332957
[00:00:36] [worker #0] Bootstrap tree #83, logLikelihood: -4556.938900
[00:00:37] [worker #0] Bootstrap tree #85, logLikelihood: -4349.731448
[00:00:37] [worker #1] Bootstrap tree #88, logLikelihood: -4497.522281
[00:00:37] [worker #0] Bootstrap tree #87, logLikelihood: -4496.861601
[00:00:37] [worker #1] Bootstrap tree #90, logLikelihood: -4456.740689
[00:00:38] [worker #0] Bootstrap tree #89, logLikelihood: -4271.127582
[00:00:38] [worker #1] Bootstrap tree #92, logLikelihood: -4533.388705
[00:00:39] [worker #0] Bootstrap tree #91, logLikelihood: -4494.439919
[00:00:39] [worker #1] Bootstrap tree #94, logLikelihood: -4469.884211
[00:00:40] [worker #0] Bootstrap tree #93, logLikelihood: -4455.485990
[00:00:40] [worker #1] Bootstrap tree #96, logLikelihood: -4473.522692
[00:00:40] [worker #0] Bootstrap tree #95, logLikelihood: -4310.503572
[00:00:40] [worker #1] Bootstrap tree #98, logLikelihood: -4446.803791
[00:00:41] [worker #0] Bootstrap tree #97, logLikelihood: -4500.350237
[00:00:41] [worker #1] Bootstrap tree #100, logLikelihood: -4518.118322
[00:00:41] [worker #0] Bootstrap tree #99, logLikelihood: -4424.840767
[00:00:42] [worker #1] Bootstrap tree #102, logLikelihood: -4466.357993
[00:00:42] [worker #0] Bootstrap tree #101, logLikelihood: -4316.993521
[00:00:43] [worker #1] Bootstrap tree #104, logLikelihood: -4624.537851
[00:00:43] [worker #0] Bootstrap tree #103, logLikelihood: -4409.864297
[00:00:43] [worker #1] Bootstrap tree #106, logLikelihood: -4443.354679
[00:00:43] [worker #0] Bootstrap tree #105, logLikelihood: -4486.992891
[00:00:44] [worker #1] Bootstrap tree #108, logLikelihood: -4471.985929
[00:00:44] [worker #0] Bootstrap tree #107, logLikelihood: -4747.843352
[00:00:45] [worker #1] Bootstrap tree #110, logLikelihood: -4528.839807
[00:00:45] [worker #0] Bootstrap tree #109, logLikelihood: -4311.822957
[00:00:45] [worker #1] Bootstrap tree #112, logLikelihood: -4317.664404
[00:00:45] [worker #0] Bootstrap tree #111, logLikelihood: -4876.697254
[00:00:46] [worker #0] Bootstrap tree #113, logLikelihood: -4287.732074
[00:00:46] [worker #1] Bootstrap tree #114, logLikelihood: -4463.153441
[00:00:47] [worker #0] Bootstrap tree #115, logLikelihood: -4293.288762
[00:00:47] [worker #1] Bootstrap tree #116, logLikelihood: -4509.882603
[00:00:47] [worker #1] Bootstrap tree #118, logLikelihood: -4525.806909
[00:00:47] [worker #0] Bootstrap tree #117, logLikelihood: -4452.449091
[00:00:48] [worker #0] Bootstrap tree #119, logLikelihood: -4042.879146
[00:00:48] [worker #1] Bootstrap tree #120, logLikelihood: -4408.922106
[00:00:48] [worker #0] Bootstrap tree #121, logLikelihood: -4360.950107
[00:00:49] [worker #1] Bootstrap tree #122, logLikelihood: -4683.512863
[00:00:49] [worker #0] Bootstrap tree #123, logLikelihood: -4444.646222
[00:00:49] [worker #1] Bootstrap tree #124, logLikelihood: -4433.380971
[00:00:50] [worker #0] Bootstrap tree #125, logLikelihood: -4374.334531
[00:00:50] [worker #1] Bootstrap tree #126, logLikelihood: -4562.352325
[00:00:50] [worker #0] Bootstrap tree #127, logLikelihood: -4426.396707
[00:00:50] [worker #1] Bootstrap tree #128, logLikelihood: -4629.469377
[00:00:51] [worker #0] Bootstrap tree #129, logLikelihood: -4448.071590
[00:00:51] [worker #1] Bootstrap tree #130, logLikelihood: -4410.241784
[00:00:52] [worker #0] Bootstrap tree #131, logLikelihood: -4531.493826
[00:00:52] [worker #1] Bootstrap tree #132, logLikelihood: -4056.108131
[00:00:52] [worker #0] Bootstrap tree #133, logLikelihood: -4332.936391
[00:00:52] [worker #1] Bootstrap tree #134, logLikelihood: -4448.508166
[00:00:53] [worker #0] Bootstrap tree #135, logLikelihood: -4271.096225
[00:00:53] [worker #1] Bootstrap tree #136, logLikelihood: -4412.216681
[00:00:53] [worker #1] Bootstrap tree #138, logLikelihood: -4660.791426
[00:00:54] [worker #0] Bootstrap tree #137, logLikelihood: -4588.421019
[00:00:54] [worker #1] Bootstrap tree #140, logLikelihood: -4473.514308
[00:00:54] [worker #0] Bootstrap tree #139, logLikelihood: -4615.163032
[00:00:55] [worker #1] Bootstrap tree #142, logLikelihood: -4619.632279
[00:00:55] [worker #0] Bootstrap tree #141, logLikelihood: -4498.689747
[00:00:55] [worker #1] Bootstrap tree #144, logLikelihood: -4633.044355
[00:00:55] [worker #0] Bootstrap tree #143, logLikelihood: -4431.141774
[00:00:56] [worker #1] Bootstrap tree #146, logLikelihood: -4522.008691
[00:00:56] [worker #0] Bootstrap tree #145, logLikelihood: -4421.526297
[00:00:56] [worker #1] Bootstrap tree #148, logLikelihood: -4382.074308
[00:00:57] [worker #0] Bootstrap tree #147, logLikelihood: -4349.677945
[00:00:57] [worker #1] Bootstrap tree #150, logLikelihood: -4670.210911
[00:00:57] [worker #0] Bootstrap tree #149, logLikelihood: -4235.397048
[00:00:58] [worker #1] Bootstrap tree #152, logLikelihood: -4428.265121
[00:00:58] [worker #0] Bootstrap tree #151, logLikelihood: -4294.367396
[00:00:59] [worker #0] Bootstrap tree #153, logLikelihood: -4540.419033
[00:00:59] [worker #1] Bootstrap tree #154, logLikelihood: -4621.535023
[00:00:59] [worker #1] Bootstrap tree #156, logLikelihood: -4300.581994
[00:00:59] [worker #0] Bootstrap tree #155, logLikelihood: -4492.675165
[00:01:00] [worker #1] Bootstrap tree #158, logLikelihood: -4301.840602
[00:01:00] [worker #0] Bootstrap tree #157, logLikelihood: -4440.467506
[00:01:01] [worker #1] Bootstrap tree #160, logLikelihood: -4338.742084
[00:01:01] [worker #0] Bootstrap tree #159, logLikelihood: -4342.619843
[00:01:01] [worker #1] Bootstrap tree #162, logLikelihood: -4550.966545
[00:01:01] [worker #0] Bootstrap tree #161, logLikelihood: -4487.246876
[00:01:02] [worker #0] Bootstrap tree #163, logLikelihood: -4425.779421
[00:01:02] [worker #1] Bootstrap tree #164, logLikelihood: -4606.296193
[00:01:03] [worker #1] Bootstrap tree #166, logLikelihood: -4348.994722
[00:01:03] [worker #0] Bootstrap tree #165, logLikelihood: -4321.521365
[00:01:03] [worker #1] Bootstrap tree #168, logLikelihood: -4634.042110
[00:01:03] [worker #0] Bootstrap tree #167, logLikelihood: -4506.866734
[00:01:04] [worker #1] Bootstrap tree #170, logLikelihood: -4336.405870
[00:01:04] [worker #0] Bootstrap tree #169, logLikelihood: -4556.451227
[00:01:04] [worker #1] Bootstrap tree #172, logLikelihood: -4464.201839
[00:01:05] [worker #0] Bootstrap tree #171, logLikelihood: -4414.447675
[00:01:05] [worker #1] Bootstrap tree #174, logLikelihood: -4500.290447
[00:01:05] [worker #0] Bootstrap tree #173, logLikelihood: -4546.308467
[00:01:06] [worker #0] Bootstrap tree #175, logLikelihood: -4406.115630
[00:01:06] [worker #1] Bootstrap tree #176, logLikelihood: -4535.068659
[00:01:06] [worker #0] Bootstrap tree #177, logLikelihood: -4491.170131
[00:01:07] [worker #1] Bootstrap tree #178, logLikelihood: -4256.262204
[00:01:07] [worker #1] Bootstrap tree #180, logLikelihood: -4350.507257
[00:01:07] [worker #0] Bootstrap tree #179, logLikelihood: -4619.041712
[00:01:08] [worker #1] Bootstrap tree #182, logLikelihood: -4453.442389
[00:01:08] [worker #0] Bootstrap tree #181, logLikelihood: -4387.319296
[00:01:08] [worker #1] Bootstrap tree #184, logLikelihood: -4319.492006
[00:01:08] [worker #0] Bootstrap tree #183, logLikelihood: -4422.692177
[00:01:09] [worker #1] Bootstrap tree #186, logLikelihood: -4455.997880
[00:01:09] [worker #0] Bootstrap tree #185, logLikelihood: -4531.534128
[00:01:10] [worker #1] Bootstrap tree #188, logLikelihood: -4484.858361
[00:01:10] [worker #0] Bootstrap tree #187, logLikelihood: -4448.179503
[00:01:10] [worker #1] Bootstrap tree #190, logLikelihood: -4587.366734
[00:01:11] [worker #0] Bootstrap tree #189, logLikelihood: -4562.130548
[00:01:11] [worker #1] Bootstrap tree #192, logLikelihood: -4427.579545
[00:01:11] [worker #0] Bootstrap tree #191, logLikelihood: -4455.120924
[00:01:11] [worker #1] Bootstrap tree #194, logLikelihood: -4560.932858
[00:01:12] [worker #0] Bootstrap tree #193, logLikelihood: -4295.317977
[00:01:12] [worker #1] Bootstrap tree #196, logLikelihood: -4321.266794
[00:01:13] [worker #0] Bootstrap tree #195, logLikelihood: -4588.028793
[00:01:13] [worker #1] Bootstrap tree #198, logLikelihood: -4365.379113
[00:01:13] [worker #0] Bootstrap tree #197, logLikelihood: -4533.748496
[00:01:13] [worker #1] Bootstrap tree #200, logLikelihood: -4341.586141
[00:01:14] [worker #0] Bootstrap tree #199, logLikelihood: -4207.971330
[00:01:15] [worker #1] Bootstrap tree #202, logLikelihood: -4472.789945
[00:01:15] [worker #0] Bootstrap tree #201, logLikelihood: -4333.020138
[00:01:15] [worker #0] Bootstrap tree #203, logLikelihood: -4161.698771
[00:01:15] [worker #1] Bootstrap tree #204, logLikelihood: -4547.254606
[00:01:16] [worker #0] Bootstrap tree #205, logLikelihood: -4314.360627
[00:01:16] [worker #1] Bootstrap tree #206, logLikelihood: -4573.948973
[00:01:17] [worker #1] Bootstrap tree #208, logLikelihood: -4461.746181
[00:01:17] [worker #0] Bootstrap tree #207, logLikelihood: -4460.887079
[00:01:17] [worker #0] Bootstrap tree #209, logLikelihood: -4366.012517
[00:01:17] [worker #1] Bootstrap tree #210, logLikelihood: -4683.908931
[00:01:18] [worker #1] Bootstrap tree #212, logLikelihood: -4462.172399
[00:01:18] [worker #0] Bootstrap tree #211, logLikelihood: -4571.270389
[00:01:19] [worker #1] Bootstrap tree #214, logLikelihood: -4479.592241
[00:01:19] [worker #0] Bootstrap tree #213, logLikelihood: -4627.877034
[00:01:19] [worker #1] Bootstrap tree #216, logLikelihood: -4433.267392
[00:01:19] [worker #0] Bootstrap tree #215, logLikelihood: -4574.002755
[00:01:20] [worker #1] Bootstrap tree #218, logLikelihood: -4532.614916
[00:01:20] [worker #0] Bootstrap tree #217, logLikelihood: -4261.579627
[00:01:20] [worker #1] Bootstrap tree #220, logLikelihood: -4310.671752
[00:01:21] [worker #0] Bootstrap tree #219, logLikelihood: -4254.581919
[00:01:21] [worker #1] Bootstrap tree #222, logLikelihood: -4395.552931
[00:01:21] [worker #0] Bootstrap tree #221, logLikelihood: -4552.407589
[00:01:22] [worker #1] Bootstrap tree #224, logLikelihood: -4696.494029
[00:01:22] [worker #0] Bootstrap tree #223, logLikelihood: -4454.735666
[00:01:22] [worker #1] Bootstrap tree #226, logLikelihood: -4473.815358
[00:01:23] [worker #0] Bootstrap tree #225, logLikelihood: -4404.331051
[00:01:23] [worker #1] Bootstrap tree #228, logLikelihood: -4574.120968
[00:01:24] [worker #0] Bootstrap tree #227, logLikelihood: -4356.344962
[00:01:24] [worker #1] Bootstrap tree #230, logLikelihood: -4400.583796
[00:01:24] [worker #0] Bootstrap tree #229, logLikelihood: -4736.016305
[00:01:24] [worker #1] Bootstrap tree #232, logLikelihood: -4326.873986
[00:01:25] [worker #0] Bootstrap tree #231, logLikelihood: -4795.096586
[00:01:25] [worker #1] Bootstrap tree #234, logLikelihood: -4359.151751
[00:01:26] [worker #0] Bootstrap tree #233, logLikelihood: -4347.520288
[00:01:26] [worker #1] Bootstrap tree #236, logLikelihood: -4425.380004
[00:01:26] [worker #1] Bootstrap tree #238, logLikelihood: -4277.168726
[00:01:26] [worker #0] Bootstrap tree #235, logLikelihood: -4419.909954
[00:01:27] [worker #1] Bootstrap tree #240, logLikelihood: -4457.277817
[00:01:27] [worker #0] Bootstrap tree #237, logLikelihood: -4335.130124
[00:01:28] [worker #1] Bootstrap tree #242, logLikelihood: -4456.101623
[00:01:28] [worker #0] Bootstrap tree #239, logLikelihood: -4375.917715
[00:01:28] [worker #1] Bootstrap tree #244, logLikelihood: -4532.521389
[00:01:28] [worker #0] Bootstrap tree #241, logLikelihood: -4310.231437
[00:01:29] [worker #1] Bootstrap tree #246, logLikelihood: -4384.339251
[00:01:29] [worker #0] Bootstrap tree #243, logLikelihood: -4567.605007
[00:01:29] [worker #1] Bootstrap tree #248, logLikelihood: -4466.615172
[00:01:30] [worker #0] Bootstrap tree #245, logLikelihood: -4595.857191
[00:01:30] [worker #1] Bootstrap tree #250, logLikelihood: -4597.312863
[00:01:30] [worker #0] Bootstrap tree #247, logLikelihood: -4423.224270
[00:01:31] [worker #0] Bootstrap tree #249, logLikelihood: -4455.921892
[00:01:32] [worker #1] Bootstrap tree #252, logLikelihood: -4501.176012
[00:01:32] [worker #0] Bootstrap tree #251, logLikelihood: -4451.271298
[00:01:33] [worker #1] Bootstrap tree #254, logLikelihood: -4691.251801
[00:01:33] [worker #0] Bootstrap tree #253, logLikelihood: -4282.435782
[00:01:33] [worker #1] Bootstrap tree #256, logLikelihood: -4601.893410
[00:01:33] [worker #0] Bootstrap tree #255, logLikelihood: -4365.119070
[00:01:34] [worker #1] Bootstrap tree #258, logLikelihood: -4173.988988
[00:01:34] [worker #0] Bootstrap tree #257, logLikelihood: -4446.259768
[00:01:35] [worker #1] Bootstrap tree #260, logLikelihood: -4526.959744
[00:01:35] [worker #0] Bootstrap tree #259, logLikelihood: -4582.026062
[00:01:35] [worker #1] Bootstrap tree #262, logLikelihood: -4407.485386
[00:01:36] [worker #0] Bootstrap tree #261, logLikelihood: -4661.073169
[00:01:36] [worker #1] Bootstrap tree #264, logLikelihood: -4294.805791
[00:01:36] [worker #0] Bootstrap tree #263, logLikelihood: -4339.748507
[00:01:36] [worker #1] Bootstrap tree #266, logLikelihood: -4298.127480
[00:01:37] [worker #0] Bootstrap tree #265, logLikelihood: -4333.724281
[00:01:37] [worker #1] Bootstrap tree #268, logLikelihood: -4199.631176
[00:01:38] [worker #0] Bootstrap tree #267, logLikelihood: -4383.764469
[00:01:38] [worker #1] Bootstrap tree #270, logLikelihood: -4353.605750
[00:01:38] [worker #0] Bootstrap tree #269, logLikelihood: -4206.902983
[00:01:38] [worker #1] Bootstrap tree #272, logLikelihood: -4110.264625
[00:01:39] [worker #0] Bootstrap tree #271, logLikelihood: -4249.403580
[00:01:39] [worker #1] Bootstrap tree #274, logLikelihood: -4441.084055
[00:01:40] [worker #1] Bootstrap tree #276, logLikelihood: -4310.439498
[00:01:40] [worker #0] Bootstrap tree #273, logLikelihood: -4627.404728
[00:01:40] [worker #1] Bootstrap tree #278, logLikelihood: -4402.037575
[00:01:40] [worker #0] Bootstrap tree #275, logLikelihood: -4365.537109
[00:01:41] [worker #1] Bootstrap tree #280, logLikelihood: -4526.172149
[00:01:41] [worker #0] Bootstrap tree #277, logLikelihood: -4441.344910
[00:01:42] [worker #1] Bootstrap tree #282, logLikelihood: -4468.271222
[00:01:42] [worker #0] Bootstrap tree #279, logLikelihood: -4746.584708
[00:01:42] [worker #1] Bootstrap tree #284, logLikelihood: -4522.667073
[00:01:43] [worker #0] Bootstrap tree #281, logLikelihood: -4488.276583
[00:01:43] [worker #1] Bootstrap tree #286, logLikelihood: -4562.697497
[00:01:43] [worker #0] Bootstrap tree #283, logLikelihood: -4450.709913
[00:01:44] [worker #1] Bootstrap tree #288, logLikelihood: -4397.245528
[00:01:44] [worker #0] Bootstrap tree #285, logLikelihood: -4514.100847
[00:01:44] [worker #1] Bootstrap tree #290, logLikelihood: -4495.438759
[00:01:44] [worker #0] Bootstrap tree #287, logLikelihood: -4468.708875
[00:01:45] [worker #1] Bootstrap tree #292, logLikelihood: -4433.948879
[00:01:45] [worker #0] Bootstrap tree #289, logLikelihood: -4707.612285
[00:01:45] [worker #1] Bootstrap tree #294, logLikelihood: -4336.487115
[00:01:46] [worker #0] Bootstrap tree #291, logLikelihood: -4504.721067
[00:01:46] [worker #1] Bootstrap tree #296, logLikelihood: -4463.531190
[00:01:46] [worker #0] Bootstrap tree #293, logLikelihood: -4491.561286
[00:01:47] [worker #1] Bootstrap tree #298, logLikelihood: -4356.076436
[00:01:47] [worker #0] Bootstrap tree #295, logLikelihood: -4651.354421
[00:01:47] [worker #1] Bootstrap tree #300, logLikelihood: -4386.082953
[00:01:48] [worker #0] Bootstrap tree #297, logLikelihood: -4343.688020
[00:01:49] [worker #0] Bootstrap tree #299, logLikelihood: -4580.220960
[00:01:50] [worker #0] Bootstrap tree #301, logLikelihood: -4414.046418
[00:01:50] [worker #1] Bootstrap tree #302, logLikelihood: -4507.819994
[00:01:50] [worker #1] Bootstrap tree #304, logLikelihood: -4393.783536
[00:01:51] [worker #0] Bootstrap tree #303, logLikelihood: -4324.494534
[00:01:51] [worker #1] Bootstrap tree #306, logLikelihood: -4551.661145
[00:01:51] [worker #0] Bootstrap tree #305, logLikelihood: -4399.595149
[00:01:52] [worker #1] Bootstrap tree #308, logLikelihood: -4284.009491
[00:01:52] [worker #0] Bootstrap tree #307, logLikelihood: -4451.465301
[00:01:52] [worker #1] Bootstrap tree #310, logLikelihood: -4659.177363
[00:01:52] [worker #0] Bootstrap tree #309, logLikelihood: -4476.916318
[00:01:53] [worker #1] Bootstrap tree #312, logLikelihood: -4689.178657
[00:01:53] [worker #0] Bootstrap tree #311, logLikelihood: -4201.205411
[00:01:54] [worker #1] Bootstrap tree #314, logLikelihood: -4303.550258
[00:01:54] [worker #0] Bootstrap tree #313, logLikelihood: -4350.593644
[00:01:54] [worker #1] Bootstrap tree #316, logLikelihood: -4734.790156
[00:01:55] [worker #0] Bootstrap tree #315, logLikelihood: -4632.885175
[00:01:55] [worker #1] Bootstrap tree #318, logLikelihood: -4315.504764
[00:01:55] [worker #0] Bootstrap tree #317, logLikelihood: -4453.848637
[00:01:56] [worker #1] Bootstrap tree #320, logLikelihood: -4344.303194
[00:01:56] [worker #0] Bootstrap tree #319, logLikelihood: -4343.274607
[00:01:56] [worker #1] Bootstrap tree #322, logLikelihood: -4529.106577
[00:01:57] [worker #0] Bootstrap tree #321, logLikelihood: -4556.807285
[00:01:57] [worker #1] Bootstrap tree #324, logLikelihood: -4609.770694
[00:01:57] [worker #0] Bootstrap tree #323, logLikelihood: -4563.628469
[00:01:57] [worker #1] Bootstrap tree #326, logLikelihood: -4351.335458
[00:01:58] [worker #0] Bootstrap tree #325, logLikelihood: -4408.848260
[00:01:58] [worker #1] Bootstrap tree #328, logLikelihood: -4371.754475
[00:01:59] [worker #0] Bootstrap tree #327, logLikelihood: -4405.564694
[00:01:59] [worker #1] Bootstrap tree #330, logLikelihood: -4591.596597
[00:01:59] [worker #0] Bootstrap tree #329, logLikelihood: -4451.428489
[00:01:59] [worker #1] Bootstrap tree #332, logLikelihood: -4409.560994
[00:02:00] [worker #0] Bootstrap tree #331, logLikelihood: -4328.699788
[00:02:00] [worker #1] Bootstrap tree #334, logLikelihood: -4351.413167
[00:02:01] [worker #1] Bootstrap tree #336, logLikelihood: -4311.590728
[00:02:01] [worker #0] Bootstrap tree #333, logLikelihood: -4303.999884
[00:02:01] [worker #1] Bootstrap tree #338, logLikelihood: -4569.349294
[00:02:01] [worker #0] Bootstrap tree #335, logLikelihood: -4323.791398
[00:02:02] [worker #1] Bootstrap tree #340, logLikelihood: -4484.886416
[00:02:02] [worker #0] Bootstrap tree #337, logLikelihood: -4555.745896
[00:02:02] [worker #1] Bootstrap tree #342, logLikelihood: -4418.853425
[00:02:03] [worker #0] Bootstrap tree #339, logLikelihood: -4355.516621
[00:02:03] [worker #1] Bootstrap tree #344, logLikelihood: -4712.001441
[00:02:03] [worker #0] Bootstrap tree #341, logLikelihood: -4381.587582
[00:02:04] [worker #1] Bootstrap tree #346, logLikelihood: -4455.818425
[00:02:04] [worker #0] Bootstrap tree #343, logLikelihood: -4480.026457
[00:02:04] [worker #1] Bootstrap tree #348, logLikelihood: -4745.014676
[00:02:05] [worker #0] Bootstrap tree #345, logLikelihood: -4430.367384
[00:02:05] [worker #1] Bootstrap tree #350, logLikelihood: -4455.791709
[00:02:05] [worker #0] Bootstrap tree #347, logLikelihood: -4531.726205
[00:02:06] [worker #0] Bootstrap tree #349, logLikelihood: -4498.171643
[00:02:07] [worker #1] Bootstrap tree #352, logLikelihood: -4551.937503
[00:02:07] [worker #0] Bootstrap tree #351, logLikelihood: -4515.531673
[00:02:08] [worker #1] Bootstrap tree #354, logLikelihood: -4531.235089
[00:02:08] [worker #0] Bootstrap tree #353, logLikelihood: -4419.386203
[00:02:08] [worker #1] Bootstrap tree #356, logLikelihood: -4451.910084
[00:02:09] [worker #0] Bootstrap tree #355, logLikelihood: -4353.842025
[00:02:09] [worker #1] Bootstrap tree #358, logLikelihood: -4347.481166
[00:02:10] [worker #0] Bootstrap tree #357, logLikelihood: -4468.224351
[00:02:10] [worker #1] Bootstrap tree #360, logLikelihood: -4574.025331
[00:02:10] [worker #0] Bootstrap tree #359, logLikelihood: -4201.585728
[00:02:10] [worker #1] Bootstrap tree #362, logLikelihood: -4481.538369
[00:02:11] [worker #0] Bootstrap tree #361, logLikelihood: -4567.132210
[00:02:11] [worker #1] Bootstrap tree #364, logLikelihood: -4502.487346
[00:02:11] [worker #0] Bootstrap tree #363, logLikelihood: -4320.621702
[00:02:12] [worker #1] Bootstrap tree #366, logLikelihood: -4621.048099
[00:02:12] [worker #0] Bootstrap tree #365, logLikelihood: -4549.228035
[00:02:12] [worker #1] Bootstrap tree #368, logLikelihood: -4600.188716
[00:02:13] [worker #0] Bootstrap tree #367, logLikelihood: -4363.205090
[00:02:13] [worker #1] Bootstrap tree #370, logLikelihood: -4597.340650
[00:02:13] [worker #0] Bootstrap tree #369, logLikelihood: -4364.143256
[00:02:14] [worker #1] Bootstrap tree #372, logLikelihood: -4232.905675
[00:02:14] [worker #0] Bootstrap tree #371, logLikelihood: -4435.380995
[00:02:14] [worker #1] Bootstrap tree #374, logLikelihood: -4449.814264
[00:02:15] [worker #0] Bootstrap tree #373, logLikelihood: -4452.650531
[00:02:15] [worker #1] Bootstrap tree #376, logLikelihood: -4456.471625
[00:02:15] [worker #0] Bootstrap tree #375, logLikelihood: -4623.238413
[00:02:16] [worker #1] Bootstrap tree #378, logLikelihood: -4502.821894
[00:02:16] [worker #0] Bootstrap tree #377, logLikelihood: -4387.448090
[00:02:16] [worker #1] Bootstrap tree #380, logLikelihood: -4598.999396
[00:02:17] [worker #0] Bootstrap tree #379, logLikelihood: -4465.091093
[00:02:17] [worker #1] Bootstrap tree #382, logLikelihood: -4663.613694
[00:02:17] [worker #0] Bootstrap tree #381, logLikelihood: -4413.039846
[00:02:18] [worker #1] Bootstrap tree #384, logLikelihood: -4527.815613
[00:02:18] [worker #0] Bootstrap tree #383, logLikelihood: -4210.285685
[00:02:18] [worker #1] Bootstrap tree #386, logLikelihood: -4276.294684
[00:02:19] [worker #0] Bootstrap tree #385, logLikelihood: -4569.136992
[00:02:19] [worker #1] Bootstrap tree #388, logLikelihood: -4548.458905
[00:02:19] [worker #0] Bootstrap tree #387, logLikelihood: -4155.781860
[00:02:20] [worker #1] Bootstrap tree #390, logLikelihood: -4303.955078
[00:02:20] [worker #0] Bootstrap tree #389, logLikelihood: -4400.592661
[00:02:20] [worker #1] Bootstrap tree #392, logLikelihood: -4337.862079
[00:02:21] [worker #0] Bootstrap tree #391, logLikelihood: -4355.014488
[00:02:21] [worker #1] Bootstrap tree #394, logLikelihood: -4276.595490
[00:02:21] [worker #1] Bootstrap tree #396, logLikelihood: -4327.254255
[00:02:21] [worker #0] Bootstrap tree #393, logLikelihood: -4436.270346
[00:02:22] [worker #1] Bootstrap tree #398, logLikelihood: -4463.262941
[00:02:22] [worker #0] Bootstrap tree #395, logLikelihood: -4505.020925
[00:02:23] [worker #1] Bootstrap tree #400, logLikelihood: -4638.930635
[00:02:23] [worker #0] Bootstrap tree #397, logLikelihood: -4405.527003
[00:02:24] [worker #0] Bootstrap tree #399, logLikelihood: -4449.964912
[00:02:25] [worker #1] Bootstrap tree #402, logLikelihood: -4446.528302
[00:02:25] [worker #0] Bootstrap tree #401, logLikelihood: -4519.768553
[00:02:25] [worker #1] Bootstrap tree #404, logLikelihood: -4276.373510
[00:02:26] [worker #0] Bootstrap tree #403, logLikelihood: -4405.452931
[00:02:26] [worker #1] Bootstrap tree #406, logLikelihood: -4505.133395
[00:02:26] [worker #0] Bootstrap tree #405, logLikelihood: -4349.166899
[00:02:27] [worker #1] Bootstrap tree #408, logLikelihood: -4666.189363
[00:02:27] [worker #0] Bootstrap tree #407, logLikelihood: -4567.069312
[00:02:27] [worker #1] Bootstrap tree #410, logLikelihood: -4535.942040
[00:02:27] [worker #0] Bootstrap tree #409, logLikelihood: -4601.831369
[00:02:28] [worker #1] Bootstrap tree #412, logLikelihood: -4494.459226
[00:02:28] [worker #0] Bootstrap tree #411, logLikelihood: -4487.553024
[00:02:29] [worker #1] Bootstrap tree #414, logLikelihood: -4500.901794
[00:02:29] [worker #0] Bootstrap tree #413, logLikelihood: -4334.437222
[00:02:29] [worker #1] Bootstrap tree #416, logLikelihood: -4491.317714
[00:02:29] [worker #0] Bootstrap tree #415, logLikelihood: -4605.515368
[00:02:30] [worker #1] Bootstrap tree #418, logLikelihood: -4711.264697
[00:02:30] [worker #0] Bootstrap tree #417, logLikelihood: -4120.899389
[00:02:31] [worker #1] Bootstrap tree #420, logLikelihood: -4618.316669
[00:02:31] [worker #0] Bootstrap tree #419, logLikelihood: -4404.064810
[00:02:31] [worker #1] Bootstrap tree #422, logLikelihood: -4326.666094
[00:02:31] [worker #0] Bootstrap tree #421, logLikelihood: -4237.611073
[00:02:32] [worker #1] Bootstrap tree #424, logLikelihood: -4417.488323
[00:02:32] [worker #0] Bootstrap tree #423, logLikelihood: -4885.752785
[00:02:33] [worker #1] Bootstrap tree #426, logLikelihood: -4609.698765
[00:02:33] [worker #0] Bootstrap tree #425, logLikelihood: -4437.836402
[00:02:33] [worker #1] Bootstrap tree #428, logLikelihood: -4557.172140
[00:02:33] [worker #0] Bootstrap tree #427, logLikelihood: -4662.225171
[00:02:34] [worker #1] Bootstrap tree #430, logLikelihood: -4363.065906
[00:02:34] [worker #0] Bootstrap tree #429, logLikelihood: -4500.907957
[00:02:35] [worker #1] Bootstrap tree #432, logLikelihood: -4427.679379
[00:02:35] [worker #0] Bootstrap tree #431, logLikelihood: -4545.251381
[00:02:35] [worker #1] Bootstrap tree #434, logLikelihood: -4576.074211
[00:02:36] [worker #0] Bootstrap tree #433, logLikelihood: -4498.816940
[00:02:36] [worker #1] Bootstrap tree #436, logLikelihood: -4425.547374
[00:02:36] [worker #0] Bootstrap tree #435, logLikelihood: -4586.912269
[00:02:37] [worker #1] Bootstrap tree #438, logLikelihood: -4463.778396
[00:02:37] [worker #0] Bootstrap tree #437, logLikelihood: -4475.137819
[00:02:37] [worker #1] Bootstrap tree #440, logLikelihood: -4511.859117
[00:02:38] [worker #0] Bootstrap tree #439, logLikelihood: -4422.222824
[00:02:38] [worker #1] Bootstrap tree #442, logLikelihood: -4559.555699
[00:02:38] [worker #0] Bootstrap tree #441, logLikelihood: -4474.704043
[00:02:39] [worker #1] Bootstrap tree #444, logLikelihood: -4402.579208
[00:02:39] [worker #0] Bootstrap tree #443, logLikelihood: -4304.355691
[00:02:40] [worker #1] Bootstrap tree #446, logLikelihood: -4466.214272
[00:02:40] [worker #0] Bootstrap tree #445, logLikelihood: -4513.661805
[00:02:40] [worker #1] Bootstrap tree #448, logLikelihood: -4732.226691
[00:02:41] [worker #0] Bootstrap tree #447, logLikelihood: -4493.465786
[00:02:41] [worker #1] Bootstrap tree #450, logLikelihood: -4464.538058
[00:02:41] [worker #0] Bootstrap tree #449, logLikelihood: -4365.273067
[00:02:43] [worker #1] Bootstrap tree #452, logLikelihood: -4439.851739
[00:02:43] [worker #0] Bootstrap tree #451, logLikelihood: -4501.364540
[00:02:43] [worker #1] Bootstrap tree #454, logLikelihood: -4325.662517
[00:02:43] [worker #0] Bootstrap tree #453, logLikelihood: -4479.061653
[00:02:44] [worker #1] Bootstrap tree #456, logLikelihood: -4607.709355
[00:02:44] [worker #0] Bootstrap tree #455, logLikelihood: -4739.219474
[00:02:44] [worker #1] Bootstrap tree #458, logLikelihood: -4498.866291
[00:02:45] [worker #0] Bootstrap tree #457, logLikelihood: -4829.949296
[00:02:45] [worker #1] Bootstrap tree #460, logLikelihood: -4367.742772
[00:02:46] [worker #0] Bootstrap tree #459, logLikelihood: -4697.851471
[00:02:46] [worker #1] Bootstrap tree #462, logLikelihood: -4394.778439
[00:02:46] [worker #0] Bootstrap tree #461, logLikelihood: -4573.301523
[00:02:46] [worker #1] Bootstrap tree #464, logLikelihood: -4358.530377
[00:02:47] [worker #0] Bootstrap tree #463, logLikelihood: -4437.572290
[00:02:47] [worker #1] Bootstrap tree #466, logLikelihood: -4497.227070
[00:02:48] [worker #0] Bootstrap tree #465, logLikelihood: -4601.178165
[00:02:48] [worker #1] Bootstrap tree #468, logLikelihood: -4491.095289
[00:02:48] [worker #0] Bootstrap tree #467, logLikelihood: -4373.346214
[00:02:48] [worker #1] Bootstrap tree #470, logLikelihood: -4414.799622
[00:02:49] [worker #0] Bootstrap tree #469, logLikelihood: -4465.508761
[00:02:49] [worker #1] Bootstrap tree #472, logLikelihood: -4428.819954
[00:02:49] [worker #0] Bootstrap tree #471, logLikelihood: -4537.881957
[00:02:50] [worker #1] Bootstrap tree #474, logLikelihood: -4407.336666
[00:02:50] [worker #0] Bootstrap tree #473, logLikelihood: -4400.470709
[00:02:50] [worker #1] Bootstrap tree #476, logLikelihood: -4482.998349
[00:02:51] [worker #1] Bootstrap tree #478, logLikelihood: -4325.776994
[00:02:51] [worker #0] Bootstrap tree #475, logLikelihood: -4246.237420
[00:02:51] [worker #1] Bootstrap tree #480, logLikelihood: -4378.146353
[00:02:51] [worker #0] Bootstrap tree #477, logLikelihood: -4545.389146
[00:02:52] [worker #1] Bootstrap tree #482, logLikelihood: -4530.176781
[00:02:52] [worker #0] Bootstrap tree #479, logLikelihood: -4622.337199
[00:02:53] [worker #1] Bootstrap tree #484, logLikelihood: -4484.993506
[00:02:53] [worker #0] Bootstrap tree #481, logLikelihood: -4301.556502
[00:02:53] [worker #1] Bootstrap tree #486, logLikelihood: -4447.536398
[00:02:54] [worker #0] Bootstrap tree #483, logLikelihood: -4592.305482
[00:02:54] [worker #1] Bootstrap tree #488, logLikelihood: -4592.224626
[00:02:54] [worker #0] Bootstrap tree #485, logLikelihood: -4614.676616
[00:02:55] [worker #1] Bootstrap tree #490, logLikelihood: -4660.185539
[00:02:55] [worker #0] Bootstrap tree #487, logLikelihood: -4452.524020
[00:02:55] [worker #1] Bootstrap tree #492, logLikelihood: -4138.611304
[00:02:55] [worker #0] Bootstrap tree #489, logLikelihood: -4490.743990
[00:02:56] [worker #1] Bootstrap tree #494, logLikelihood: -4355.925194
[00:02:56] [worker #0] Bootstrap tree #491, logLikelihood: -4504.227225
[00:02:56] [worker #1] Bootstrap tree #496, logLikelihood: -4754.764628
[00:02:57] [worker #0] Bootstrap tree #493, logLikelihood: -4074.408719
[00:02:57] [worker #1] Bootstrap tree #498, logLikelihood: -4679.860324
[00:02:58] [worker #0] Bootstrap tree #495, logLikelihood: -4551.121015
[00:02:58] [worker #1] Bootstrap tree #500, logLikelihood: -4507.582196
[00:02:58] [worker #0] Bootstrap tree #497, logLikelihood: -4323.737826
[00:02:59] [worker #0] Bootstrap tree #499, logLikelihood: -4416.274908
[00:03:00] [worker #1] Bootstrap tree #502, logLikelihood: -4185.807574
[00:03:00] [worker #0] Bootstrap tree #501, logLikelihood: -4669.606545
[00:03:01] [worker #1] Bootstrap tree #504, logLikelihood: -4553.042210
[00:03:01] [worker #0] Bootstrap tree #503, logLikelihood: -4681.135482
[00:03:01] [worker #1] Bootstrap tree #506, logLikelihood: -4345.201347
[00:03:02] [worker #0] Bootstrap tree #505, logLikelihood: -4528.021416
[00:03:02] [worker #1] Bootstrap tree #508, logLikelihood: -4537.515158
[00:03:03] [worker #0] Bootstrap tree #507, logLikelihood: -4369.351577
[00:03:03] [worker #1] Bootstrap tree #510, logLikelihood: -4422.578705
[00:03:03] [worker #0] Bootstrap tree #509, logLikelihood: -4343.709979
[00:03:03] [worker #1] Bootstrap tree #512, logLikelihood: -4444.615885
[00:03:04] [worker #0] Bootstrap tree #511, logLikelihood: -4478.496847
[00:03:04] [worker #1] Bootstrap tree #514, logLikelihood: -4515.840574
[00:03:05] [worker #0] Bootstrap tree #513, logLikelihood: -4362.267185
[00:03:05] [worker #1] Bootstrap tree #516, logLikelihood: -4389.376271
[00:03:05] [worker #1] Bootstrap tree #518, logLikelihood: -4419.184878
[00:03:05] [worker #0] Bootstrap tree #515, logLikelihood: -4525.795172
[00:03:06] [worker #1] Bootstrap tree #520, logLikelihood: -4698.123955
[00:03:06] [worker #0] Bootstrap tree #517, logLikelihood: -4274.539598
[00:03:06] [worker #1] Bootstrap tree #522, logLikelihood: -4604.624935
[00:03:07] [worker #0] Bootstrap tree #519, logLikelihood: -4407.907036
[00:03:07] [worker #1] Bootstrap tree #524, logLikelihood: -4529.560053
[00:03:07] [worker #0] Bootstrap tree #521, logLikelihood: -4452.579716
[00:03:08] [worker #1] Bootstrap tree #526, logLikelihood: -4288.879490
[00:03:08] [worker #0] Bootstrap tree #523, logLikelihood: -4153.045755
[00:03:08] [worker #1] Bootstrap tree #528, logLikelihood: -4392.138320
[00:03:08] [worker #0] Bootstrap tree #525, logLikelihood: -4410.007089
[00:03:09] [worker #0] Bootstrap tree #527, logLikelihood: -4585.057010
[00:03:09] [worker #1] Bootstrap tree #530, logLikelihood: -4647.723019
[00:03:10] [worker #0] Bootstrap tree #529, logLikelihood: -4637.186463
[00:03:10] [worker #1] Bootstrap tree #532, logLikelihood: -4345.931396
[00:03:10] [worker #1] Bootstrap tree #534, logLikelihood: -4322.334901
[00:03:11] [worker #0] Bootstrap tree #531, logLikelihood: -4335.019991
[00:03:11] [worker #1] Bootstrap tree #536, logLikelihood: -4331.342724
[00:03:11] [worker #0] Bootstrap tree #533, logLikelihood: -4454.103713
[00:03:12] [worker #1] Bootstrap tree #538, logLikelihood: -4324.837081
[00:03:12] [worker #0] Bootstrap tree #535, logLikelihood: -4308.910472
[00:03:12] [worker #1] Bootstrap tree #540, logLikelihood: -4460.116891
[00:03:13] [worker #0] Bootstrap tree #537, logLikelihood: -4632.483553
[00:03:13] [worker #1] Bootstrap tree #542, logLikelihood: -4292.157343
[00:03:13] [worker #0] Bootstrap tree #539, logLikelihood: -4275.882666
[00:03:14] [worker #1] Bootstrap tree #544, logLikelihood: -4304.185182
[00:03:14] [worker #0] Bootstrap tree #541, logLikelihood: -4358.579091
[00:03:14] [worker #1] Bootstrap tree #546, logLikelihood: -4192.235613
[00:03:15] [worker #0] Bootstrap tree #543, logLikelihood: -4700.714740
[00:03:15] [worker #1] Bootstrap tree #548, logLikelihood: -4602.854277
[00:03:15] [worker #0] Bootstrap tree #545, logLikelihood: -4569.107221
[00:03:16] [worker #1] Bootstrap tree #550, logLikelihood: -4548.234234
[00:03:16] [worker #0] Bootstrap tree #547, logLikelihood: -4647.378779
[00:03:17] [worker #0] Bootstrap tree #549, logLikelihood: -4380.035398
[00:03:18] [worker #0] Bootstrap tree #551, logLikelihood: -4527.968115
[00:03:18] [worker #1] Bootstrap tree #552, logLikelihood: -4402.333010
[00:03:19] [worker #0] Bootstrap tree #553, logLikelihood: -4484.080873
[00:03:19] [worker #1] Bootstrap tree #554, logLikelihood: -4369.860569
[00:03:20] [worker #0] Bootstrap tree #555, logLikelihood: -4491.296526
[00:03:20] [worker #1] Bootstrap tree #556, logLikelihood: -4287.490514
[00:03:20] [worker #0] Bootstrap tree #557, logLikelihood: -4603.948276
[00:03:20] [worker #1] Bootstrap tree #558, logLikelihood: -4386.625746
[00:03:21] [worker #0] Bootstrap tree #559, logLikelihood: -4405.463506
[00:03:21] [worker #1] Bootstrap tree #560, logLikelihood: -4645.476757
[00:03:21] [worker #0] Bootstrap tree #561, logLikelihood: -4500.297081
[00:03:22] [worker #1] Bootstrap tree #562, logLikelihood: -4419.341728
[00:03:22] [worker #1] Bootstrap tree #564, logLikelihood: -4230.943210
[00:03:22] [worker #0] Bootstrap tree #563, logLikelihood: -4546.834447
[00:03:23] [worker #1] Bootstrap tree #566, logLikelihood: -4523.017352
[00:03:23] [worker #0] Bootstrap tree #565, logLikelihood: -4560.040937
[00:03:24] [worker #1] Bootstrap tree #568, logLikelihood: -4522.548574
[00:03:24] [worker #0] Bootstrap tree #567, logLikelihood: -4721.166358
[00:03:24] [worker #1] Bootstrap tree #570, logLikelihood: -4463.906743
[00:03:25] [worker #0] Bootstrap tree #569, logLikelihood: -4373.818944
[00:03:25] [worker #1] Bootstrap tree #572, logLikelihood: -4368.696968
[00:03:25] [worker #0] Bootstrap tree #571, logLikelihood: -4476.526406
[00:03:25] [worker #1] Bootstrap tree #574, logLikelihood: -4353.330461
[00:03:26] [worker #0] Bootstrap tree #573, logLikelihood: -4418.890325
[00:03:26] [worker #1] Bootstrap tree #576, logLikelihood: -4461.661628
[00:03:27] [worker #0] Bootstrap tree #575, logLikelihood: -4415.530473
[00:03:27] [worker #1] Bootstrap tree #578, logLikelihood: -4648.962996
[00:03:27] [worker #0] Bootstrap tree #577, logLikelihood: -4315.616362
[00:03:27] [worker #1] Bootstrap tree #580, logLikelihood: -4449.689774
[00:03:28] [worker #0] Bootstrap tree #579, logLikelihood: -4438.782092
[00:03:28] [worker #1] Bootstrap tree #582, logLikelihood: -4552.136316
[00:03:29] [worker #0] Bootstrap tree #581, logLikelihood: -4568.803717
[00:03:29] [worker #1] Bootstrap tree #584, logLikelihood: -4507.102314
[00:03:30] [worker #0] Bootstrap tree #583, logLikelihood: -4584.930436
[00:03:30] [worker #1] Bootstrap tree #586, logLikelihood: -4804.645777
[00:03:30] [worker #0] Bootstrap tree #585, logLikelihood: -4472.742755
[00:03:30] [worker #1] Bootstrap tree #588, logLikelihood: -4576.015308
[00:03:31] [worker #0] Bootstrap tree #587, logLikelihood: -4432.373983
[00:03:31] [worker #1] Bootstrap tree #590, logLikelihood: -4235.131880
[00:03:31] [worker #1] Bootstrap tree #592, logLikelihood: -4432.097434
[00:03:31] [worker #0] Bootstrap tree #589, logLikelihood: -4581.551882
[00:03:32] [worker #1] Bootstrap tree #594, logLikelihood: -4543.882511
[00:03:32] [worker #0] Bootstrap tree #591, logLikelihood: -4398.445476
[00:03:33] [worker #1] Bootstrap tree #596, logLikelihood: -4483.073555
[00:03:33] [worker #0] Bootstrap tree #593, logLikelihood: -4553.776178
[00:03:33] [worker #1] Bootstrap tree #598, logLikelihood: -4338.823056
[00:03:33] [worker #0] Bootstrap tree #595, logLikelihood: -4379.081620
[00:03:34] [worker #1] Bootstrap tree #600, logLikelihood: -4466.670287
[00:03:34] [worker #0] Bootstrap tree #597, logLikelihood: -4239.110791
[00:03:35] [worker #0] Bootstrap tree #599, logLikelihood: -4420.814594
[00:03:36] [worker #1] Bootstrap tree #602, logLikelihood: -4212.388151
[00:03:36] [worker #0] Bootstrap tree #601, logLikelihood: -4394.606444
[00:03:37] [worker #1] Bootstrap tree #604, logLikelihood: -4363.199135
[00:03:37] [worker #0] Bootstrap tree #603, logLikelihood: -4319.197766
[00:03:38] [worker #1] Bootstrap tree #606, logLikelihood: -4382.414380
[00:03:38] [worker #0] Bootstrap tree #605, logLikelihood: -4363.648366
[00:03:38] [worker #1] Bootstrap tree #608, logLikelihood: -4420.678996
[00:03:38] [worker #0] Bootstrap tree #607, logLikelihood: -4581.115692
[00:03:39] [worker #1] Bootstrap tree #610, logLikelihood: -4437.711783
[00:03:39] [worker #0] Bootstrap tree #609, logLikelihood: -4475.708863
[00:03:40] [worker #1] Bootstrap tree #612, logLikelihood: -4422.091651
[00:03:40] [worker #0] Bootstrap tree #611, logLikelihood: -4379.308517
[00:03:40] [worker #1] Bootstrap tree #614, logLikelihood: -4590.984522
[00:03:41] [worker #0] Bootstrap tree #613, logLikelihood: -4390.253498
[00:03:41] [worker #1] Bootstrap tree #616, logLikelihood: -4590.998159
[00:03:42] [worker #1] Bootstrap tree #618, logLikelihood: -4313.198928
[00:03:42] [worker #0] Bootstrap tree #615, logLikelihood: -4604.238220
[00:03:42] [worker #1] Bootstrap tree #620, logLikelihood: -4578.743563
[00:03:42] [worker #0] Bootstrap tree #617, logLikelihood: -4694.633874
[00:03:43] [worker #1] Bootstrap tree #622, logLikelihood: -4410.704992
[00:03:43] [worker #0] Bootstrap tree #619, logLikelihood: -4586.286823
[00:03:43] [worker #1] Bootstrap tree #624, logLikelihood: -4291.315777
[00:03:44] [worker #0] Bootstrap tree #621, logLikelihood: -4289.260105
[00:03:44] [worker #1] Bootstrap tree #626, logLikelihood: -4367.738693
[00:03:44] [worker #0] Bootstrap tree #623, logLikelihood: -4491.144041
[00:03:45] [worker #1] Bootstrap tree #628, logLikelihood: -4710.806472
[00:03:45] [worker #0] Bootstrap tree #625, logLikelihood: -4712.425791
[00:03:45] [worker #1] Bootstrap tree #630, logLikelihood: -4373.667935
[00:03:46] [worker #0] Bootstrap tree #627, logLikelihood: -4622.373637
[00:03:46] [worker #1] Bootstrap tree #632, logLikelihood: -4752.689415
[00:03:46] [worker #0] Bootstrap tree #629, logLikelihood: -4240.275829
[00:03:46] [worker #1] Bootstrap tree #634, logLikelihood: -4319.855980
[00:03:47] [worker #0] Bootstrap tree #631, logLikelihood: -4353.694334
[00:03:47] [worker #1] Bootstrap tree #636, logLikelihood: -4280.824522
[00:03:48] [worker #0] Bootstrap tree #633, logLikelihood: -4000.556709
[00:03:48] [worker #1] Bootstrap tree #638, logLikelihood: -4402.049946
[00:03:48] [worker #0] Bootstrap tree #635, logLikelihood: -4358.270192
[00:03:48] [worker #1] Bootstrap tree #640, logLikelihood: -4594.266053
[00:03:49] [worker #0] Bootstrap tree #637, logLikelihood: -4468.626822
[00:03:49] [worker #1] Bootstrap tree #642, logLikelihood: -4763.275862
[00:03:50] [worker #0] Bootstrap tree #639, logLikelihood: -4465.882121
[00:03:50] [worker #1] Bootstrap tree #644, logLikelihood: -4473.837389
[00:03:50] [worker #0] Bootstrap tree #641, logLikelihood: -4486.428273
[00:03:50] [worker #1] Bootstrap tree #646, logLikelihood: -4592.337683
[00:03:51] [worker #0] Bootstrap tree #643, logLikelihood: -4485.306654
[00:03:51] [worker #1] Bootstrap tree #648, logLikelihood: -4492.808568
[00:03:52] [worker #0] Bootstrap tree #645, logLikelihood: -4708.644184
[00:03:52] [worker #1] Bootstrap tree #650, logLikelihood: -4715.465999
[00:03:52] [worker #0] Bootstrap tree #647, logLikelihood: -4524.005654
[00:03:53] [worker #0] Bootstrap tree #649, logLikelihood: -4084.584360
[00:03:55] [worker #1] Bootstrap tree #652, logLikelihood: -4425.058515
[00:03:55] [worker #0] Bootstrap tree #651, logLikelihood: -4507.392836
[00:03:55] [worker #1] Bootstrap tree #654, logLikelihood: -4732.231108
[00:03:55] [worker #0] Bootstrap tree #653, logLikelihood: -4304.901988
[00:03:56] [worker #1] Bootstrap tree #656, logLikelihood: -4438.974247
[00:03:56] [worker #0] Bootstrap tree #655, logLikelihood: -4489.043833
[00:03:56] [worker #1] Bootstrap tree #658, logLikelihood: -4499.012731
[00:03:57] [worker #0] Bootstrap tree #657, logLikelihood: -4484.813186
[00:03:57] [worker #1] Bootstrap tree #660, logLikelihood: -4634.570411
[00:03:57] [worker #0] Bootstrap tree #659, logLikelihood: -4594.540435
[00:03:58] [worker #1] Bootstrap tree #662, logLikelihood: -4259.201932
[00:03:58] [worker #0] Bootstrap tree #661, logLikelihood: -4507.093404
[00:03:58] [worker #1] Bootstrap tree #664, logLikelihood: -4640.008856
[00:03:59] [worker #0] Bootstrap tree #663, logLikelihood: -4343.452714
[00:03:59] [worker #1] Bootstrap tree #666, logLikelihood: -4415.031818
[00:04:00] [worker #0] Bootstrap tree #665, logLikelihood: -4477.417268
[00:04:00] [worker #1] Bootstrap tree #668, logLikelihood: -4385.950105
[00:04:00] [worker #0] Bootstrap tree #667, logLikelihood: -4332.266398
[00:04:00] [worker #1] Bootstrap tree #670, logLikelihood: -4674.950814
[00:04:01] [worker #0] Bootstrap tree #669, logLikelihood: -4583.879090
[00:04:01] [worker #1] Bootstrap tree #672, logLikelihood: -4522.008447
[00:04:02] [worker #1] Bootstrap tree #674, logLikelihood: -4286.025126
[00:04:02] [worker #0] Bootstrap tree #671, logLikelihood: -4374.870226
[00:04:02] [worker #1] Bootstrap tree #676, logLikelihood: -4259.176954
[00:04:02] [worker #0] Bootstrap tree #673, logLikelihood: -4642.041529
[00:04:03] [worker #1] Bootstrap tree #678, logLikelihood: -4767.738846
[00:04:03] [worker #0] Bootstrap tree #675, logLikelihood: -4399.076340
[00:04:03] [worker #0] Bootstrap tree #677, logLikelihood: -4173.450103
[00:04:03] [worker #1] Bootstrap tree #680, logLikelihood: -4604.168023
[00:04:04] [worker #0] Bootstrap tree #679, logLikelihood: -4528.100449
[00:04:04] [worker #1] Bootstrap tree #682, logLikelihood: -4619.856143
[00:04:05] [worker #1] Bootstrap tree #684, logLikelihood: -4494.808363
[00:04:05] [worker #0] Bootstrap tree #681, logLikelihood: -4838.243009
[00:04:06] [worker #1] Bootstrap tree #686, logLikelihood: -4650.111129
[00:04:06] [worker #0] Bootstrap tree #683, logLikelihood: -4484.505799
[00:04:06] [worker #1] Bootstrap tree #688, logLikelihood: -4616.032085
[00:04:06] [worker #0] Bootstrap tree #685, logLikelihood: -4369.495742
[00:04:07] [worker #1] Bootstrap tree #690, logLikelihood: -4531.813687
[00:04:07] [worker #0] Bootstrap tree #687, logLikelihood: -4474.153436
[00:04:07] [worker #1] Bootstrap tree #692, logLikelihood: -4437.945036
[00:04:08] [worker #0] Bootstrap tree #689, logLikelihood: -4441.501875
[00:04:08] [worker #1] Bootstrap tree #694, logLikelihood: -4554.055193
[00:04:08] [worker #0] Bootstrap tree #691, logLikelihood: -4273.916264
[00:04:09] [worker #1] Bootstrap tree #696, logLikelihood: -4433.656865
[00:04:09] [worker #0] Bootstrap tree #693, logLikelihood: -4500.786709
[00:04:09] [worker #1] Bootstrap tree #698, logLikelihood: -4685.608216
[00:04:10] [worker #0] Bootstrap tree #695, logLikelihood: -4246.641703
[00:04:10] [worker #1] Bootstrap tree #700, logLikelihood: -4457.590382
[00:04:10] [worker #0] Bootstrap tree #697, logLikelihood: -4546.955086
[00:04:11] [worker #0] Bootstrap tree #699, logLikelihood: -4396.276424
[00:04:13] [worker #0] Bootstrap tree #701, logLikelihood: -4586.444040
[00:04:13] [worker #1] Bootstrap tree #702, logLikelihood: -4631.785552
[00:04:14] [worker #0] Bootstrap tree #703, logLikelihood: -4229.125366
[00:04:14] [worker #1] Bootstrap tree #704, logLikelihood: -4687.809071
[00:04:14] [worker #0] Bootstrap tree #705, logLikelihood: -4479.526073
[00:04:14] [worker #1] Bootstrap tree #706, logLikelihood: -4355.894437
[00:04:15] [worker #0] Bootstrap tree #707, logLikelihood: -4345.913404
[00:04:15] [worker #1] Bootstrap tree #708, logLikelihood: -4413.251069
[00:04:16] [worker #0] Bootstrap tree #709, logLikelihood: -4245.522545
[00:04:16] [worker #1] Bootstrap tree #710, logLikelihood: -4500.261395
[00:04:16] [worker #0] Bootstrap tree #711, logLikelihood: -4153.696586
[00:04:16] [worker #1] Bootstrap tree #712, logLikelihood: -4488.448248
[00:04:17] [worker #0] Bootstrap tree #713, logLikelihood: -4359.635394
[00:04:17] [worker #1] Bootstrap tree #714, logLikelihood: -4318.555027
[00:04:18] [worker #0] Bootstrap tree #715, logLikelihood: -4597.818182
[00:04:18] [worker #1] Bootstrap tree #716, logLikelihood: -4366.350591
[00:04:18] [worker #1] Bootstrap tree #718, logLikelihood: -4605.319087
[00:04:18] [worker #0] Bootstrap tree #717, logLikelihood: -4520.428583
[00:04:19] [worker #1] Bootstrap tree #720, logLikelihood: -4579.710374
[00:04:19] [worker #0] Bootstrap tree #719, logLikelihood: -4513.608762
[00:04:20] [worker #1] Bootstrap tree #722, logLikelihood: -4212.080139
[00:04:20] [worker #0] Bootstrap tree #721, logLikelihood: -4444.062165
[00:04:20] [worker #1] Bootstrap tree #724, logLikelihood: -4222.559951
[00:04:20] [worker #0] Bootstrap tree #723, logLikelihood: -4460.437635
[00:04:21] [worker #1] Bootstrap tree #726, logLikelihood: -4185.422598
[00:04:21] [worker #0] Bootstrap tree #725, logLikelihood: -4635.431304
[00:04:22] [worker #1] Bootstrap tree #728, logLikelihood: -4415.722508
[00:04:22] [worker #0] Bootstrap tree #727, logLikelihood: -4529.243301
[00:04:22] [worker #1] Bootstrap tree #730, logLikelihood: -4534.909642
[00:04:23] [worker #0] Bootstrap tree #729, logLikelihood: -4379.225822
[00:04:23] [worker #1] Bootstrap tree #732, logLikelihood: -4317.739156
[00:04:23] [worker #0] Bootstrap tree #731, logLikelihood: -4312.802995
[00:04:24] [worker #1] Bootstrap tree #734, logLikelihood: -4590.583654
[00:04:24] [worker #1] Bootstrap tree #736, logLikelihood: -4145.626033
[00:04:24] [worker #0] Bootstrap tree #733, logLikelihood: -4370.264582
[00:04:25] [worker #1] Bootstrap tree #738, logLikelihood: -4593.820113
[00:04:25] [worker #0] Bootstrap tree #735, logLikelihood: -4129.591831
[00:04:25] [worker #1] Bootstrap tree #740, logLikelihood: -4500.295744
[00:04:25] [worker #0] Bootstrap tree #737, logLikelihood: -4464.392099
[00:04:26] [worker #1] Bootstrap tree #742, logLikelihood: -4437.490055
[00:04:26] [worker #0] Bootstrap tree #739, logLikelihood: -4618.424586
[00:04:27] [worker #1] Bootstrap tree #744, logLikelihood: -4602.621115
[00:04:27] [worker #0] Bootstrap tree #741, logLikelihood: -4355.447266
[00:04:27] [worker #1] Bootstrap tree #746, logLikelihood: -4425.279707
[00:04:28] [worker #0] Bootstrap tree #743, logLikelihood: -4304.200435
[00:04:28] [worker #1] Bootstrap tree #748, logLikelihood: -4568.754745
[00:04:28] [worker #0] Bootstrap tree #745, logLikelihood: -4476.289375
[00:04:29] [worker #1] Bootstrap tree #750, logLikelihood: -4234.745180
[00:04:29] [worker #0] Bootstrap tree #747, logLikelihood: -4505.135317
[00:04:30] [worker #0] Bootstrap tree #749, logLikelihood: -4630.117790
[00:04:32] [worker #0] Bootstrap tree #751, logLikelihood: [00:04:32] -4349.205215[worker #1] Bootstrap tree #752
-4206.556979
[00:04:32] [worker #0] Bootstrap tree #753, logLikelihood: -4257.979937
[00:04:32] [worker #1] Bootstrap tree #754, logLikelihood: -4574.015651
[00:04:33] [worker #1] Bootstrap tree #756, logLikelihood: -4284.601872
[00:04:33] [worker #0] Bootstrap tree #755, logLikelihood: -4722.408467
[00:04:33] [worker #1] Bootstrap tree #758, logLikelihood: -4375.065831
[00:04:34] [worker #0] Bootstrap tree #757, logLikelihood: -4241.154982
[00:04:34] [worker #1] Bootstrap tree #760, logLikelihood: -4441.771867
[00:04:34] [worker #0] Bootstrap tree #759, logLikelihood: -4360.937109
[00:04:35] [worker #1] Bootstrap tree #762, logLikelihood: -4632.845313
[00:04:35] [worker #0] Bootstrap tree #761, logLikelihood: -4521.326940
[00:04:35] [worker #1] Bootstrap tree #764, logLikelihood: -4617.125973
[00:04:36] [worker #0] Bootstrap tree #763, logLikelihood: -4528.762886
[00:04:36] [worker #1] Bootstrap tree #766, logLikelihood: -4475.400959
[00:04:36] [worker #0] Bootstrap tree #765, logLikelihood: -4311.948827
[00:04:37] [worker #1] Bootstrap tree #768, logLikelihood: -4347.912477
[00:04:37] [worker #0] Bootstrap tree #767, logLikelihood: -4441.080919
[00:04:37] [worker #1] Bootstrap tree #770, logLikelihood: -4521.041147
[00:04:38] [worker #0] Bootstrap tree #769, logLikelihood: -4473.638401
[00:04:38] [worker #1] Bootstrap tree #772, logLikelihood: -4585.374639
[00:04:38] [worker #0] Bootstrap tree #771, logLikelihood: -4510.763703
[00:04:38] [worker #1] Bootstrap tree #774, logLikelihood: -4449.921213
[00:04:39] [worker #0] Bootstrap tree #773, logLikelihood: -4431.475687
[00:04:39] [worker #1] Bootstrap tree #776, logLikelihood: -4622.280296
[00:04:40] [worker #0] Bootstrap tree #775, logLikelihood: -4342.864562
[00:04:40] [worker #1] Bootstrap tree #778, logLikelihood: -4425.133514
[00:04:40] [worker #1] Bootstrap tree #780, logLikelihood: -4635.537181
[00:04:41] [worker #0] Bootstrap tree #777, logLikelihood: -4636.975410
[00:04:41] [worker #1] Bootstrap tree #782, logLikelihood: -4491.425852
[00:04:41] [worker #0] Bootstrap tree #779, logLikelihood: -4812.404957
[00:04:42] [worker #1] Bootstrap tree #784, logLikelihood: -4170.690142
[00:04:42] [worker #0] Bootstrap tree #781, logLikelihood: -4474.287941
[00:04:42] [worker #1] Bootstrap tree #786, logLikelihood: -4660.419352
[00:04:43] [worker #0] Bootstrap tree #783, logLikelihood: -4535.614065
[00:04:43] [worker #1] Bootstrap tree #788, logLikelihood: -4620.925408
[00:04:43] [worker #0] Bootstrap tree #785, logLikelihood: -4402.747003
[00:04:44] [worker #1] Bootstrap tree #790, logLikelihood: -4317.500775
[00:04:44] [worker #0] Bootstrap tree #787, logLikelihood: -4438.095846
[00:04:44] [worker #1] Bootstrap tree #792, logLikelihood: -4439.169093
[00:04:45] [worker #0] Bootstrap tree #789, logLikelihood: -4571.557605
[00:04:45] [worker #1] Bootstrap tree #794, logLikelihood: -4467.930562
[00:04:45] [worker #0] Bootstrap tree #791, logLikelihood: -4474.133515
[00:04:46] [worker #1] Bootstrap tree #796, logLikelihood: -4372.349754
[00:04:46] [worker #0] Bootstrap tree #793, logLikelihood: -4441.755106
[00:04:46] [worker #1] Bootstrap tree #798, logLikelihood: -4516.393466
[00:04:47] [worker #0] Bootstrap tree #795, logLikelihood: -4484.237233
[00:04:47] [worker #1] Bootstrap tree #800, logLikelihood: -4524.041357
[00:04:47] [worker #0] Bootstrap tree #797, logLikelihood: -4485.555128
[00:04:48] [worker #0] Bootstrap tree #799, logLikelihood: -4694.299087
[00:04:50] [worker #0] Bootstrap tree #801, logLikelihood: -4413.635717
[00:04:50] [worker #1] Bootstrap tree #802, logLikelihood: -4807.792361
[00:04:51] [worker #1] Bootstrap tree #804, logLikelihood: -4262.168023
[00:04:51] [worker #0] Bootstrap tree #803, logLikelihood: -4252.097246
[00:04:51] [worker #1] Bootstrap tree #806, logLikelihood: -4557.437209
[00:04:52] [worker #0] Bootstrap tree #805, logLikelihood: -4422.895112
[00:04:52] [worker #1] Bootstrap tree #808, logLikelihood: -4412.004106
[00:04:52] [worker #0] Bootstrap tree #807, logLikelihood: -4507.516740
[00:04:53] [worker #1] Bootstrap tree #810, logLikelihood: -4314.444585
[00:04:53] [worker #0] Bootstrap tree #809, logLikelihood: -4506.021761
[00:04:53] [worker #1] Bootstrap tree #812, logLikelihood: -4527.181307
[00:04:54] [worker #0] Bootstrap tree #811, logLikelihood: -4719.176219
[00:04:54] [worker #1] Bootstrap tree #814, logLikelihood: -4403.137539
[00:04:54] [worker #0] Bootstrap tree #813, logLikelihood: -4592.442718
[00:04:55] [worker #1] Bootstrap tree #816, logLikelihood: -4562.809091
[00:04:55] [worker #0] Bootstrap tree #815, logLikelihood: -4369.465487
[00:04:55] [worker #1] Bootstrap tree #818, logLikelihood: -4404.207282
[00:04:56] [worker #0] Bootstrap tree #817, logLikelihood: -4393.691332
[00:04:56] [worker #1] Bootstrap tree #820, logLikelihood: -4470.856411
[00:04:57] [worker #0] Bootstrap tree #819, logLikelihood: -4412.055714
[00:04:57] [worker #1] Bootstrap tree #822, logLikelihood: -4775.053014
[00:04:57] [worker #0] Bootstrap tree #821, logLikelihood: -4492.248137
[00:04:57] [worker #1] Bootstrap tree #824, logLikelihood: -4303.893070
[00:04:58] [worker #0] Bootstrap tree #823, logLikelihood: -4498.792881
[00:04:58] [worker #1] Bootstrap tree #826, logLikelihood: -4401.530629
[00:04:59] [worker #0] Bootstrap tree #825, logLikelihood: -4389.983775
[00:04:59] [worker #1] Bootstrap tree #828, logLikelihood: -4567.390618
[00:04:59] [worker #0] Bootstrap tree #827, logLikelihood: -4624.257534
[00:04:59] [worker #1] Bootstrap tree #830, logLikelihood: -4308.492404
[00:05:00] [worker #0] Bootstrap tree #829, logLikelihood: -4615.684741
[00:05:00] [worker #1] Bootstrap tree #832, logLikelihood: -4498.115585
[00:05:01] [worker #0] Bootstrap tree #831, logLikelihood: -4572.542351
[00:05:01] [worker #1] Bootstrap tree #834, logLikelihood: -4295.311076
[00:05:01] [worker #1] Bootstrap tree #836, logLikelihood: -4411.614074
[00:05:01] [worker #0] Bootstrap tree #833, logLikelihood: -4645.323714
[00:05:02] [worker #1] Bootstrap tree #838, logLikelihood: -4579.227398
[00:05:02] [worker #0] Bootstrap tree #835, logLikelihood: -4397.486228
[00:05:03] [worker #1] Bootstrap tree #840, logLikelihood: -4544.635865
[00:05:03] [worker #0] Bootstrap tree #837, logLikelihood: -4557.296390
[00:05:03] [worker #1] Bootstrap tree #842, logLikelihood: -4239.675502
[00:05:03] [worker #0] Bootstrap tree #839, logLikelihood: -4463.149362
[00:05:04] [worker #1] Bootstrap tree #844, logLikelihood: -4632.861279
[00:05:04] [worker #0] Bootstrap tree #841, logLikelihood: -4513.607542
[00:05:04] [worker #1] Bootstrap tree #846, logLikelihood: -4437.696375
[00:05:05] [worker #0] Bootstrap tree #843, logLikelihood: -4439.805639
[00:05:05] [worker #1] Bootstrap tree #848, logLikelihood: -4394.075527
[00:05:06] [worker #0] Bootstrap tree #845, logLikelihood: -4456.834507
[00:05:06] [worker #1] Bootstrap tree #850, logLikelihood: -4455.608375
[00:05:06] [worker #0] Bootstrap tree #847, logLikelihood: -4409.369440
[00:05:07] [worker #0] Bootstrap tree #849, logLikelihood: -4671.826296
[00:05:09] [worker #1] Bootstrap tree #852, logLikelihood: -4299.564076
[00:05:09] [worker #0] Bootstrap tree #851, logLikelihood: -4496.674691
[00:05:10] [worker #1] Bootstrap tree #854, logLikelihood: -4425.478057
[00:05:10] [worker #0] Bootstrap tree #853, logLikelihood: -4418.188590
[00:05:10] [worker #1] Bootstrap tree #856, logLikelihood: -4569.679439
[00:05:11] [worker #0] Bootstrap tree #855, logLikelihood: -4322.668450
[00:05:11] [worker #1] Bootstrap tree #858, logLikelihood: -4302.355357
[00:05:11] [worker #0] Bootstrap tree #857, logLikelihood: -4471.346163
[00:05:12] [worker #1] Bootstrap tree #860, logLikelihood: -4451.776795
[00:05:12] [worker #0] Bootstrap tree #859, logLikelihood: -4382.537304
[00:05:12] [worker #1] Bootstrap tree #862, logLikelihood: -4281.526285
[00:05:13] [worker #0] Bootstrap tree #861, logLikelihood: -4734.962075
[00:05:13] [worker #1] Bootstrap tree #864, logLikelihood: -4590.169091
[00:05:13] [worker #0] Bootstrap tree #863, logLikelihood: -4425.957563
[00:05:13] [worker #1] Bootstrap tree #866, logLikelihood: -4239.550005
[00:05:14] [worker #0] Bootstrap tree #865, logLikelihood: -4506.826433
[00:05:14] [worker #1] Bootstrap tree #868, logLikelihood: -4308.549971
[00:05:15] [worker #1] Bootstrap tree #870, logLikelihood: -4300.171009
[00:05:15] [worker #0] Bootstrap tree #867, logLikelihood: -4371.285011
[00:05:15] [worker #1] Bootstrap tree #872, logLikelihood: -4316.158811
[00:05:15] [worker #0] Bootstrap tree #869, logLikelihood: -4417.191594
[00:05:16] [worker #1] Bootstrap tree #874, logLikelihood: -4687.895033
[00:05:16] [worker #0] Bootstrap tree #871, logLikelihood: -4608.043722
[00:05:17] [worker #1] Bootstrap tree #876, logLikelihood: -4328.559419
[00:05:17] [worker #0] Bootstrap tree #873, logLikelihood: -4416.726922
[00:05:17] [worker #1] Bootstrap tree #878, logLikelihood: -4724.733429
[00:05:17] [worker #0] Bootstrap tree #875, logLikelihood: -4400.841800
[00:05:18] [worker #1] Bootstrap tree #880, logLikelihood: -4459.339760
[00:05:18] [worker #0] Bootstrap tree #877, logLikelihood: -4645.117732
[00:05:18] [worker #1] Bootstrap tree #882, logLikelihood: -4323.567078
[00:05:19] [worker #0] Bootstrap tree #879, logLikelihood: -4720.586228
[00:05:19] [worker #1] Bootstrap tree #884, logLikelihood: -4425.347995
[00:05:19] [worker #0] Bootstrap tree #881, logLikelihood: -4330.530512
[00:05:20] [worker #1] Bootstrap tree #886, logLikelihood: -4297.405994
[00:05:20] [worker #1] Bootstrap tree #888, logLikelihood: -4318.957510
[00:05:20] [worker #0] Bootstrap tree #883, logLikelihood: -4593.534065
[00:05:21] [worker #1] Bootstrap tree #890, logLikelihood: -4615.728324
[00:05:21] [worker #0] Bootstrap tree #885, logLikelihood: -4273.496038
[00:05:22] [worker #0] Bootstrap tree #887, logLikelihood: -4444.853768
[00:05:22] [worker #1] Bootstrap tree #892, logLikelihood: -4536.301341
[00:05:22] [worker #1] Bootstrap tree #894, logLikelihood: -4469.457366
[00:05:22] [worker #0] Bootstrap tree #889, logLikelihood: -4529.314157
[00:05:23] [worker #1] Bootstrap tree #896, logLikelihood: -4459.141215
[00:05:23] [worker #0] Bootstrap tree #891, logLikelihood: -4226.588235
[00:05:24] [worker #1] Bootstrap tree #898, logLikelihood: -4440.088266
[00:05:24] [worker #0] Bootstrap tree #893, logLikelihood: -4532.585757
[00:05:24] [worker #1] Bootstrap tree #900, logLikelihood: -4524.469369
[00:05:25] [worker #0] Bootstrap tree #895, logLikelihood: -4485.343011
[00:05:25] [worker #0] Bootstrap tree #897, logLikelihood: -4650.524939
[00:05:26] [worker #0] Bootstrap tree #899, logLikelihood: -4423.676729
[00:05:28] [worker #1] Bootstrap tree #902, logLikelihood: -4409.764697
[00:05:28] [worker #0] Bootstrap tree #901, logLikelihood: -4386.743672
[00:05:29] [worker #1] Bootstrap tree #904, logLikelihood: -4398.632429
[00:05:29] [worker #0] Bootstrap tree #903, logLikelihood: -4510.868477
[00:05:30] [worker #1] Bootstrap tree #906, logLikelihood: -4558.793357
[00:05:30] [worker #0] Bootstrap tree #905, logLikelihood: -4694.642754
[00:05:30] [worker #1] Bootstrap tree #908, logLikelihood: -4225.446396
[00:05:31] [worker #0] Bootstrap tree #907, logLikelihood: -4544.552042
[00:05:31] [worker #1] Bootstrap tree #910, logLikelihood: -4559.728788
[00:05:31] [worker #0] Bootstrap tree #909, logLikelihood: -4283.989675
[00:05:32] [worker #1] Bootstrap tree #912, logLikelihood: -4409.726384
[00:05:32] [worker #0] Bootstrap tree #911, logLikelihood: -4707.769548
[00:05:32] [worker #1] Bootstrap tree #914, logLikelihood: -4478.489881
[00:05:33] [worker #0] Bootstrap tree #913, logLikelihood: -4523.720388
[00:05:33] [worker #1] Bootstrap tree #916, logLikelihood: -4595.774676
[00:05:33] [worker #1] Bootstrap tree #918, logLikelihood: -4264.673946
[00:05:33] [worker #0] Bootstrap tree #915, logLikelihood: -4563.964483
[00:05:34] [worker #1] Bootstrap tree #920, logLikelihood: -4533.242284
[00:05:34] [worker #0] Bootstrap tree #917, logLikelihood: -4528.048183
[00:05:35] [worker #1] Bootstrap tree #922, logLikelihood: -4417.263049
[00:05:35] [worker #0] Bootstrap tree #919, logLikelihood: -4389.899330
[00:05:35] [worker #1] Bootstrap tree #924, logLikelihood: -4286.292431
[00:05:36] [worker #0] Bootstrap tree #921, logLikelihood: -4624.595756
[00:05:36] [worker #1] Bootstrap tree #926, logLikelihood: -4463.398442
[00:05:36] [worker #0] Bootstrap tree #923, logLikelihood: -4293.922467
[00:05:37] [worker #1] Bootstrap tree #928, logLikelihood: -4347.009341
[00:05:37] [worker #0] Bootstrap tree #925, logLikelihood: -4541.219053
[00:05:37] [worker #1] Bootstrap tree #930, logLikelihood: -4641.628358
[00:05:38] [worker #0] Bootstrap tree #927, logLikelihood: -4511.796685
[00:05:38] [worker #1] Bootstrap tree #932, logLikelihood: -4355.439257
[00:05:38] [worker #0] Bootstrap tree #929, logLikelihood: -4630.057596
[00:05:39] [worker #1] Bootstrap tree #934, logLikelihood: -4226.739631
[00:05:40] [worker #0] Bootstrap tree #931, logLikelihood: -4331.369089
[00:05:40] [worker #1] Bootstrap tree #936, logLikelihood: -4428.811326
[00:05:40] [worker #1] Bootstrap tree #938, logLikelihood: -4261.396156
[00:05:40] [worker #0] Bootstrap tree #933, logLikelihood: -4481.565084
[00:05:41] [worker #1] Bootstrap tree #940, logLikelihood: -4375.760329
[00:05:41] [worker #0] Bootstrap tree #935, logLikelihood: -4710.543893
[00:05:41] [worker #1] Bootstrap tree #942, logLikelihood: -4512.205380
[00:05:42] [worker #0] Bootstrap tree #937, logLikelihood: -4564.121998
[00:05:42] [worker #1] Bootstrap tree #944, logLikelihood: -4674.068145
[00:05:42] [worker #0] Bootstrap tree #939, logLikelihood: -4523.129483
[00:05:43] [worker #1] Bootstrap tree #946, logLikelihood: -4408.588082
[00:05:43] [worker #0] Bootstrap tree #941, logLikelihood: -4665.006487
[00:05:43] [worker #1] Bootstrap tree #948, logLikelihood: -4433.710127
[00:05:44] [worker #0] Bootstrap tree #943, logLikelihood: -4518.453917
[00:05:44] [worker #1] Bootstrap tree #950, logLikelihood: -4383.716650
[00:05:45] [worker #0] Bootstrap tree #945, logLikelihood: -4959.077108
[00:05:45] [worker #0] Bootstrap tree #947, logLikelihood: -4639.856367
[00:05:46] [worker #0] Bootstrap tree #949, logLikelihood: -4383.664194
[00:05:48] [worker #1] Bootstrap tree #952, logLikelihood: -4474.631837
[00:05:48] [worker #0] Bootstrap tree #951, logLikelihood: -4240.803169
[00:05:49] [worker #1] Bootstrap tree #954, logLikelihood: -4329.879884
[00:05:49] [worker #0] Bootstrap tree #953, logLikelihood: -4472.559117
[00:05:50] [worker #1] Bootstrap tree #956, logLikelihood: -4475.579277
[00:05:50] [worker #0] Bootstrap tree #955, logLikelihood: -4516.300852
[00:05:50] [worker #1] Bootstrap tree #958, logLikelihood: -4607.576936
[00:05:50] [worker #0] Bootstrap tree #957, logLikelihood: -4423.580850
[00:05:51] [worker #1] Bootstrap tree #960, logLikelihood: -4552.593775
[00:05:51] [worker #0] Bootstrap tree #959, logLikelihood: -4531.747561
[00:05:52] [worker #1] Bootstrap tree #962, logLikelihood: -4464.447989
[00:05:52] [worker #0] Bootstrap tree #961, logLikelihood: -4415.720006
[00:05:52] [worker #1] Bootstrap tree #964, logLikelihood: -4462.567049
[00:05:52] [worker #0] Bootstrap tree #963, logLikelihood: -4324.577013
[00:05:53] [worker #1] Bootstrap tree #966, logLikelihood: -4306.798068
[00:05:53] [worker #0] Bootstrap tree #965, logLikelihood: -4595.620491
[00:05:53] [worker #1] Bootstrap tree #968, logLikelihood: -4381.682074
[00:05:54] [worker #0] Bootstrap tree #967, logLikelihood: -4409.207046
[00:05:54] [worker #1] Bootstrap tree #970, logLikelihood: -4355.589372
[00:05:54] [worker #0] Bootstrap tree #969, logLikelihood: -4343.817379
[00:05:55] [worker #1] Bootstrap tree #972, logLikelihood: -4528.292166
[00:05:55] [worker #0] Bootstrap tree #971, logLikelihood: -4607.505915
[00:05:55] [worker #1] Bootstrap tree #974, logLikelihood: -4294.275906
[00:05:56] [worker #1] Bootstrap tree #976, logLikelihood: -4415.367557
[00:05:56] [worker #0] Bootstrap tree #973, logLikelihood: -4338.387560
[00:05:57] [worker #0] Bootstrap tree #975, logLikelihood: -4326.615007
[00:05:57] [worker #1] Bootstrap tree #978, logLikelihood: -4534.680181
[00:05:57] [worker #1] Bootstrap tree #980, logLikelihood: -4582.339967
[00:05:57] [worker #0] Bootstrap tree #977, logLikelihood: -4590.884020
[00:05:58] [worker #1] Bootstrap tree #982, logLikelihood: -4363.612717
[00:05:58] [worker #0] Bootstrap tree #979, logLikelihood: -4517.440629
[00:05:59] [worker #1] Bootstrap tree #984, logLikelihood: -4498.311311
[00:05:59] [worker #0] Bootstrap tree #981, logLikelihood: -4400.801996
[00:05:59] [worker #1] Bootstrap tree #986, logLikelihood: -4495.064921
[00:06:00] [worker #1] Bootstrap tree #988, logLikelihood: -4315.683416
[00:06:00] [worker #0] Bootstrap tree #983, logLikelihood: -4223.224292
[00:06:00] [worker #1] Bootstrap tree #990, logLikelihood: -4336.790563
[00:06:01] [worker #0] Bootstrap tree #985, logLikelihood: -4354.682617
[00:06:01] [worker #1] Bootstrap tree #992, logLikelihood: -4582.133565
[00:06:01] [worker #0] Bootstrap tree #987, logLikelihood: -4294.537667
[00:06:02] [worker #1] Bootstrap tree #994, logLikelihood: -4535.097087
[00:06:02] [worker #0] Bootstrap tree #989, logLikelihood: -4410.940648
[00:06:02] [worker #1] Bootstrap tree #996, logLikelihood: -4358.470988
[00:06:03] [worker #0] Bootstrap tree #991, logLikelihood: -4656.372123
[00:06:03] [worker #1] Bootstrap tree #998, logLikelihood: -4420.330461
[00:06:04] [worker #1] Bootstrap tree #1000, logLikelihood: -4444.064330
[00:06:04] [worker #0] Bootstrap tree #993, logLikelihood: -4436.180516
[00:06:04] [worker #0] Bootstrap tree #995, logLikelihood: -4373.977802
[00:06:05] [worker #0] Bootstrap tree #997, logLikelihood: -4373.812773
[00:06:06] [worker #0] Bootstrap tree #999, logLikelihood: -4421.328140

Optimized model parameters:

   Partition 0: noname
   Rate heterogeneity: GAMMA (4 cats, mean),  alpha: 0.020124 (ML),  weights&rates: (0.250000,0.000000) (0.250000,0.000000) (0.250000,0.000001) (0.250000,3.999999) 
   Base frequencies (ML): 0.300445 0.272860 0.135272 0.291423 
   Substitution rates (ML): 1.163410 39.873381 0.992465 3.513159 51.011227 1.000000 


Final LogLikelihood: -4527.455256

AIC score: 9266.910513 / AICc score: 9279.145680 / BIC score: 9858.518754
Free parameters (model + branch lengths): 106

WARNING: Best ML tree contains 10 near-zero branches!

Best ML tree with collapsed near-zero branches saved to: /Users/gannonkreuser/Desktop/GannonPLPATH/raxml-ng_v1.2.2_macos/T2.raxml.bestTreeCollapsed
Best ML tree saved to: /Users/gannonkreuser/Desktop/GannonPLPATH/raxml-ng_v1.2.2_macos/T2.raxml.bestTree
All ML trees saved to: /Users/gannonkreuser/Desktop/GannonPLPATH/raxml-ng_v1.2.2_macos/T2.raxml.mlTrees
Best ML tree with Felsenstein bootstrap (FBP) support values saved to: /Users/gannonkreuser/Desktop/GannonPLPATH/raxml-ng_v1.2.2_macos/T2.raxml.supportFBP
Best ML tree with Transfer bootstrap (TBE) support values saved to: /Users/gannonkreuser/Desktop/GannonPLPATH/raxml-ng_v1.2.2_macos/T2.raxml.supportTBE
Optimized model saved to: /Users/gannonkreuser/Desktop/GannonPLPATH/raxml-ng_v1.2.2_macos/T2.raxml.bestModel
Bootstrap trees saved to: /Users/gannonkreuser/Desktop/GannonPLPATH/raxml-ng_v1.2.2_macos/T2.raxml.bootstraps

Execution log saved to: /Users/gannonkreuser/Desktop/GannonPLPATH/raxml-ng_v1.2.2_macos/T2.raxml.log

Analysis started: 06-May-2025 03:03:08 / finished: 06-May-2025 03:09:17

Elapsed time: 368.501 seconds

