
RAxML-NG v. 1.2.2 released on 30.04.2024 by The Exelixis Lab.
Developed by: Alexey M. Kozlov and Alexandros Stamatakis.
Contributors: Diego Darriba, Tomas Flouri, Benoit Morel, Sarah Lutteropp, Ben Bettisworth, Julia Haag, Anastasis Togkousidis.
Latest version: https://github.com/amkozlov/raxml-ng
Questions/problems/suggestions? Please visit: https://groups.google.com/forum/#!forum/raxml

System: Apple M1, 8 cores, 16 GB RAM

RAxML-NG was called at 06-May-2025 09:43:43 as follows:

./raxml-ng --msa gannon_elephant_aligned4_single_lineNAMED.fasta.raxml.reduced.phy --model GTR+G --prefix T3 --threads 2 --seed 123

Analysis options:
  run mode: ML tree search
  start tree(s): random (10) + parsimony (10)
  random seed: 123
  tip-inner: OFF
  pattern compression: ON
  per-rate scalers: OFF
  site repeats: ON
  logLH epsilon: general: 10.000000, brlen-triplet: 1000.000000
  fast spr radius: AUTO
  spr subtree cutoff: 1.000000
  fast CLV updates: ON
  branch lengths: proportional (ML estimate, algorithm: NR-FAST)
  SIMD kernels: SSE3
  parallelization: coarse-grained (auto), PTHREADS (2 threads), thread pinning: OFF

[00:00:00] Reading alignment from file: gannon_elephant_aligned4_single_lineNAMED.fasta.raxml.reduced.phy
[00:00:00] Loaded alignment with 48 taxa and 1961 sites

Alignment comprises 1 partitions and 181 patterns

Partition 0: noname
Model: GTR+FO+G4m
Alignment sites / patterns: 1961 / 181
Gaps: 5.40 %
Invariant sites: 89.85 %


NOTE: Binary MSA file created: T3.raxml.rba

Parallelization scheme autoconfig: 2 worker(s) x 1 thread(s)

[00:00:00] Generating 10 random starting tree(s) with 48 taxa
[00:00:00] Generating 10 parsimony starting tree(s) with 48 taxa
Parallel parsimony with 2 threads
Parallel reduction/worker buffer size: 1 KB  / 0 KB

[00:00:00] Data distribution: max. partitions/sites/weight per thread: 1 / 181 / 2896
[00:00:00] Data distribution: max. searches per worker: 10

Starting ML tree search with 20 distinct starting trees

[00:00:00 -13152.043610] Initial branch length optimization
[00:00:00 -10101.863892] Model parameter optimization (eps = 10.000000)
[00:00:00 -6839.921299] AUTODETECT spr round 1 (radius: 5)
[00:00:00 -5213.675056] AUTODETECT spr round 2 (radius: 10)
[00:00:00 -4616.893683] AUTODETECT spr round 3 (radius: 15)
[00:00:00 -4616.055213] AUTODETECT spr round 4 (radius: 20)
[00:00:00 -4615.711349] AUTODETECT spr round 5 (radius: 25)
[00:00:00 -4615.610204] SPR radius for FAST iterations: 25 (autodetect)
[00:00:00 -4615.610204] Model parameter optimization (eps = 3.000000)
[00:00:00 -4601.265821] FAST spr round 1 (radius: 25)
[00:00:01 -4535.901137] FAST spr round 2 (radius: 25)
[00:00:01 -4531.561852] Model parameter optimization (eps = 1.000000)
[00:00:01 -4531.092803] SLOW spr round 1 (radius: 5)
[00:00:01 -4527.881407] SLOW spr round 2 (radius: 10)
[00:00:01 -4527.881387] SLOW spr round 3 (radius: 15)
[00:00:02 -4527.881370] SLOW spr round 4 (radius: 20)
[00:00:02 -4527.881353] SLOW spr round 5 (radius: 25)
[00:00:02 -4527.881335] Model parameter optimization (eps = 0.100000)
[00:00:02] [worker #1] ML tree search #2, logLikelihood: -4527.873989

[00:00:02] [worker #0] ML tree search #1, logLikelihood: -4527.858572

[00:00:02 -13085.555747] Initial branch length optimization
[00:00:02 -9926.928000] Model parameter optimization (eps = 10.000000)
[00:00:02 -6801.843816] AUTODETECT spr round 1 (radius: 5)
[00:00:02 -5266.429828] AUTODETECT spr round 2 (radius: 10)
[00:00:03 -4780.400227] AUTODETECT spr round 3 (radius: 15)
[00:00:03 -4779.646560] AUTODETECT spr round 4 (radius: 20)
[00:00:03 -4779.521203] AUTODETECT spr round 5 (radius: 25)
[00:00:03 -4779.506379] SPR radius for FAST iterations: 20 (autodetect)
[00:00:03 -4779.506379] Model parameter optimization (eps = 3.000000)
[00:00:03 -4761.456999] FAST spr round 1 (radius: 20)
[00:00:03 -4545.895354] FAST spr round 2 (radius: 20)
[00:00:03 -4537.579442] Model parameter optimization (eps = 1.000000)
[00:00:03 -4537.252788] SLOW spr round 1 (radius: 5)
[00:00:04 -4527.996607] SLOW spr round 2 (radius: 10)
[00:00:04 -4527.832908] SLOW spr round 3 (radius: 15)
[00:00:04 -4527.832897] SLOW spr round 4 (radius: 20)
[00:00:04] [worker #1] ML tree search #4, logLikelihood: -4527.689674
[00:00:04 -4527.832886] SLOW spr round 5 (radius: 25)
[00:00:04 -4527.832875] Model parameter optimization (eps = 0.100000)

[00:00:04] [worker #0] ML tree search #3, logLikelihood: -4527.684591

[00:00:04 -13175.021956] Initial branch length optimization
[00:00:04 -10244.013371] Model parameter optimization (eps = 10.000000)
[00:00:05 -6809.840397] AUTODETECT spr round 1 (radius: 5)
[00:00:05 -5088.215804] AUTODETECT spr round 2 (radius: 10)
[00:00:05 -4735.012658] AUTODETECT spr round 3 (radius: 15)
[00:00:05 -4734.831634] AUTODETECT spr round 4 (radius: 20)
[00:00:05 -4734.711234] AUTODETECT spr round 5 (radius: 25)
[00:00:05 -4734.620203] SPR radius for FAST iterations: 20 (autodetect)
[00:00:05 -4734.620203] Model parameter optimization (eps = 3.000000)
[00:00:05 -4720.978289] FAST spr round 1 (radius: 20)
[00:00:05 -4551.032635] FAST spr round 2 (radius: 20)
[00:00:05 -4542.506507] Model parameter optimization (eps = 1.000000)
[00:00:06 -4541.577606] SLOW spr round 1 (radius: 5)
[00:00:06 -4528.409436] SLOW spr round 2 (radius: 5)
[00:00:07 -4528.408912] SLOW spr round 3 (radius: 10)
[00:00:07 -4528.408907] SLOW spr round 4 (radius: 15)
[00:00:07] [worker #1] ML tree search #6, logLikelihood: -4527.910070
[00:00:07 -4528.408905] SLOW spr round 5 (radius: 20)
[00:00:07 -4528.408903] SLOW spr round 6 (radius: 25)
[00:00:07 -4528.408901] Model parameter optimization (eps = 0.100000)

[00:00:07] [worker #0] ML tree search #5, logLikelihood: -4528.357109

[00:00:07 -12899.486648] Initial branch length optimization
[00:00:07 -9763.477708] Model parameter optimization (eps = 10.000000)
[00:00:07 -6778.519924] AUTODETECT spr round 1 (radius: 5)
[00:00:08 -5080.968966] AUTODETECT spr round 2 (radius: 10)
[00:00:08 -4714.081800] AUTODETECT spr round 3 (radius: 15)
[00:00:08 -4713.661542] AUTODETECT spr round 4 (radius: 20)
[00:00:08 -4713.488811] AUTODETECT spr round 5 (radius: 25)
[00:00:08 -4713.449029] SPR radius for FAST iterations: 20 (autodetect)
[00:00:08 -4713.449029] Model parameter optimization (eps = 3.000000)
[00:00:08 -4700.409334] FAST spr round 1 (radius: 20)
[00:00:08 -4568.942861] FAST spr round 2 (radius: 20)
[00:00:08 -4531.337817] FAST spr round 3 (radius: 20)
[00:00:09 -4531.337008] Model parameter optimization (eps = 1.000000)
[00:00:09 -4530.611669] SLOW spr round 1 (radius: 5)
[00:00:09 -4529.396986] SLOW spr round 2 (radius: 10)
[00:00:09 -4528.379091] SLOW spr round 3 (radius: 15)
[00:00:09] [worker #1] ML tree search #8, logLikelihood: -4527.683851
[00:00:10 -4528.379089] SLOW spr round 4 (radius: 20)
[00:00:10 -4528.379087] SLOW spr round 5 (radius: 25)
[00:00:10 -4528.379084] Model parameter optimization (eps = 0.100000)

[00:00:10] [worker #0] ML tree search #7, logLikelihood: -4528.356242

[00:00:10 -13249.017614] Initial branch length optimization
[00:00:10 -10325.750024] Model parameter optimization (eps = 10.000000)
[00:00:10 -6791.973206] AUTODETECT spr round 1 (radius: 5)
[00:00:10 -5317.257394] AUTODETECT spr round 2 (radius: 10)
[00:00:11 -4816.903264] AUTODETECT spr round 3 (radius: 15)
[00:00:11 -4816.208025] AUTODETECT spr round 4 (radius: 20)
[00:00:11 -4816.116310] SPR radius for FAST iterations: 15 (autodetect)
[00:00:11 -4816.116310] Model parameter optimization (eps = 3.000000)
[00:00:11 -4796.983416] FAST spr round 1 (radius: 15)
[00:00:11 -4545.215123] FAST spr round 2 (radius: 15)
[00:00:11 -4530.782360] FAST spr round 3 (radius: 15)
[00:00:11 -4530.739963] Model parameter optimization (eps = 1.000000)
[00:00:11 -4528.613032] SLOW spr round 1 (radius: 5)
[00:00:12 -4528.377538] SLOW spr round 2 (radius: 10)
[00:00:12] [worker #1] ML tree search #10, logLikelihood: -4527.689016
[00:00:12 -4528.377537] SLOW spr round 3 (radius: 15)
[00:00:12 -4528.377537] SLOW spr round 4 (radius: 20)
[00:00:12 -4528.377537] SLOW spr round 5 (radius: 25)
[00:00:12 -4528.377537] Model parameter optimization (eps = 0.100000)

[00:00:12] [worker #0] ML tree search #9, logLikelihood: -4528.357035

[00:00:12 -9298.782052] Initial branch length optimization
[00:00:12 -4947.417829] Model parameter optimization (eps = 10.000000)
[00:00:12 -4530.434921] AUTODETECT spr round 1 (radius: 5)
[00:00:13 -4527.747460] AUTODETECT spr round 2 (radius: 10)
[00:00:13 -4527.733868] SPR radius for FAST iterations: 5 (autodetect)
[00:00:13 -4527.733868] Model parameter optimization (eps = 3.000000)
[00:00:13 -4527.686685] FAST spr round 1 (radius: 5)
[00:00:13 -4527.686485] Model parameter optimization (eps = 1.000000)
[00:00:13 -4527.683906] SLOW spr round 1 (radius: 5)
[00:00:13 -4527.683893] SLOW spr round 2 (radius: 10)
[00:00:13 -4527.683893] SLOW spr round 3 (radius: 15)
[00:00:13] [worker #1] ML tree search #12, logLikelihood: -4529.181550
[00:00:14 -4527.683893] SLOW spr round 4 (radius: 20)
[00:00:14 -4527.683893] SLOW spr round 5 (radius: 25)
[00:00:14 -4527.683893] Model parameter optimization (eps = 0.100000)

[00:00:14] [worker #0] ML tree search #11, logLikelihood: -4527.683877

[00:00:14 -9304.827976] Initial branch length optimization
[00:00:14 -4950.736278] Model parameter optimization (eps = 10.000000)
[00:00:14 -4540.604070] AUTODETECT spr round 1 (radius: 5)
[00:00:14 -4529.778000] AUTODETECT spr round 2 (radius: 10)
[00:00:14 -4529.708185] SPR radius for FAST iterations: 5 (autodetect)
[00:00:14 -4529.708185] Model parameter optimization (eps = 3.000000)
[00:00:14 -4529.535112] FAST spr round 1 (radius: 5)
[00:00:15 -4529.534901] Model parameter optimization (eps = 1.000000)
[00:00:15 -4529.532805] SLOW spr round 1 (radius: 5)
[00:00:15 -4529.531650] SLOW spr round 2 (radius: 10)
[00:00:15 -4529.467800] SLOW spr round 3 (radius: 15)
[00:00:15 -4529.467786] SLOW spr round 4 (radius: 20)
[00:00:15] [worker #1] ML tree search #14, logLikelihood: -4528.784468
[00:00:15 -4529.467786] SLOW spr round 5 (radius: 25)
[00:00:16 -4529.467786] Model parameter optimization (eps = 0.100000)

[00:00:16] [worker #0] ML tree search #13, logLikelihood: -4529.448202

[00:00:16 -9306.890014] Initial branch length optimization
[00:00:16 -4965.402456] Model parameter optimization (eps = 10.000000)
[00:00:16 -4547.506425] AUTODETECT spr round 1 (radius: 5)
[00:00:16 -4530.617870] AUTODETECT spr round 2 (radius: 10)
[00:00:16 -4529.498790] AUTODETECT spr round 3 (radius: 15)
[00:00:16 -4529.498033] SPR radius for FAST iterations: 10 (autodetect)
[00:00:16 -4529.498033] Model parameter optimization (eps = 3.000000)
[00:00:16 -4529.085205] FAST spr round 1 (radius: 10)
[00:00:16 -4529.085148] Model parameter optimization (eps = 1.000000)
[00:00:16 -4529.082219] SLOW spr round 1 (radius: 5)
[00:00:17 -4529.082158] SLOW spr round 2 (radius: 10)
[00:00:17 -4529.030442] SLOW spr round 3 (radius: 15)
[00:00:17] [worker #1] ML tree search #16, logLikelihood: -4527.859118
[00:00:17 -4529.030439] SLOW spr round 4 (radius: 20)
[00:00:17 -4529.030439] SLOW spr round 5 (radius: 25)
[00:00:17 -4529.030439] Model parameter optimization (eps = 0.100000)

[00:00:17] [worker #0] ML tree search #15, logLikelihood: -4529.011225

[00:00:17 -9299.427562] Initial branch length optimization
[00:00:17 -4968.075011] Model parameter optimization (eps = 10.000000)
[00:00:17 -4552.091403] AUTODETECT spr round 1 (radius: 5)
[00:00:17 -4532.691977] AUTODETECT spr round 2 (radius: 10)
[00:00:18 -4532.552046] AUTODETECT spr round 3 (radius: 15)
[00:00:18 -4532.550679] SPR radius for FAST iterations: 10 (autodetect)
[00:00:18 -4532.550679] Model parameter optimization (eps = 3.000000)
[00:00:18 -4532.381594] FAST spr round 1 (radius: 10)
[00:00:18 -4528.870454] Model parameter optimization (eps = 1.000000)
[00:00:18 -4528.834156] SLOW spr round 1 (radius: 5)
[00:00:18 -4528.801669] SLOW spr round 2 (radius: 10)
[00:00:19 -4528.801652] SLOW spr round 3 (radius: 15)
[00:00:19] [worker #1] ML tree search #18, logLikelihood: -4527.683392
[00:00:19 -4528.801651] SLOW spr round 4 (radius: 20)
[00:00:19 -4528.801650] SLOW spr round 5 (radius: 25)
[00:00:19 -4528.801649] Model parameter optimization (eps = 0.100000)

[00:00:19] [worker #0] ML tree search #17, logLikelihood: -4528.784255

[00:00:19 -9309.637564] Initial branch length optimization
[00:00:19 -4965.169197] Model parameter optimization (eps = 10.000000)
[00:00:19 -4550.189897] AUTODETECT spr round 1 (radius: 5)
[00:00:19 -4529.215606] AUTODETECT spr round 2 (radius: 10)
[00:00:20 -4529.038300] AUTODETECT spr round 3 (radius: 15)
[00:00:20 -4529.035926] SPR radius for FAST iterations: 10 (autodetect)
[00:00:20 -4529.035926] Model parameter optimization (eps = 3.000000)
[00:00:20 -4528.835878] FAST spr round 1 (radius: 10)
[00:00:20 -4528.835650] Model parameter optimization (eps = 1.000000)
[00:00:20 -4528.833419] SLOW spr round 1 (radius: 5)
[00:00:20 -4528.803036] SLOW spr round 2 (radius: 10)
[00:00:20 -4528.803031] SLOW spr round 3 (radius: 15)
[00:00:21] [worker #1] ML tree search #20, logLikelihood: -4529.011140
[00:00:21 -4528.803030] SLOW spr round 4 (radius: 20)
[00:00:21 -4528.803029] SLOW spr round 5 (radius: 25)
[00:00:21 -4528.803028] Model parameter optimization (eps = 0.100000)

[00:00:21] [worker #0] ML tree search #19, logLikelihood: -4528.783754


Optimized model parameters:

   Partition 0: noname
   Rate heterogeneity: GAMMA (4 cats, mean),  alpha: 0.020139 (ML),  weights&rates: (0.250000,0.000000) (0.250000,0.000000) (0.250000,0.000001) (0.250000,3.999999) 
   Base frequencies (ML): 0.300399 0.272801 0.135646 0.291154 
   Substitution rates (ML): 2.281858 77.349175 1.962765 6.805350 101.199962 1.000000 


Final LogLikelihood: -4527.683392

AIC score: 9259.366783 / AICc score: 9270.675718 / BIC score: 9828.650186
Free parameters (model + branch lengths): 102

WARNING: Best ML tree contains 11 near-zero branches!

Best ML tree with collapsed near-zero branches saved to: /Users/gannonkreuser/Desktop/GannonPLPATH/raxml-ng_v1.2.2_macos/T3.raxml.bestTreeCollapsed
Best ML tree saved to: /Users/gannonkreuser/Desktop/GannonPLPATH/raxml-ng_v1.2.2_macos/T3.raxml.bestTree
All ML trees saved to: /Users/gannonkreuser/Desktop/GannonPLPATH/raxml-ng_v1.2.2_macos/T3.raxml.mlTrees
Optimized model saved to: /Users/gannonkreuser/Desktop/GannonPLPATH/raxml-ng_v1.2.2_macos/T3.raxml.bestModel

Execution log saved to: /Users/gannonkreuser/Desktop/GannonPLPATH/raxml-ng_v1.2.2_macos/T3.raxml.log

Analysis started: 06-May-2025 09:43:43 / finished: 06-May-2025 09:44:04

Elapsed time: 21.359 seconds

