
RAxML-NG v. 1.2.2 released on 30.04.2024 by The Exelixis Lab.
Developed by: Alexey M. Kozlov and Alexandros Stamatakis.
Contributors: Diego Darriba, Tomas Flouri, Benoit Morel, Sarah Lutteropp, Ben Bettisworth, Julia Haag, Anastasis Togkousidis.
Latest version: https://github.com/amkozlov/raxml-ng
Questions/problems/suggestions? Please visit: https://groups.google.com/forum/#!forum/raxml

System: Apple M1, 8 cores, 16 GB RAM

RAxML-NG was called at 07-May-2025 16:31:21 as follows:

./raxml-ng --all --msa gannon_elephant_aligned4_single_lineNAMED.fasta.raxml.reduced.phy --model GTR+G --prefix T5 --seed 2 --threads 2 --bs-metric fbp,tbe

Analysis options:
  run mode: ML tree search + bootstrapping (Felsenstein Bootstrap + Transfer Bootstrap)
  start tree(s): random (10) + parsimony (10)
  bootstrap replicates: parsimony (max: 1000) + bootstopping (autoMRE, cutoff: 0.030000)
  random seed: 2
  tip-inner: OFF
  pattern compression: ON
  per-rate scalers: OFF
  site repeats: ON
  logLH epsilon: general: 10.000000, brlen-triplet: 1000.000000
  fast spr radius: AUTO
  spr subtree cutoff: 1.000000
  fast CLV updates: ON
  branch lengths: proportional (ML estimate, algorithm: NR-FAST)
  SIMD kernels: SSE3
  parallelization: coarse-grained (auto), PTHREADS (2 threads), thread pinning: OFF

[00:00:00] Reading alignment from file: gannon_elephant_aligned4_single_lineNAMED.fasta.raxml.reduced.phy
[00:00:00] Loaded alignment with 48 taxa and 1961 sites

Alignment comprises 1 partitions and 181 patterns

Partition 0: noname
Model: GTR+FO+G4m
Alignment sites / patterns: 1961 / 181
Gaps: 5.40 %
Invariant sites: 89.85 %


NOTE: Binary MSA file created: T5.raxml.rba

Parallelization scheme autoconfig: 2 worker(s) x 1 thread(s)

[00:00:00] Generating 10 random starting tree(s) with 48 taxa
[00:00:00] Generating 10 parsimony starting tree(s) with 48 taxa
Parallel parsimony with 2 threads
Parallel reduction/worker buffer size: 1 KB  / 0 KB

[00:00:00] Data distribution: max. partitions/sites/weight per thread: 1 / 181 / 2896
[00:00:00] Data distribution: max. searches per worker: 510

Starting ML tree search with 20 distinct starting trees

[00:00:01] [worker #1] ML tree search #2, logLikelihood: -4528.536719
[00:00:01] [worker #0] ML tree search #1, logLikelihood: -4528.142433
[00:00:02] [worker #1] ML tree search #4, logLikelihood: -4528.375988
[00:00:02] [worker #0] ML tree search #3, logLikelihood: -4527.683728
[00:00:03] [worker #1] ML tree search #6, logLikelihood: -4529.157766
[00:00:03] [worker #0] ML tree search #5, logLikelihood: -4528.356841
[00:00:04] [worker #1] ML tree search #8, logLikelihood: -4527.448428
[00:00:04] [worker #0] ML tree search #7, logLikelihood: -4529.082271
[00:00:05] [worker #1] ML tree search #10, logLikelihood: -4527.857942
[00:00:05] [worker #0] ML tree search #9, logLikelihood: -4528.139703
[00:00:06] [worker #1] ML tree search #12, logLikelihood: -4528.141013
[00:00:06] [worker #0] ML tree search #11, logLikelihood: -4529.082327
[00:00:07] [worker #1] ML tree search #14, logLikelihood: -4528.782827
[00:00:07] [worker #0] ML tree search #13, logLikelihood: -4527.858732
[00:00:07] [worker #1] ML tree search #16, logLikelihood: -4527.683597
[00:00:08] [worker #0] ML tree search #15, logLikelihood: -4529.826363
[00:00:08] [worker #1] ML tree search #18, logLikelihood: -4529.010981
[00:00:09] [worker #0] ML tree search #17, logLikelihood: -4530.263479
[00:00:09] [worker #1] ML tree search #20, logLikelihood: -4528.529528
[00:00:09] [worker #0] ML tree search #19, logLikelihood: -4530.632417

[00:00:09] ML tree search completed, best tree logLH: -4527.448428

[00:00:09] Starting bootstrapping analysis with 1000 replicates.

[00:00:10] [worker #1] Bootstrap tree #2, logLikelihood: -4403.906090
[00:00:10] [worker #0] Bootstrap tree #1, logLikelihood: -4447.973493
[00:00:11] [worker #1] Bootstrap tree #4, logLikelihood: -4390.725664
[00:00:11] [worker #0] Bootstrap tree #3, logLikelihood: -4412.339937
[00:00:11] [worker #1] Bootstrap tree #6, logLikelihood: -4311.098411
[00:00:11] [worker #0] Bootstrap tree #5, logLikelihood: -4506.493740
[00:00:12] [worker #1] Bootstrap tree #8, logLikelihood: -4114.484951
[00:00:12] [worker #0] Bootstrap tree #7, logLikelihood: -4248.451955
[00:00:12] [worker #1] Bootstrap tree #10, logLikelihood: -4539.162471
[00:00:13] [worker #0] Bootstrap tree #9, logLikelihood: -4640.187920
[00:00:13] [worker #1] Bootstrap tree #12, logLikelihood: -4423.251708
[00:00:13] [worker #0] Bootstrap tree #11, logLikelihood: -4434.310846
[00:00:13] [worker #1] Bootstrap tree #14, logLikelihood: -4384.708220
[00:00:14] [worker #0] Bootstrap tree #13, logLikelihood: -4127.181409
[00:00:14] [worker #1] Bootstrap tree #16, logLikelihood: -4185.254849
[00:00:14] [worker #0] Bootstrap tree #15, logLikelihood: -4421.785833
[00:00:14] [worker #1] Bootstrap tree #18, logLikelihood: -4433.597550
[00:00:15] [worker #0] Bootstrap tree #17, logLikelihood: -4568.722301
[00:00:15] [worker #1] Bootstrap tree #20, logLikelihood: -4637.602203
[00:00:15] [worker #0] Bootstrap tree #19, logLikelihood: -4321.260553
[00:00:16] [worker #1] Bootstrap tree #22, logLikelihood: -4409.254401
[00:00:16] [worker #0] Bootstrap tree #21, logLikelihood: -4347.156156
[00:00:16] [worker #1] Bootstrap tree #24, logLikelihood: -4411.542072
[00:00:17] [worker #0] Bootstrap tree #23, logLikelihood: -4629.768966
[00:00:17] [worker #1] Bootstrap tree #26, logLikelihood: -4302.028575
[00:00:17] [worker #0] Bootstrap tree #25, logLikelihood: -4505.322425
[00:00:18] [worker #1] Bootstrap tree #28, logLikelihood: -4707.062646
[00:00:18] [worker #0] Bootstrap tree #27, logLikelihood: -4348.075613
[00:00:18] [worker #1] Bootstrap tree #30, logLikelihood: -4812.088981
[00:00:19] [worker #0] Bootstrap tree #29, logLikelihood: -4443.506515
[00:00:19] [worker #1] Bootstrap tree #32, logLikelihood: -4289.470140
[00:00:19] [worker #0] Bootstrap tree #31, logLikelihood: -4505.012602
[00:00:19] [worker #1] Bootstrap tree #34, logLikelihood: -4539.341461
[00:00:20] [worker #0] Bootstrap tree #33, logLikelihood: -4471.379773
[00:00:20] [worker #1] Bootstrap tree #36, logLikelihood: -4657.072795
[00:00:20] [worker #0] Bootstrap tree #35, logLikelihood: -4604.579699
[00:00:21] [worker #1] Bootstrap tree #38, logLikelihood: -4519.617462
[00:00:21] [worker #0] Bootstrap tree #37, logLikelihood: -4355.406666
[00:00:21] [worker #1] Bootstrap tree #40, logLikelihood: -4678.606722
[00:00:22] [worker #0] Bootstrap tree #39, logLikelihood: -4592.435741
[00:00:22] [worker #1] Bootstrap tree #42, logLikelihood: -4430.300886
[00:00:22] [worker #0] Bootstrap tree #41, logLikelihood: -4235.442257
[00:00:23] [worker #1] Bootstrap tree #44, logLikelihood: -4494.915066
[00:00:23] [worker #0] Bootstrap tree #43, logLikelihood: -4585.675336
[00:00:23] [worker #1] Bootstrap tree #46, logLikelihood: -4580.936178
[00:00:23] [worker #0] Bootstrap tree #45, logLikelihood: -4373.599287
[00:00:24] [worker #1] Bootstrap tree #48, logLikelihood: -4243.134713
[00:00:24] [worker #0] Bootstrap tree #47, logLikelihood: -4275.915459
[00:00:24] [worker #1] Bootstrap tree #50, logLikelihood: -4656.086923
[00:00:24] [worker #0] Bootstrap tree #49, logLikelihood: -4313.201243
[00:00:25] [worker #1] Bootstrap tree #52, logLikelihood: -4570.155423
[00:00:25] [worker #0] Bootstrap tree #51, logLikelihood: -4480.592223
[00:00:26] [worker #1] Bootstrap tree #54, logLikelihood: -4406.862402
[00:00:26] [worker #0] Bootstrap tree #53, logLikelihood: -4521.820754
[00:00:26] [worker #1] Bootstrap tree #56, logLikelihood: -4650.449630
[00:00:26] [worker #0] Bootstrap tree #55, logLikelihood: -4544.313826
[00:00:27] [worker #1] Bootstrap tree #58, logLikelihood: -4451.921683
[00:00:27] [worker #0] Bootstrap tree #57, logLikelihood: -4304.523099
[00:00:28] [worker #1] Bootstrap tree #60, logLikelihood: -4402.863049
[00:00:28] [worker #0] Bootstrap tree #59, logLikelihood: -4386.648508
[00:00:28] [worker #1] Bootstrap tree #62, logLikelihood: -4246.029805
[00:00:28] [worker #0] Bootstrap tree #61, logLikelihood: -4511.206734
[00:00:29] [worker #1] Bootstrap tree #64, logLikelihood: -4363.275042
[00:00:29] [worker #0] Bootstrap tree #63, logLikelihood: -4479.734893
[00:00:29] [worker #1] Bootstrap tree #66, logLikelihood: -4535.297625
[00:00:29] [worker #0] Bootstrap tree #65, logLikelihood: -4785.156054
[00:00:30] [worker #1] Bootstrap tree #68, logLikelihood: -4573.855173
[00:00:30] [worker #0] Bootstrap tree #67, logLikelihood: -4397.769340
[00:00:30] [worker #1] Bootstrap tree #70, logLikelihood: -4148.044587
[00:00:30] [worker #0] Bootstrap tree #69, logLikelihood: -4564.513202
[00:00:31] [worker #1] Bootstrap tree #72, logLikelihood: -4492.596728
[00:00:31] [worker #0] Bootstrap tree #71, logLikelihood: -4437.074861
[00:00:31] [worker #1] Bootstrap tree #74, logLikelihood: -4545.223600
[00:00:32] [worker #0] Bootstrap tree #73, logLikelihood: -4318.728088
[00:00:32] [worker #1] Bootstrap tree #76, logLikelihood: -4527.336590
[00:00:32] [worker #0] Bootstrap tree #75, logLikelihood: -4561.130033
[00:00:33] [worker #1] Bootstrap tree #78, logLikelihood: -4443.690662
[00:00:33] [worker #0] Bootstrap tree #77, logLikelihood: -4529.530315
[00:00:33] [worker #1] Bootstrap tree #80, logLikelihood: -4355.877663
[00:00:33] [worker #0] Bootstrap tree #79, logLikelihood: -4785.875713
[00:00:34] [worker #1] Bootstrap tree #82, logLikelihood: -4238.949774
[00:00:34] [worker #0] Bootstrap tree #81, logLikelihood: -4269.115660
[00:00:34] [worker #1] Bootstrap tree #84, logLikelihood: -4474.325729
[00:00:35] [worker #0] Bootstrap tree #83, logLikelihood: -4556.841582
[00:00:35] [worker #1] Bootstrap tree #86, logLikelihood: -4299.325054
[00:00:35] [worker #0] Bootstrap tree #85, logLikelihood: -4349.721653
[00:00:36] [worker #1] Bootstrap tree #88, logLikelihood: -4497.515527
[00:00:36] [worker #0] Bootstrap tree #87, logLikelihood: -4496.351499
[00:00:36] [worker #1] Bootstrap tree #90, logLikelihood: -4455.663863
[00:00:36] [worker #0] Bootstrap tree #89, logLikelihood: -4267.473306
[00:00:37] [worker #1] Bootstrap tree #92, logLikelihood: -4533.378537
[00:00:37] [worker #0] Bootstrap tree #91, logLikelihood: -4494.432550
[00:00:37] [worker #1] Bootstrap tree #94, logLikelihood: -4482.747500
[00:00:38] [worker #0] Bootstrap tree #93, logLikelihood: -4455.479225
[00:00:38] [worker #1] Bootstrap tree #96, logLikelihood: -4468.880296
[00:00:38] [worker #0] Bootstrap tree #95, logLikelihood: -4312.629914
[00:00:38] [worker #1] Bootstrap tree #98, logLikelihood: -4446.795989
[00:00:39] [worker #0] Bootstrap tree #97, logLikelihood: -4499.944716
[00:00:39] [worker #1] Bootstrap tree #100, logLikelihood: -4518.111337
[00:00:39] [worker #0] Bootstrap tree #99, logLikelihood: -4426.350224
[00:00:40] [worker #0] Bootstrap tree #101, logLikelihood: -4316.986269
[00:00:40] [worker #1] Bootstrap tree #102, logLikelihood: -4468.181751
[00:00:41] [worker #1] Bootstrap tree #104, logLikelihood: -4624.758219
[00:00:41] [worker #0] Bootstrap tree #103, logLikelihood: -4410.751750
[00:00:41] [worker #0] Bootstrap tree #105, logLikelihood: -4486.985213
[00:00:41] [worker #1] Bootstrap tree #106, logLikelihood: -4450.491066
[00:00:42] [worker #0] Bootstrap tree #107, logLikelihood: -4747.842251
[00:00:42] [worker #1] Bootstrap tree #108, logLikelihood: -4473.533735
[00:00:42] [worker #1] Bootstrap tree #110, logLikelihood: -4533.218572
[00:00:42] [worker #0] Bootstrap tree #109, logLikelihood: -4312.002070
[00:00:43] [worker #1] Bootstrap tree #112, logLikelihood: -4317.672868
[00:00:43] [worker #0] Bootstrap tree #111, logLikelihood: -4881.227457
[00:00:43] [worker #1] Bootstrap tree #114, logLikelihood: -4463.079143
[00:00:43] [worker #0] Bootstrap tree #113, logLikelihood: -4296.237579
[00:00:44] [worker #1] Bootstrap tree #116, logLikelihood: -4510.035662
[00:00:44] [worker #0] Bootstrap tree #115, logLikelihood: -4290.243144
[00:00:45] [worker #1] Bootstrap tree #118, logLikelihood: -4529.900192
[00:00:45] [worker #0] Bootstrap tree #117, logLikelihood: -4452.442043
[00:00:45] [worker #0] Bootstrap tree #119, logLikelihood: -4042.837608
[00:00:45] [worker #1] Bootstrap tree #120, logLikelihood: -4408.916348
[00:00:46] [worker #0] Bootstrap tree #121, logLikelihood: -4357.817104
[00:00:46] [worker #1] Bootstrap tree #122, logLikelihood: -4680.714577
[00:00:46] [worker #0] Bootstrap tree #123, logLikelihood: -4444.640166
[00:00:46] [worker #1] Bootstrap tree #124, logLikelihood: -4431.991096
[00:00:47] [worker #0] Bootstrap tree #125, logLikelihood: -4374.328312
[00:00:47] [worker #1] Bootstrap tree #126, logLikelihood: -4555.827616
[00:00:47] [worker #0] Bootstrap tree #127, logLikelihood: -4420.473826
[00:00:48] [worker #1] Bootstrap tree #128, logLikelihood: -4625.046849
[00:00:48] [worker #0] Bootstrap tree #129, logLikelihood: -4447.280078
[00:00:48] [worker #1] Bootstrap tree #130, logLikelihood: -4407.710783
[00:00:49] [worker #1] Bootstrap tree #132, logLikelihood: -4056.160489
[00:00:49] [worker #0] Bootstrap tree #131, logLikelihood: -4531.487330
[00:00:49] [worker #0] Bootstrap tree #133, logLikelihood: -4332.929080
[00:00:49] [worker #1] Bootstrap tree #134, logLikelihood: -4448.205606
[00:00:50] [worker #0] Bootstrap tree #135, logLikelihood: -4271.254774
[00:00:50] [worker #1] Bootstrap tree #136, logLikelihood: -4433.156846
[00:00:50] [worker #0] Bootstrap tree #137, logLikelihood: -4586.169294
[00:00:50] [worker #1] Bootstrap tree #138, logLikelihood: -4661.448537
[00:00:51] [worker #1] Bootstrap tree #140, logLikelihood: -4473.280915
[00:00:51] [worker #0] Bootstrap tree #139, logLikelihood: -4615.157232
[00:00:52] [worker #0] Bootstrap tree #141, logLikelihood: -4498.694174
[00:00:52] [worker #1] Bootstrap tree #142, logLikelihood: -4619.622593
[00:00:52] [worker #0] Bootstrap tree #143, logLikelihood: -4430.779758
[00:00:52] [worker #1] Bootstrap tree #144, logLikelihood: -4639.346806
[00:00:53] [worker #0] Bootstrap tree #145, logLikelihood: -4421.060662
[00:00:53] [worker #1] Bootstrap tree #146, logLikelihood: -4521.425773
[00:00:53] [worker #1] Bootstrap tree #148, logLikelihood: -4382.066494
[00:00:53] [worker #0] Bootstrap tree #147, logLikelihood: -4349.670846
[00:00:54] [worker #1] Bootstrap tree #150, logLikelihood: -4670.204398
[00:00:54] [worker #0] Bootstrap tree #149, logLikelihood: -4233.568836
[00:00:55] [worker #1] Bootstrap tree #152, logLikelihood: -4428.257884
[00:00:55] [worker #0] Bootstrap tree #151, logLikelihood: -4295.122041
[00:00:55] [worker #1] Bootstrap tree #154, logLikelihood: -4621.528669
[00:00:56] [worker #0] Bootstrap tree #153, logLikelihood: -4540.414414
[00:00:56] [worker #1] Bootstrap tree #156, logLikelihood: -4298.485690
[00:00:56] [worker #0] Bootstrap tree #155, logLikelihood: -4492.668211
[00:00:57] [worker #1] Bootstrap tree #158, logLikelihood: -4302.587048
[00:00:57] [worker #0] Bootstrap tree #157, logLikelihood: -4441.197974
[00:00:57] [worker #1] Bootstrap tree #160, logLikelihood: -4338.733517
[00:00:57] [worker #0] Bootstrap tree #159, logLikelihood: -4343.284627
[00:00:58] [worker #1] Bootstrap tree #162, logLikelihood: -4550.015224
[00:00:58] [worker #0] Bootstrap tree #161, logLikelihood: -4486.920755
[00:00:59] [worker #1] Bootstrap tree #164, logLikelihood: -4606.213258
[00:00:59] [worker #0] Bootstrap tree #163, logLikelihood: -4428.302408
[00:00:59] [worker #1] Bootstrap tree #166, logLikelihood: -4348.989904
[00:00:59] [worker #0] Bootstrap tree #165, logLikelihood: -4320.216758
[00:01:00] [worker #1] Bootstrap tree #168, logLikelihood: -4634.680126
[00:01:00] [worker #0] Bootstrap tree #167, logLikelihood: -4508.900086
[00:01:00] [worker #1] Bootstrap tree #170, logLikelihood: -4339.858824
[00:01:01] [worker #0] Bootstrap tree #169, logLikelihood: -4563.546500
[00:01:01] [worker #1] Bootstrap tree #172, logLikelihood: -4464.479772
[00:01:01] [worker #0] Bootstrap tree #171, logLikelihood: -4414.408793
[00:01:01] [worker #1] Bootstrap tree #174, logLikelihood: -4500.284933
[00:01:02] [worker #0] Bootstrap tree #173, logLikelihood: -4543.865097
[00:01:02] [worker #1] Bootstrap tree #176, logLikelihood: -4535.066348
[00:01:02] [worker #0] Bootstrap tree #175, logLikelihood: -4405.110123
[00:01:03] [worker #1] Bootstrap tree #178, logLikelihood: -4256.410614
[00:01:03] [worker #0] Bootstrap tree #177, logLikelihood: -4491.161016
[00:01:03] [worker #1] Bootstrap tree #180, logLikelihood: -4351.094259
[00:01:04] [worker #0] Bootstrap tree #179, logLikelihood: -4619.460527
[00:01:04] [worker #1] Bootstrap tree #182, logLikelihood: -4446.747653
[00:01:04] [worker #0] Bootstrap tree #181, logLikelihood: -4387.121643
[00:01:04] [worker #1] Bootstrap tree #184, logLikelihood: -4319.481885
[00:01:05] [worker #0] Bootstrap tree #183, logLikelihood: -4432.497500
[00:01:05] [worker #1] Bootstrap tree #186, logLikelihood: -4451.622067
[00:01:05] [worker #0] Bootstrap tree #185, logLikelihood: -4530.873218
[00:01:06] [worker #1] Bootstrap tree #188, logLikelihood: -4485.623227
[00:01:06] [worker #0] Bootstrap tree #187, logLikelihood: -4448.172170
[00:01:06] [worker #1] Bootstrap tree #190, logLikelihood: -4587.359763
[00:01:07] [worker #1] Bootstrap tree #192, logLikelihood: -4427.572487
[00:01:07] [worker #0] Bootstrap tree #189, logLikelihood: -4557.560872
[00:01:07] [worker #1] Bootstrap tree #194, logLikelihood: -4561.757566
[00:01:07] [worker #0] Bootstrap tree #191, logLikelihood: -4455.113952
[00:01:08] [worker #1] Bootstrap tree #196, logLikelihood: -4321.257301
[00:01:08] [worker #0] Bootstrap tree #193, logLikelihood: -4295.311314
[00:01:09] [worker #1] Bootstrap tree #198, logLikelihood: -4365.372093
[00:01:09] [worker #0] Bootstrap tree #195, logLikelihood: -4588.677336
[00:01:09] [worker #1] Bootstrap tree #200, logLikelihood: -4342.745334
[00:01:09] [worker #0] Bootstrap tree #197, logLikelihood: -4533.743881
[00:01:10] [worker #0] Bootstrap tree #199, logLikelihood: -4206.710502
[00:01:11] [worker #1] Bootstrap tree #202, logLikelihood: -4472.716694
[00:01:11] [worker #0] Bootstrap tree #201, logLikelihood: -4333.012930
[00:01:12] [worker #1] Bootstrap tree #204, logLikelihood: -4561.638628
[00:01:12] [worker #0] Bootstrap tree #203, logLikelihood: -4159.766193
[00:01:12] [worker #0] Bootstrap tree #205, logLikelihood: -4314.865273
[00:01:12] [worker #1] Bootstrap tree #206, logLikelihood: -4577.580014
[00:01:13] [worker #1] Bootstrap tree #208, logLikelihood: -4461.734496
[00:01:13] [worker #0] Bootstrap tree #207, logLikelihood: -4460.880030
[00:01:14] [worker #0] Bootstrap tree #209, logLikelihood: -4366.006285
[00:01:14] [worker #1] Bootstrap tree #210, logLikelihood: -4683.901198
[00:01:14] [worker #0] Bootstrap tree #211, logLikelihood: -4579.217639
[00:01:14] [worker #1] Bootstrap tree #212, logLikelihood: -4462.269103
[00:01:15] [worker #1] Bootstrap tree #214, logLikelihood: -4479.567888
[00:01:15] [worker #0] Bootstrap tree #213, logLikelihood: -4614.063443
[00:01:15] [worker #1] Bootstrap tree #216, logLikelihood: -4433.259574
[00:01:15] [worker #0] Bootstrap tree #215, logLikelihood: -4574.889500
[00:01:16] [worker #0] Bootstrap tree #217, logLikelihood: -4261.569413
[00:01:16] [worker #1] Bootstrap tree #218, logLikelihood: -4523.789353
[00:01:17] [worker #1] Bootstrap tree #220, logLikelihood: -4309.816125
[00:01:17] [worker #0] Bootstrap tree #219, logLikelihood: -4255.485339
[00:01:17] [worker #1] Bootstrap tree #222, logLikelihood: -4394.537760
[00:01:18] [worker #0] Bootstrap tree #221, logLikelihood: -4556.719521
[00:01:18] [worker #1] Bootstrap tree #224, logLikelihood: -4696.344557
[00:01:18] [worker #0] Bootstrap tree #223, logLikelihood: -4454.732360
[00:01:19] [worker #1] Bootstrap tree #226, logLikelihood: -4475.151805
[00:01:19] [worker #0] Bootstrap tree #225, logLikelihood: -4405.435888
[00:01:19] [worker #1] Bootstrap tree #228, logLikelihood: -4574.117325
[00:01:19] [worker #0] Bootstrap tree #227, logLikelihood: -4356.084478
[00:01:20] [worker #1] Bootstrap tree #230, logLikelihood: -4400.568794
[00:01:20] [worker #0] Bootstrap tree #229, logLikelihood: -4739.736152
[00:01:20] [worker #1] Bootstrap tree #232, logLikelihood: -4328.043084
[00:01:21] [worker #0] Bootstrap tree #231, logLikelihood: -4789.117861
[00:01:21] [worker #1] Bootstrap tree #234, logLikelihood: -4359.147315
[00:01:21] [worker #0] Bootstrap tree #233, logLikelihood: -4345.882529
[00:01:22] [worker #1] Bootstrap tree #236, logLikelihood: -4423.111127
[00:01:22] [worker #0] Bootstrap tree #235, logLikelihood: -4418.831466
[00:01:22] [worker #1] Bootstrap tree #238, logLikelihood: -4277.160309
[00:01:22] [worker #0] Bootstrap tree #237, logLikelihood: -4342.224730
[00:01:23] [worker #1] Bootstrap tree #240, logLikelihood: -4457.271251
[00:01:23] [worker #0] Bootstrap tree #239, logLikelihood: -4375.910357
[00:01:23] [worker #1] Bootstrap tree #242, logLikelihood: -4457.933368
[00:01:24] [worker #0] Bootstrap tree #241, logLikelihood: -4310.847388
[00:01:24] [worker #1] Bootstrap tree #244, logLikelihood: -4532.506008
[00:01:24] [worker #0] Bootstrap tree #243, logLikelihood: -4567.894487
[00:01:25] [worker #1] Bootstrap tree #246, logLikelihood: -4384.334596
[00:01:25] [worker #0] Bootstrap tree #245, logLikelihood: -4595.264801
[00:01:25] [worker #1] Bootstrap tree #248, logLikelihood: -4466.607799
[00:01:26] [worker #0] Bootstrap tree #247, logLikelihood: -4423.215455
[00:01:26] [worker #1] Bootstrap tree #250, logLikelihood: -4596.094142
[00:01:26] [worker #0] Bootstrap tree #249, logLikelihood: -4451.941308
[00:01:27] [worker #1] Bootstrap tree #252, logLikelihood: -4501.589967
[00:01:27] [worker #0] Bootstrap tree #251, logLikelihood: -4449.014382
[00:01:28] [worker #1] Bootstrap tree #254, logLikelihood: -4691.238090
[00:01:28] [worker #0] Bootstrap tree #253, logLikelihood: -4282.428272
[00:01:28] [worker #1] Bootstrap tree #256, logLikelihood: -4613.596515
[00:01:28] [worker #0] Bootstrap tree #255, logLikelihood: -4365.111810
[00:01:29] [worker #1] Bootstrap tree #258, logLikelihood: -4172.928905
[00:01:29] [worker #0] Bootstrap tree #257, logLikelihood: -4446.252767
[00:01:29] [worker #1] Bootstrap tree #260, logLikelihood: -4526.742723
[00:01:30] [worker #0] Bootstrap tree #259, logLikelihood: -4582.019031
[00:01:30] [worker #1] Bootstrap tree #262, logLikelihood: -4407.479233
[00:01:30] [worker #0] Bootstrap tree #261, logLikelihood: -4658.783332
[00:01:31] [worker #1] Bootstrap tree #264, logLikelihood: -4293.295130
[00:01:31] [worker #0] Bootstrap tree #263, logLikelihood: -4339.740018
[00:01:31] [worker #1] Bootstrap tree #266, logLikelihood: -4298.191192
[00:01:31] [worker #0] Bootstrap tree #265, logLikelihood: -4333.717371
[00:01:32] [worker #1] Bootstrap tree #268, logLikelihood: -4199.623370
[00:01:32] [worker #0] Bootstrap tree #267, logLikelihood: -4383.545273
[00:01:32] [worker #1] Bootstrap tree #270, logLikelihood: -4354.237235
[00:01:33] [worker #0] Bootstrap tree #269, logLikelihood: -4206.896287
[00:01:33] [worker #1] Bootstrap tree #272, logLikelihood: -4128.885891
[00:01:33] [worker #0] Bootstrap tree #271, logLikelihood: -4249.602787
[00:01:33] [worker #1] Bootstrap tree #274, logLikelihood: -4444.906368
[00:01:34] [worker #1] Bootstrap tree #276, logLikelihood: -4310.518789
[00:01:34] [worker #0] Bootstrap tree #273, logLikelihood: -4629.623262
[00:01:34] [worker #1] Bootstrap tree #278, logLikelihood: -4402.034076
[00:01:34] [worker #0] Bootstrap tree #275, logLikelihood: -4365.273741
[00:01:35] [worker #1] Bootstrap tree #280, logLikelihood: -4526.149054
[00:01:35] [worker #0] Bootstrap tree #277, logLikelihood: -4441.337598
[00:01:35] [worker #1] Bootstrap tree #282, logLikelihood: -4468.265730
[00:01:36] [worker #0] Bootstrap tree #279, logLikelihood: -4745.147665
[00:01:36] [worker #1] Bootstrap tree #284, logLikelihood: -4522.659979
[00:01:36] [worker #0] Bootstrap tree #281, logLikelihood: -4488.268551
[00:01:37] [worker #1] Bootstrap tree #286, logLikelihood: -4564.025629
[00:01:37] [worker #0] Bootstrap tree #283, logLikelihood: -4450.703178
[00:01:37] [worker #1] Bootstrap tree #288, logLikelihood: -4397.237530
[00:01:38] [worker #0] Bootstrap tree #285, logLikelihood: -4514.093632
[00:01:38] [worker #1] Bootstrap tree #290, logLikelihood: -4495.429774
[00:01:38] [worker #0] Bootstrap tree #287, logLikelihood: -4468.496058
[00:01:38] [worker #1] Bootstrap tree #292, logLikelihood: -4433.940937
[00:01:39] [worker #0] Bootstrap tree #289, logLikelihood: -4706.233810
[00:01:39] [worker #1] Bootstrap tree #294, logLikelihood: -4345.422009
[00:01:39] [worker #0] Bootstrap tree #291, logLikelihood: -4503.554184
[00:01:40] [worker #1] Bootstrap tree #296, logLikelihood: -4463.883857
[00:01:40] [worker #0] Bootstrap tree #293, logLikelihood: -4490.784257
[00:01:40] [worker #1] Bootstrap tree #298, logLikelihood: -4351.134044
[00:01:41] [worker #0] Bootstrap tree #295, logLikelihood: -4651.352152
[00:01:41] [worker #1] Bootstrap tree #300, logLikelihood: -4389.527004
[00:01:41] [worker #0] Bootstrap tree #297, logLikelihood: -4341.111822
[00:01:42] [worker #0] Bootstrap tree #299, logLikelihood: -4580.373758
[00:01:43] [worker #1] Bootstrap tree #302, logLikelihood: -4508.945277
[00:01:43] [worker #0] Bootstrap tree #301, logLikelihood: -4414.663411
[00:01:44] [worker #1] Bootstrap tree #304, logLikelihood: -4393.799395
[00:01:44] [worker #0] Bootstrap tree #303, logLikelihood: -4324.858379
[00:01:44] [worker #1] Bootstrap tree #306, logLikelihood: -4551.654561
[00:01:44] [worker #0] Bootstrap tree #305, logLikelihood: -4399.596403
[00:01:45] [worker #1] Bootstrap tree #308, logLikelihood: -4293.701688
[00:01:45] [worker #0] Bootstrap tree #307, logLikelihood: -4451.569140
[00:01:45] [worker #1] Bootstrap tree #310, logLikelihood: -4659.239950
[00:01:46] [worker #0] Bootstrap tree #309, logLikelihood: -4476.910335
[00:01:46] [worker #1] Bootstrap tree #312, logLikelihood: -4689.253084
[00:01:46] [worker #0] Bootstrap tree #311, logLikelihood: -4203.662171
[00:01:46] [worker #1] Bootstrap tree #314, logLikelihood: -4303.545343
[00:01:47] [worker #0] Bootstrap tree #313, logLikelihood: -4350.586348
[00:01:47] [worker #1] Bootstrap tree #316, logLikelihood: -4734.782082
[00:01:48] [worker #0] Bootstrap tree #315, logLikelihood: -4632.875170
[00:01:48] [worker #1] Bootstrap tree #318, logLikelihood: -4315.497731
[00:01:48] [worker #0] Bootstrap tree #317, logLikelihood: -4454.039856
[00:01:48] [worker #1] Bootstrap tree #320, logLikelihood: -4344.553289
[00:01:49] [worker #0] Bootstrap tree #319, logLikelihood: -4343.264685
[00:01:49] [worker #1] Bootstrap tree #322, logLikelihood: -4529.672875
[00:01:49] [worker #0] Bootstrap tree #321, logLikelihood: -4556.199957
[00:01:49] [worker #1] Bootstrap tree #324, logLikelihood: -4612.404164
[00:01:50] [worker #0] Bootstrap tree #323, logLikelihood: -4563.619225
[00:01:50] [worker #1] Bootstrap tree #326, logLikelihood: -4351.330076
[00:01:51] [worker #0] Bootstrap tree #325, logLikelihood: -4408.841248
[00:01:51] [worker #1] Bootstrap tree #328, logLikelihood: -4371.727793
[00:01:51] [worker #1] Bootstrap tree #330, logLikelihood: -4586.997484
[00:01:51] [worker #0] Bootstrap tree #327, logLikelihood: -4405.695819
[00:01:52] [worker #1] Bootstrap tree #332, logLikelihood: -4409.553925
[00:01:52] [worker #0] Bootstrap tree #329, logLikelihood: -4453.669125
[00:01:52] [worker #1] Bootstrap tree #334, logLikelihood: -4350.959989
[00:01:52] [worker #0] Bootstrap tree #331, logLikelihood: -4328.695197
[00:01:53] [worker #1] Bootstrap tree #336, logLikelihood: -4311.584035
[00:01:53] [worker #0] Bootstrap tree #333, logLikelihood: -4304.007361
[00:01:54] [worker #1] Bootstrap tree #338, logLikelihood: -4571.294125
[00:01:54] [worker #0] Bootstrap tree #335, logLikelihood: -4320.835812
[00:01:54] [worker #1] Bootstrap tree #340, logLikelihood: -4483.182603
[00:01:54] [worker #0] Bootstrap tree #337, logLikelihood: -4568.206607
[00:01:55] [worker #1] Bootstrap tree #342, logLikelihood: -4420.238431
[00:01:55] [worker #0] Bootstrap tree #339, logLikelihood: -4355.496134
[00:01:55] [worker #1] Bootstrap tree #344, logLikelihood: -4712.120891
[00:01:56] [worker #0] Bootstrap tree #341, logLikelihood: -4376.209593
[00:01:56] [worker #1] Bootstrap tree #346, logLikelihood: -4455.871720
[00:01:56] [worker #0] Bootstrap tree #343, logLikelihood: -4482.007295
[00:01:57] [worker #1] Bootstrap tree #348, logLikelihood: -4745.007428
[00:01:57] [worker #0] Bootstrap tree #345, logLikelihood: -4429.701198
[00:01:57] [worker #1] Bootstrap tree #350, logLikelihood: -4449.884737
[00:01:57] [worker #0] Bootstrap tree #347, logLikelihood: -4527.825151
[00:01:58] [worker #0] Bootstrap tree #349, logLikelihood: -4491.684631
[00:01:59] [worker #1] Bootstrap tree #352, logLikelihood: -4551.939712
[00:01:59] [worker #0] Bootstrap tree #351, logLikelihood: -4522.586493
[00:02:00] [worker #1] Bootstrap tree #354, logLikelihood: -4532.076668
[00:02:00] [worker #0] Bootstrap tree #353, logLikelihood: -4418.973360
[00:02:00] [worker #1] Bootstrap tree #356, logLikelihood: -4450.669717
[00:02:01] [worker #0] Bootstrap tree #355, logLikelihood: -4356.879075
[00:02:01] [worker #1] Bootstrap tree #358, logLikelihood: -4347.473860
[00:02:01] [worker #0] Bootstrap tree #357, logLikelihood: -4469.542836
[00:02:02] [worker #1] Bootstrap tree #360, logLikelihood: -4574.018335
[00:02:02] [worker #0] Bootstrap tree #359, logLikelihood: -4200.142759
[00:02:02] [worker #1] Bootstrap tree #362, logLikelihood: -4482.025769
[00:02:03] [worker #0] Bootstrap tree #361, logLikelihood: -4567.276144
[00:02:03] [worker #1] Bootstrap tree #364, logLikelihood: -4508.813162
[00:02:03] [worker #0] Bootstrap tree #363, logLikelihood: -4319.499307
[00:02:03] [worker #1] Bootstrap tree #366, logLikelihood: -4621.037062
[00:02:04] [worker #0] Bootstrap tree #365, logLikelihood: -4549.598704
[00:02:04] [worker #1] Bootstrap tree #368, logLikelihood: -4604.951207
[00:02:04] [worker #0] Bootstrap tree #367, logLikelihood: -4363.198127
[00:02:05] [worker #1] Bootstrap tree #370, logLikelihood: -4600.728681
[00:02:05] [worker #0] Bootstrap tree #369, logLikelihood: -4364.947949
[00:02:05] [worker #1] Bootstrap tree #372, logLikelihood: -4232.898829
[00:02:06] [worker #0] Bootstrap tree #371, logLikelihood: -4435.372161
[00:02:06] [worker #1] Bootstrap tree #374, logLikelihood: -4448.121299
[00:02:06] [worker #0] Bootstrap tree #373, logLikelihood: -4450.216406
[00:02:06] [worker #1] Bootstrap tree #376, logLikelihood: -4456.923965
[00:02:07] [worker #0] Bootstrap tree #375, logLikelihood: -4624.235934
[00:02:07] [worker #1] Bootstrap tree #378, logLikelihood: -4502.862930
[00:02:08] [worker #1] Bootstrap tree #380, logLikelihood: -4598.990488
[00:02:08] [worker #0] Bootstrap tree #377, logLikelihood: -4386.578829
[00:02:08] [worker #0] Bootstrap tree #379, logLikelihood: -4466.603858
[00:02:08] [worker #1] Bootstrap tree #382, logLikelihood: -4660.198331
[00:02:09] [worker #1] Bootstrap tree #384, logLikelihood: -4527.750845
[00:02:09] [worker #0] Bootstrap tree #381, logLikelihood: -4413.034867
[00:02:09] [worker #1] Bootstrap tree #386, logLikelihood: -4276.287874
[00:02:10] [worker #0] Bootstrap tree #383, logLikelihood: -4210.279950
[00:02:10] [worker #1] Bootstrap tree #388, logLikelihood: -4548.451971
[00:02:10] [worker #0] Bootstrap tree #385, logLikelihood: -4569.559472
[00:02:11] [worker #1] Bootstrap tree #390, logLikelihood: -4303.947557
[00:02:11] [worker #0] Bootstrap tree #387, logLikelihood: -4140.876854
[00:02:11] [worker #1] Bootstrap tree #392, logLikelihood: -4337.042909
[00:02:11] [worker #0] Bootstrap tree #389, logLikelihood: -4400.418008
[00:02:12] [worker #1] Bootstrap tree #394, logLikelihood: -4276.590998
[00:02:12] [worker #0] Bootstrap tree #391, logLikelihood: -4354.887341
[00:02:12] [worker #1] Bootstrap tree #396, logLikelihood: -4333.053664
[00:02:13] [worker #0] Bootstrap tree #393, logLikelihood: -4435.448728
[00:02:13] [worker #1] Bootstrap tree #398, logLikelihood: -4462.934953
[00:02:13] [worker #0] Bootstrap tree #395, logLikelihood: -4505.017603
[00:02:14] [worker #1] Bootstrap tree #400, logLikelihood: -4638.924010
[00:02:14] [worker #0] Bootstrap tree #397, logLikelihood: -4405.519505
[00:02:15] [worker #0] Bootstrap tree #399, logLikelihood: -4450.843303
[00:02:16] [worker #1] Bootstrap tree #402, logLikelihood: -4446.520710
[00:02:16] [worker #0] Bootstrap tree #401, logLikelihood: -4520.104814
[00:02:17] [worker #1] Bootstrap tree #404, logLikelihood: -4276.969366
[00:02:17] [worker #0] Bootstrap tree #403, logLikelihood: -4404.409954
[00:02:18] [worker #1] Bootstrap tree #406, logLikelihood: -4507.093160
[00:02:18] [worker #0] Bootstrap tree #405, logLikelihood: -4341.697974
[00:02:18] [worker #1] Bootstrap tree #408, logLikelihood: -4666.182310
[00:02:18] [worker #0] Bootstrap tree #407, logLikelihood: -4574.840376
[00:02:19] [worker #1] Bootstrap tree #410, logLikelihood: -4535.933650
[00:02:19] [worker #0] Bootstrap tree #409, logLikelihood: -4601.823341
[00:02:19] [worker #1] Bootstrap tree #412, logLikelihood: -4495.575351
[00:02:20] [worker #0] Bootstrap tree #411, logLikelihood: -4487.545596
[00:02:20] [worker #1] Bootstrap tree #414, logLikelihood: -4500.895394
[00:02:20] [worker #0] Bootstrap tree #413, logLikelihood: -4334.430288
[00:02:21] [worker #1] Bootstrap tree #416, logLikelihood: -4491.309490
[00:02:21] [worker #0] Bootstrap tree #415, logLikelihood: -4603.924314
[00:02:21] [worker #1] Bootstrap tree #418, logLikelihood: -4710.551867
[00:02:22] [worker #0] Bootstrap tree #417, logLikelihood: -4120.891684
[00:02:22] [worker #1] Bootstrap tree #420, logLikelihood: -4618.312062
[00:02:22] [worker #0] Bootstrap tree #419, logLikelihood: -4404.058234
[00:02:23] [worker #1] Bootstrap tree #422, logLikelihood: -4323.547538
[00:02:23] [worker #0] Bootstrap tree #421, logLikelihood: -4237.607291
[00:02:23] [worker #1] Bootstrap tree #424, logLikelihood: -4419.600942
[00:02:24] [worker #0] Bootstrap tree #423, logLikelihood: -4885.183846
[00:02:24] [worker #1] Bootstrap tree #426, logLikelihood: -4609.692361
[00:02:24] [worker #0] Bootstrap tree #425, logLikelihood: -4435.630638
[00:02:24] [worker #1] Bootstrap tree #428, logLikelihood: -4557.162535
[00:02:25] [worker #0] Bootstrap tree #427, logLikelihood: -4662.240387
[00:02:25] [worker #1] Bootstrap tree #430, logLikelihood: -4366.261815
[00:02:25] [worker #0] Bootstrap tree #429, logLikelihood: -4500.900823
[00:02:26] [worker #1] Bootstrap tree #432, logLikelihood: -4428.533095
[00:02:26] [worker #0] Bootstrap tree #431, logLikelihood: -4545.244889
[00:02:26] [worker #1] Bootstrap tree #434, logLikelihood: -4571.711972
[00:02:27] [worker #0] Bootstrap tree #433, logLikelihood: -4495.219349
[00:02:27] [worker #1] Bootstrap tree #436, logLikelihood: -4417.750195
[00:02:27] [worker #0] Bootstrap tree #435, logLikelihood: -4587.139131
[00:02:27] [worker #1] Bootstrap tree #438, logLikelihood: -4466.855600
[00:02:28] [worker #0] Bootstrap tree #437, logLikelihood: -4475.036316
[00:02:28] [worker #1] Bootstrap tree #440, logLikelihood: -4511.852335
[00:02:28] [worker #0] Bootstrap tree #439, logLikelihood: -4421.373304
[00:02:29] [worker #1] Bootstrap tree #442, logLikelihood: -4559.930327
[00:02:29] [worker #0] Bootstrap tree #441, logLikelihood: -4473.462843
[00:02:29] [worker #1] Bootstrap tree #444, logLikelihood: -4402.574238
[00:02:30] [worker #0] Bootstrap tree #443, logLikelihood: -4304.348294
[00:02:30] [worker #1] Bootstrap tree #446, logLikelihood: -4473.289917
[00:02:30] [worker #0] Bootstrap tree #445, logLikelihood: -4513.867042
[00:02:31] [worker #1] Bootstrap tree #448, logLikelihood: -4732.329090
[00:02:31] [worker #0] Bootstrap tree #447, logLikelihood: -4493.460557
[00:02:31] [worker #1] Bootstrap tree #450, logLikelihood: -4465.732930
[00:02:32] [worker #0] Bootstrap tree #449, logLikelihood: -4365.561093
[00:02:33] [worker #1] Bootstrap tree #452, logLikelihood: -4452.632841
[00:02:33] [worker #0] Bootstrap tree #451, logLikelihood: -4496.161131
[00:02:33] [worker #1] Bootstrap tree #454, logLikelihood: -4325.655257
[00:02:33] [worker #0] Bootstrap tree #453, logLikelihood: -4478.096510
[00:02:34] [worker #1] Bootstrap tree #456, logLikelihood: -4607.702113
[00:02:34] [worker #0] Bootstrap tree #455, logLikelihood: -4737.444459
[00:02:35] [worker #1] Bootstrap tree #458, logLikelihood: -4498.858945
[00:02:35] [worker #0] Bootstrap tree #457, logLikelihood: -4826.805101
[00:02:35] [worker #1] Bootstrap tree #460, logLikelihood: -4374.721361
[00:02:36] [worker #0] Bootstrap tree #459, logLikelihood: -4697.441402
[00:02:36] [worker #1] Bootstrap tree #462, logLikelihood: -4394.772641
[00:02:36] [worker #0] Bootstrap tree #461, logLikelihood: -4575.277830
[00:02:36] [worker #1] Bootstrap tree #464, logLikelihood: -4357.176790
[00:02:37] [worker #0] Bootstrap tree #463, logLikelihood: -4431.879804
[00:02:37] [worker #1] Bootstrap tree #466, logLikelihood: -4497.216516
[00:02:37] [worker #0] Bootstrap tree #465, logLikelihood: -4601.236749
[00:02:38] [worker #1] Bootstrap tree #468, logLikelihood: -4498.274852
[00:02:38] [worker #0] Bootstrap tree #467, logLikelihood: -4374.100298
[00:02:38] [worker #1] Bootstrap tree #470, logLikelihood: -4414.792814
[00:02:38] [worker #0] Bootstrap tree #469, logLikelihood: -4465.506409
[00:02:39] [worker #1] Bootstrap tree #472, logLikelihood: -4428.551147
[00:02:39] [worker #0] Bootstrap tree #471, logLikelihood: -4540.911477
[00:02:39] [worker #1] Bootstrap tree #474, logLikelihood: -4407.328872
[00:02:40] [worker #1] Bootstrap tree #476, logLikelihood: -4482.091007
[00:02:40] [worker #0] Bootstrap tree #473, logLikelihood: -4401.561220
[00:02:40] [worker #1] Bootstrap tree #478, logLikelihood: -4324.948078
[00:02:40] [worker #0] Bootstrap tree #475, logLikelihood: -4256.964115
[00:02:41] [worker #1] Bootstrap tree #480, logLikelihood: -4378.141686
[00:02:41] [worker #0] Bootstrap tree #477, logLikelihood: -4542.166179
[00:02:42] [worker #1] Bootstrap tree #482, logLikelihood: -4530.051656
[00:02:42] [worker #0] Bootstrap tree #479, logLikelihood: -4630.461227
[00:02:42] [worker #1] Bootstrap tree #484, logLikelihood: -4484.227379
[00:02:42] [worker #0] Bootstrap tree #481, logLikelihood: -4301.555537
[00:02:43] [worker #1] Bootstrap tree #486, logLikelihood: -4447.792825
[00:02:43] [worker #0] Bootstrap tree #483, logLikelihood: -4592.781248
[00:02:43] [worker #1] Bootstrap tree #488, logLikelihood: -4589.723677
[00:02:44] [worker #0] Bootstrap tree #485, logLikelihood: -4614.674456
[00:02:44] [worker #1] Bootstrap tree #490, logLikelihood: -4660.135835
[00:02:44] [worker #0] Bootstrap tree #487, logLikelihood: -4452.515194
[00:02:45] [worker #1] Bootstrap tree #492, logLikelihood: -4138.189731
[00:02:45] [worker #0] Bootstrap tree #489, logLikelihood: -4494.851093
[00:02:45] [worker #1] Bootstrap tree #494, logLikelihood: -4355.918334
[00:02:45] [worker #0] Bootstrap tree #491, logLikelihood: -4504.219775
[00:02:46] [worker #1] Bootstrap tree #496, logLikelihood: -4754.723649
[00:02:46] [worker #0] Bootstrap tree #493, logLikelihood: -4074.394010
[00:02:46] [worker #1] Bootstrap tree #498, logLikelihood: -4679.976936
[00:02:47] [worker #0] Bootstrap tree #495, logLikelihood: -4550.251560
[00:02:47] [worker #1] Bootstrap tree #500, logLikelihood: -4507.575028
[00:02:47] [worker #0] Bootstrap tree #497, logLikelihood: -4323.728412
[00:02:48] [worker #0] Bootstrap tree #499, logLikelihood: -4416.281733
[00:02:49] [worker #1] Bootstrap tree #502, logLikelihood: -4185.802561
[00:02:50] [worker #0] Bootstrap tree #501, logLikelihood: -4669.638699
[00:02:50] [worker #1] Bootstrap tree #504, logLikelihood: -4552.911992
[00:02:50] [worker #0] Bootstrap tree #503, logLikelihood: -4678.581948
[00:02:51] [worker #1] Bootstrap tree #506, logLikelihood: -4341.356863
[00:02:51] [worker #0] Bootstrap tree #505, logLikelihood: -4528.014671
[00:02:51] [worker #1] Bootstrap tree #508, logLikelihood: -4534.608834
[00:02:52] [worker #0] Bootstrap tree #507, logLikelihood: -4369.344305
[00:02:52] [worker #1] Bootstrap tree #510, logLikelihood: -4421.730172
[00:02:52] [worker #0] Bootstrap tree #509, logLikelihood: -4343.704296
[00:02:53] [worker #1] Bootstrap tree #512, logLikelihood: -4443.521473
[00:02:53] [worker #0] Bootstrap tree #511, logLikelihood: -4480.131065
[00:02:53] [worker #1] Bootstrap tree #514, logLikelihood: -4515.838095
[00:02:54] [worker #0] Bootstrap tree #513, logLikelihood: -4362.262144
[00:02:54] [worker #1] Bootstrap tree #516, logLikelihood: -4389.370074
[00:02:54] [worker #0] Bootstrap tree #515, logLikelihood: -4531.802216
[00:02:55] [worker #1] Bootstrap tree #518, logLikelihood: -4419.262264
[00:02:55] [worker #0] Bootstrap tree #517, logLikelihood: -4274.532493
[00:02:55] [worker #1] Bootstrap tree #520, logLikelihood: -4701.255722
[00:02:56] [worker #0] Bootstrap tree #519, logLikelihood: -4407.900071
[00:02:56] [worker #1] Bootstrap tree #522, logLikelihood: -4605.346976
[00:02:56] [worker #0] Bootstrap tree #521, logLikelihood: -4452.567399
[00:02:56] [worker #1] Bootstrap tree #524, logLikelihood: -4529.552497
[00:02:57] [worker #0] Bootstrap tree #523, logLikelihood: -4153.038505
[00:02:57] [worker #1] Bootstrap tree #526, logLikelihood: -4286.199650
[00:02:58] [worker #0] Bootstrap tree #525, logLikelihood: -4410.006922
[00:02:58] [worker #1] Bootstrap tree #528, logLikelihood: -4387.479814
[00:02:58] [worker #0] Bootstrap tree #527, logLikelihood: -4583.978904
[00:02:58] [worker #1] Bootstrap tree #530, logLikelihood: -4638.276291
[00:02:59] [worker #0] Bootstrap tree #529, logLikelihood: -4637.034122
[00:02:59] [worker #1] Bootstrap tree #532, logLikelihood: -4345.897125
[00:02:59] [worker #0] Bootstrap tree #531, logLikelihood: -4335.013071
[00:03:00] [worker #1] Bootstrap tree #534, logLikelihood: -4322.332903
[00:03:00] [worker #0] Bootstrap tree #533, logLikelihood: -4454.122562
[00:03:00] [worker #1] Bootstrap tree #536, logLikelihood: -4327.747258
[00:03:01] [worker #0] Bootstrap tree #535, logLikelihood: -4309.973428
[00:03:01] [worker #1] Bootstrap tree #538, logLikelihood: -4324.831621
[00:03:01] [worker #0] Bootstrap tree #537, logLikelihood: -4634.621331
[00:03:02] [worker #1] Bootstrap tree #540, logLikelihood: -4460.113110
[00:03:02] [worker #0] Bootstrap tree #539, logLikelihood: -4270.739333
[00:03:02] [worker #1] Bootstrap tree #542, logLikelihood: -4294.371486
[00:03:03] [worker #0] Bootstrap tree #541, logLikelihood: -4358.141202
[00:03:03] [worker #1] Bootstrap tree #544, logLikelihood: -4304.272903
[00:03:03] [worker #1] Bootstrap tree #546, logLikelihood: -4192.128702
[00:03:03] [worker #0] Bootstrap tree #543, logLikelihood: -4701.955364
[00:03:04] [worker #1] Bootstrap tree #548, logLikelihood: -4602.281673
[00:03:04] [worker #0] Bootstrap tree #545, logLikelihood: -4574.057791
[00:03:05] [worker #1] Bootstrap tree #550, logLikelihood: -4548.798995
[00:03:05] [worker #0] Bootstrap tree #547, logLikelihood: -4647.371684
[00:03:06] [worker #0] Bootstrap tree #549, logLikelihood: -4379.962771
[00:03:07] [worker #0] Bootstrap tree #551, logLikelihood: -4527.827043
[00:03:07] [worker #1] Bootstrap tree #552, logLikelihood: -4402.278560
[00:03:08] [worker #1] Bootstrap tree #554, logLikelihood: -4371.255832
[00:03:08] [worker #0] Bootstrap tree #553, logLikelihood: -4484.072433
[00:03:08] [worker #1] Bootstrap tree #556, logLikelihood: -4288.546036
[00:03:08] [worker #0] Bootstrap tree #555, logLikelihood: -4484.725604
[00:03:09] [worker #1] Bootstrap tree #558, logLikelihood: -4387.224947
[00:03:09] [worker #0] Bootstrap tree #557, logLikelihood: -4595.165851
[00:03:09] [worker #1] Bootstrap tree #560, logLikelihood: -4645.577393
[00:03:10] [worker #0] Bootstrap tree #559, logLikelihood: -4405.458215
[00:03:10] [worker #1] Bootstrap tree #562, logLikelihood: -4418.444258
[00:03:10] [worker #0] Bootstrap tree #561, logLikelihood: -4498.974743
[00:03:10] [worker #1] Bootstrap tree #564, logLikelihood: -4230.935611
[00:03:11] [worker #0] Bootstrap tree #563, logLikelihood: -4547.003030
[00:03:11] [worker #1] Bootstrap tree #566, logLikelihood: -4523.198379
[00:03:11] [worker #1] Bootstrap tree #568, logLikelihood: -4522.539197
[00:03:12] [worker #0] Bootstrap tree #565, logLikelihood: -4563.795713
[00:03:12] [worker #1] Bootstrap tree #570, logLikelihood: -4463.901516
[00:03:12] [worker #0] Bootstrap tree #567, logLikelihood: -4720.547658
[00:03:13] [worker #1] Bootstrap tree #572, logLikelihood: -4368.481263
[00:03:13] [worker #0] Bootstrap tree #569, logLikelihood: -4373.814895
[00:03:13] [worker #1] Bootstrap tree #574, logLikelihood: -4353.320883
[00:03:14] [worker #0] Bootstrap tree #571, logLikelihood: -4476.506971
[00:03:14] [worker #1] Bootstrap tree #576, logLikelihood: -4461.654137
[00:03:14] [worker #0] Bootstrap tree #573, logLikelihood: -4418.882160
[00:03:14] [worker #1] Bootstrap tree #578, logLikelihood: -4651.745623
[00:03:15] [worker #0] Bootstrap tree #575, logLikelihood: -4415.526335
[00:03:15] [worker #1] Bootstrap tree #580, logLikelihood: -4449.681952
[00:03:15] [worker #0] Bootstrap tree #577, logLikelihood: -4310.548184
[00:03:16] [worker #1] Bootstrap tree #582, logLikelihood: -4555.978652
[00:03:16] [worker #0] Bootstrap tree #579, logLikelihood: -4438.458738
[00:03:16] [worker #1] Bootstrap tree #584, logLikelihood: -4505.098326
[00:03:17] [worker #0] Bootstrap tree #581, logLikelihood: -4566.401138
[00:03:17] [worker #1] Bootstrap tree #586, logLikelihood: -4804.638632
[00:03:18] [worker #0] Bootstrap tree #583, logLikelihood: -4591.961321
[00:03:18] [worker #1] Bootstrap tree #588, logLikelihood: -4576.025563
[00:03:18] [worker #0] Bootstrap tree #585, logLikelihood: -4459.402700
[00:03:18] [worker #1] Bootstrap tree #590, logLikelihood: -4222.874890
[00:03:19] [worker #0] Bootstrap tree #587, logLikelihood: -4432.364342
[00:03:19] [worker #1] Bootstrap tree #592, logLikelihood: -4435.083634
[00:03:19] [worker #0] Bootstrap tree #589, logLikelihood: -4582.996596
[00:03:19] [worker #1] Bootstrap tree #594, logLikelihood: -4542.347716
[00:03:20] [worker #0] Bootstrap tree #591, logLikelihood: -4397.684760
[00:03:20] [worker #1] Bootstrap tree #596, logLikelihood: -4475.244946
[00:03:21] [worker #0] Bootstrap tree #593, logLikelihood: -4553.769246
[00:03:21] [worker #1] Bootstrap tree #598, logLikelihood: -4338.361244
[00:03:21] [worker #1] Bootstrap tree #600, logLikelihood: -4466.663118
[00:03:21] [worker #0] Bootstrap tree #595, logLikelihood: -4379.651175
[00:03:22] [worker #0] Bootstrap tree #597, logLikelihood: -4239.116223
[00:03:23] [worker #0] Bootstrap tree #599, logLikelihood: -4419.633534
[00:03:24] [worker #0] Bootstrap tree #601, logLikelihood: -4394.604047
[00:03:24] [worker #1] Bootstrap tree #602, logLikelihood: -4212.537482
[00:03:25] [worker #1] Bootstrap tree #604, logLikelihood: -4389.836763
[00:03:25] [worker #0] Bootstrap tree #603, logLikelihood: -4319.188435
[00:03:25] [worker #1] Bootstrap tree #606, logLikelihood: -4382.409367
[00:03:25] [worker #0] Bootstrap tree #605, logLikelihood: -4366.569654
[00:03:26] [worker #1] Bootstrap tree #608, logLikelihood: -4418.805467
[00:03:26] [worker #0] Bootstrap tree #607, logLikelihood: -4581.799903
[00:03:26] [worker #1] Bootstrap tree #610, logLikelihood: -4437.246451
[00:03:27] [worker #0] Bootstrap tree #609, logLikelihood: -4475.754817
[00:03:27] [worker #1] Bootstrap tree #612, logLikelihood: -4421.090325
[00:03:27] [worker #0] Bootstrap tree #611, logLikelihood: -4379.293454
[00:03:28] [worker #1] Bootstrap tree #614, logLikelihood: -4590.977333
[00:03:28] [worker #0] Bootstrap tree #613, logLikelihood: -4390.246232
[00:03:28] [worker #1] Bootstrap tree #616, logLikelihood: -4590.702224
[00:03:29] [worker #0] Bootstrap tree #615, logLikelihood: -4604.231888
[00:03:29] [worker #1] Bootstrap tree #618, logLikelihood: -4314.178527
[00:03:29] [worker #0] Bootstrap tree #617, logLikelihood: -4693.509198
[00:03:29] [worker #1] Bootstrap tree #620, logLikelihood: -4580.662852
[00:03:30] [worker #1] Bootstrap tree #622, logLikelihood: -4411.301928
[00:03:30] [worker #0] Bootstrap tree #619, logLikelihood: -4586.282309
[00:03:30] [worker #1] Bootstrap tree #624, logLikelihood: -4291.309039
[00:03:30] [worker #0] Bootstrap tree #621, logLikelihood: -4289.252856
[00:03:31] [worker #1] Bootstrap tree #626, logLikelihood: -4367.733916
[00:03:31] [worker #0] Bootstrap tree #623, logLikelihood: -4490.838707
[00:03:32] [worker #1] Bootstrap tree #628, logLikelihood: -4711.689945
[00:03:32] [worker #0] Bootstrap tree #625, logLikelihood: -4706.017512
[00:03:32] [worker #1] Bootstrap tree #630, logLikelihood: -4374.206843
[00:03:32] [worker #0] Bootstrap tree #627, logLikelihood: -4621.315344
[00:03:33] [worker #1] Bootstrap tree #632, logLikelihood: -4755.278491
[00:03:33] [worker #0] Bootstrap tree #629, logLikelihood: -4240.268630
[00:03:33] [worker #1] Bootstrap tree #634, logLikelihood: -4319.848340
[00:03:34] [worker #0] Bootstrap tree #631, logLikelihood: -4353.686731
[00:03:34] [worker #1] Bootstrap tree #636, logLikelihood: -4279.167643
[00:03:34] [worker #0] Bootstrap tree #633, logLikelihood: -4000.446429
[00:03:34] [worker #1] Bootstrap tree #638, logLikelihood: -4410.156487
[00:03:35] [worker #0] Bootstrap tree #635, logLikelihood: -4358.993086
[00:03:35] [worker #1] Bootstrap tree #640, logLikelihood: -4593.690002
[00:03:35] [worker #0] Bootstrap tree #637, logLikelihood: -4473.225656
[00:03:36] [worker #1] Bootstrap tree #642, logLikelihood: -4763.660765
[00:03:36] [worker #0] Bootstrap tree #639, logLikelihood: -4466.352278
[00:03:36] [worker #1] Bootstrap tree #644, logLikelihood: -4473.599270
[00:03:37] [worker #0] Bootstrap tree #641, logLikelihood: -4485.189094
[00:03:37] [worker #1] Bootstrap tree #646, logLikelihood: -4594.049078
[00:03:37] [worker #0] Bootstrap tree #643, logLikelihood: -4485.299193
[00:03:37] [worker #1] Bootstrap tree #648, logLikelihood: -4492.800210
[00:03:38] [worker #0] Bootstrap tree #645, logLikelihood: -4708.636767
[00:03:38] [worker #1] Bootstrap tree #650, logLikelihood: -4715.735229
[00:03:38] [worker #0] Bootstrap tree #647, logLikelihood: -4523.998635
[00:03:39] [worker #0] Bootstrap tree #649, logLikelihood: -4084.066412
[00:03:41] [worker #1] Bootstrap tree #652, logLikelihood: -4425.152293
[00:03:41] [worker #0] Bootstrap tree #651, logLikelihood: -4507.385850
[00:03:41] [worker #1] Bootstrap tree #654, logLikelihood: -4732.228773
[00:03:41] [worker #0] Bootstrap tree #653, logLikelihood: -4309.503113
[00:03:42] [worker #1] Bootstrap tree #656, logLikelihood: -4434.820738
[00:03:42] [worker #0] Bootstrap tree #655, logLikelihood: -4489.029745
[00:03:43] [worker #1] Bootstrap tree #658, logLikelihood: -4504.030262
[00:03:43] [worker #0] Bootstrap tree #657, logLikelihood: -4486.516387
[00:03:43] [worker #1] Bootstrap tree #660, logLikelihood: -4631.786976
[00:03:44] [worker #0] Bootstrap tree #659, logLikelihood: -4594.534750
[00:03:44] [worker #1] Bootstrap tree #662, logLikelihood: -4257.838688
[00:03:44] [worker #0] Bootstrap tree #661, logLikelihood: -4507.090406
[00:03:45] [worker #1] Bootstrap tree #664, logLikelihood: -4640.369952
[00:03:45] [worker #0] Bootstrap tree #663, logLikelihood: -4343.455662
[00:03:45] [worker #1] Bootstrap tree #666, logLikelihood: -4415.504399
[00:03:46] [worker #0] Bootstrap tree #665, logLikelihood: -4477.408326
[00:03:46] [worker #1] Bootstrap tree #668, logLikelihood: -4385.943033
[00:03:46] [worker #0] Bootstrap tree #667, logLikelihood: -4333.783285
[00:03:47] [worker #1] Bootstrap tree #670, logLikelihood: -4674.942618
[00:03:47] [worker #0] Bootstrap tree #669, logLikelihood: -4582.430208
[00:03:48] [worker #1] Bootstrap tree #672, logLikelihood: -4521.049694
[00:03:48] [worker #0] Bootstrap tree #671, logLikelihood: -4382.290095
[00:03:48] [worker #1] Bootstrap tree #674, logLikelihood: -4286.019450
[00:03:49] [worker #0] Bootstrap tree #673, logLikelihood: -4641.640645
[00:03:49] [worker #1] Bootstrap tree #676, logLikelihood: -4259.169982
[00:03:50] [worker #0] Bootstrap tree #675, logLikelihood: -4404.529929
[00:03:50] [worker #1] Bootstrap tree #678, logLikelihood: -4767.732992
[00:03:50] [worker #0] Bootstrap tree #677, logLikelihood: -4173.638282
[00:03:50] [worker #1] Bootstrap tree #680, logLikelihood: -4607.182093
[00:03:51] [worker #0] Bootstrap tree #679, logLikelihood: -4524.458074
[00:03:51] [worker #1] Bootstrap tree #682, logLikelihood: -4622.764095
[00:03:52] [worker #0] Bootstrap tree #681, logLikelihood: -4838.236622
[00:03:52] [worker #1] Bootstrap tree #684, logLikelihood: -4494.799354
[00:03:52] [worker #1] Bootstrap tree #686, logLikelihood: -4648.829016
[00:03:52] [worker #0] Bootstrap tree #683, logLikelihood: -4485.427625
[00:03:53] [worker #1] Bootstrap tree #688, logLikelihood: -4616.031569
[00:03:53] [worker #0] Bootstrap tree #685, logLikelihood: -4369.487124
[00:03:53] [worker #1] Bootstrap tree #690, logLikelihood: -4532.546687
[00:03:54] [worker #0] Bootstrap tree #687, logLikelihood: -4474.727813
[00:03:54] [worker #1] Bootstrap tree #692, logLikelihood: -4438.267462
[00:03:54] [worker #0] Bootstrap tree #689, logLikelihood: -4447.508659
[00:03:55] [worker #1] Bootstrap tree #694, logLikelihood: -4554.155942
[00:03:55] [worker #0] Bootstrap tree #691, logLikelihood: -4273.909670
[00:03:55] [worker #1] Bootstrap tree #696, logLikelihood: -4434.306564
[00:03:55] [worker #0] Bootstrap tree #693, logLikelihood: -4500.776007
[00:03:56] [worker #1] Bootstrap tree #698, logLikelihood: -4685.601162
[00:03:56] [worker #0] Bootstrap tree #695, logLikelihood: -4248.133194
[00:03:56] [worker #1] Bootstrap tree #700, logLikelihood: -4461.333257
[00:03:57] [worker #0] Bootstrap tree #697, logLikelihood: -4546.944291
[00:03:57] [worker #0] Bootstrap tree #699, logLikelihood: -4403.440469
[00:03:59] [worker #0] Bootstrap tree #701, logLikelihood: -4588.553368
[00:03:59] [worker #1] Bootstrap tree #702, logLikelihood: -4632.993708
[00:04:00] [worker #0] Bootstrap tree #703, logLikelihood: -4229.116089
[00:04:00] [worker #1] Bootstrap tree #704, logLikelihood: -4688.659375
[00:04:00] [worker #0] Bootstrap tree #705, logLikelihood: -4480.188737
[00:04:00] [worker #1] Bootstrap tree #706, logLikelihood: -4355.419346
[00:04:01] [worker #0] Bootstrap tree #707, logLikelihood: -4344.268146
[00:04:01] [worker #1] Bootstrap tree #708, logLikelihood: -4408.060174
[00:04:02] [worker #0] Bootstrap tree #709, logLikelihood: -4245.509601
[00:04:02] [worker #1] Bootstrap tree #710, logLikelihood: -4506.607534
[00:04:02] [worker #0] Bootstrap tree #711, logLikelihood: -4156.441634
[00:04:02] [worker #1] Bootstrap tree #712, logLikelihood: -4488.435137
[00:04:03] [worker #0] Bootstrap tree #713, logLikelihood: -4359.629812
[00:04:03] [worker #1] Bootstrap tree #714, logLikelihood: -4318.547897
[00:04:03] [worker #0] Bootstrap tree #715, logLikelihood: -4598.823130
[00:04:03] [worker #1] Bootstrap tree #716, logLikelihood: -4366.343550
[00:04:04] [worker #0] Bootstrap tree #717, logLikelihood: -4520.427346
[00:04:04] [worker #1] Bootstrap tree #718, logLikelihood: -4605.054515
[00:04:05] [worker #1] Bootstrap tree #720, logLikelihood: -4579.701540
[00:04:05] [worker #0] Bootstrap tree #719, logLikelihood: -4511.940039
[00:04:05] [worker #1] Bootstrap tree #722, logLikelihood: -4213.149850
[00:04:05] [worker #0] Bootstrap tree #721, logLikelihood: -4447.103784
[00:04:06] [worker #1] Bootstrap tree #724, logLikelihood: -4222.629233
[00:04:06] [worker #0] Bootstrap tree #723, logLikelihood: -4460.436987
[00:04:06] [worker #1] Bootstrap tree #726, logLikelihood: -4185.330304
[00:04:07] [worker #0] Bootstrap tree #725, logLikelihood: -4635.349459
[00:04:07] [worker #1] Bootstrap tree #728, logLikelihood: -4415.767749
[00:04:07] [worker #0] Bootstrap tree #727, logLikelihood: -4530.355398
[00:04:08] [worker #1] Bootstrap tree #730, logLikelihood: -4535.869875
[00:04:08] [worker #0] Bootstrap tree #729, logLikelihood: -4379.400785
[00:04:08] [worker #1] Bootstrap tree #732, logLikelihood: -4317.732777
[00:04:09] [worker #0] Bootstrap tree #731, logLikelihood: -4312.797190
[00:04:09] [worker #1] Bootstrap tree #734, logLikelihood: -4590.576660
[00:04:09] [worker #0] Bootstrap tree #733, logLikelihood: -4370.112735
[00:04:09] [worker #1] Bootstrap tree #736, logLikelihood: -4149.823582
[00:04:10] [worker #0] Bootstrap tree #735, logLikelihood: -4129.582435
[00:04:10] [worker #1] Bootstrap tree #738, logLikelihood: -4593.829130
[00:04:10] [worker #0] Bootstrap tree #737, logLikelihood: -4464.475691
[00:04:10] [worker #1] Bootstrap tree #740, logLikelihood: -4501.931899
[00:04:11] [worker #0] Bootstrap tree #739, logLikelihood: -4618.416432[
00:04:11] [worker #1] Bootstrap tree #742, logLikelihood: -4435.829205
[00:04:12] [worker #1] Bootstrap tree #744, logLikelihood: -4602.613149
[00:04:12] [worker #0] Bootstrap tree #741, logLikelihood: -4355.385931
[00:04:12] [worker #1] Bootstrap tree #746, logLikelihood: -4430.472139
[00:04:12] [worker #0] Bootstrap tree #743, logLikelihood: -4308.459922
[00:04:13] [worker #1] Bootstrap tree #748, logLikelihood: -4566.008133
[00:04:13] [worker #0] Bootstrap tree #745, logLikelihood: -4478.994104
[00:04:13] [worker #1] Bootstrap tree #750, logLikelihood: -4230.999050
[00:04:13] [worker #0] Bootstrap tree #747, logLikelihood: -4504.975066
[00:04:14] [worker #0] Bootstrap tree #749, logLikelihood: -4630.110565
[00:04:16] [worker #1] Bootstrap tree #752, logLikelihood: -4206.549662
[00:04:16] [worker #0] Bootstrap tree #751, logLikelihood: -4352.150802
[00:04:17] [worker #1] Bootstrap tree #754, logLikelihood: -4574.127118
[00:04:17] [worker #0] Bootstrap tree #753, logLikelihood: -4257.020590
[00:04:17] [worker #1] Bootstrap tree #756, logLikelihood: -4284.594440
[00:04:17] [worker #0] Bootstrap tree #755, logLikelihood: -4722.401262
[00:04:18] [worker #1] Bootstrap tree #758, logLikelihood: -4380.472044
[00:04:18] [worker #0] Bootstrap tree #757, logLikelihood: -4241.270848
[00:04:18] [worker #1] Bootstrap tree #760, logLikelihood: -4449.269883
[00:04:19] [worker #0] Bootstrap tree #759, logLikelihood: -4360.665504
[00:04:19] [worker #1] Bootstrap tree #762, logLikelihood: -4630.390067
[00:04:19] [worker #0] Bootstrap tree #761, logLikelihood: -4521.321554
[00:04:20] [worker #1] Bootstrap tree #764, logLikelihood: -4613.728483
[00:04:20] [worker #0] Bootstrap tree #763, logLikelihood: -4528.753204
[00:04:20] [worker #1] Bootstrap tree #766, logLikelihood: -4466.641450
[00:04:21] [worker #0] Bootstrap tree #765, logLikelihood: -4311.938409
[00:04:21] [worker #1] Bootstrap tree #768, logLikelihood: -4352.201012
[00:04:21] [worker #0] Bootstrap tree #767, logLikelihood: -4441.774613
[00:04:21] [worker #1] Bootstrap tree #770, logLikelihood: -4526.452560
[00:04:22] [worker #0] Bootstrap tree #769, logLikelihood: -4483.597156
[00:04:22] [worker #1] Bootstrap tree #772, logLikelihood: -4585.365268
[00:04:22] [worker #0] Bootstrap tree #771, logLikelihood: -4510.961417
[00:04:22] [worker #1] Bootstrap tree #774, logLikelihood: -4462.328314
[00:04:23] [worker #0] Bootstrap tree #773, logLikelihood: -4432.304001
[00:04:23] [worker #1] Bootstrap tree #776, logLikelihood: -4622.094979
[00:04:24] [worker #0] Bootstrap tree #775, logLikelihood: -4348.229903
[00:04:24] [worker #1] Bootstrap tree #778, logLikelihood: -4425.497206
[00:04:24] [worker #1] Bootstrap tree #780, logLikelihood: -4635.528779
[00:04:24] [worker #0] Bootstrap tree #777, logLikelihood: -4636.968835
[00:04:25] [worker #1] Bootstrap tree #782, logLikelihood: -4493.030597
[00:04:25] [worker #0] Bootstrap tree #779, logLikelihood: -4812.397959
[00:04:25] [worker #1] Bootstrap tree #784, logLikelihood: -4169.531018
[00:04:26] [worker #0] Bootstrap tree #781, logLikelihood: -4472.626437
[00:04:26] [worker #1] Bootstrap tree #786, logLikelihood: -4662.931481
[00:04:26] [worker #0] Bootstrap tree #783, logLikelihood: -4535.609651
[00:04:27] [worker #1] Bootstrap tree #788, logLikelihood: -4620.612092
[00:04:27] [worker #0] Bootstrap tree #785, logLikelihood: -4401.034244
[00:04:27] [worker #1] Bootstrap tree #790, logLikelihood: -4318.081202
[00:04:28] [worker #0] Bootstrap tree #787, logLikelihood: -4432.136439
[00:04:28] [worker #1] Bootstrap tree #792, logLikelihood: -4438.802519
[00:04:28] [worker #0] Bootstrap tree #789, logLikelihood: -4571.552069
[00:04:28] [worker #1] Bootstrap tree #794, logLikelihood: -4467.924171
[00:04:29] [worker #0] Bootstrap tree #791, logLikelihood: -4473.820358
[00:04:29] [worker #1] Bootstrap tree #796, logLikelihood: -4371.568082
[00:04:29] [worker #0] Bootstrap tree #793, logLikelihood: -4441.746867
[00:04:30] [worker #1] Bootstrap tree #798, logLikelihood: -4515.258175
[00:04:30] [worker #1] Bootstrap tree #800, logLikelihood: -4524.171113
[00:04:30] [worker #0] Bootstrap tree #795, logLikelihood: -4485.547125
[00:04:31] [worker #0] Bootstrap tree #797, logLikelihood: -4485.558271
[00:04:31] [worker #0] Bootstrap tree #799, logLikelihood: -4695.065119
[00:04:33] [worker #1] Bootstrap tree #802, logLikelihood: -4807.784975
[00:04:33] [worker #0] Bootstrap tree #801, logLikelihood: -4413.954237
[00:04:34] [worker #1] Bootstrap tree #804, logLikelihood: -4262.163626
[00:04:34] [worker #0] Bootstrap tree #803, logLikelihood: -4243.509193
[00:04:35] [worker #1] Bootstrap tree #806, logLikelihood: -4556.869252
[00:04:35] [worker #0] Bootstrap tree #805, logLikelihood: -4424.857936
[00:04:35] [worker #1] Bootstrap tree #808, logLikelihood: -4411.997476
[00:04:35] [worker #0] Bootstrap tree #807, logLikelihood: -4508.759428
[00:04:36] [worker #1] Bootstrap tree #810, logLikelihood: -4317.969649
[00:04:36] [worker #0] Bootstrap tree #809, logLikelihood: -4506.143420
[00:04:36] [worker #1] Bootstrap tree #812, logLikelihood: -4527.860228
[00:04:37] [worker #0] Bootstrap tree #811, logLikelihood: -4724.050708
[00:04:37] [worker #1] Bootstrap tree #814, logLikelihood: -4403.130406
[00:04:37] [worker #0] Bootstrap tree #813, logLikelihood: -4592.441036
[00:04:38] [worker #1] Bootstrap tree #816, logLikelihood: -4561.997461
[00:04:38] [worker #0] Bootstrap tree #815, logLikelihood: -4369.458553
[00:04:38] [worker #1] Bootstrap tree #818, logLikelihood: -4399.714363
[00:04:38] [worker #0] Bootstrap tree #817, logLikelihood: -4393.684286
[00:04:39] [worker #1] Bootstrap tree #820, logLikelihood: -4472.149299
[00:04:39] [worker #0] Bootstrap tree #819, logLikelihood: -4411.406002
[00:04:39] [worker #1] Bootstrap tree #822, logLikelihood: -4772.335812
[00:04:40] [worker #1] Bootstrap tree #824, logLikelihood: -4303.567543
[00:04:40] [worker #0] Bootstrap tree #821, logLikelihood: -4503.136463
[00:04:41] [worker #1] Bootstrap tree #826, logLikelihood: -4401.521908
[00:04:41] [worker #0] Bootstrap tree #823, logLikelihood: -4499.135008
[00:04:41] [worker #0] Bootstrap tree #825, logLikelihood: -4391.587319
[00:04:41] [worker #1] Bootstrap tree #828, logLikelihood: -4567.384299
[00:04:42] [worker #0] Bootstrap tree #827, logLikelihood: -4624.142454
[00:04:42] [worker #1] Bootstrap tree #830, logLikelihood: -4308.484992
[00:04:42] [worker #0] Bootstrap tree #829, logLikelihood: -4612.040674
[00:04:42] [worker #1] Bootstrap tree #832, logLikelihood: -4477.384083
[00:04:43] [worker #1] Bootstrap tree #834, logLikelihood: -4295.560116
[00:04:43] [worker #0] Bootstrap tree #831, logLikelihood: -4580.142303
[00:04:44] [worker #1] Bootstrap tree #836, logLikelihood: -4408.454479
[00:04:44] [worker #0] Bootstrap tree #833, logLikelihood: -4645.312460
[00:04:44] [worker #1] Bootstrap tree #838, logLikelihood: -4584.043363
[00:04:44] [worker #0] Bootstrap tree #835, logLikelihood: -4399.961651
[00:04:45] [worker #1] Bootstrap tree #840, logLikelihood: -4544.428830
[00:04:45] [worker #0] Bootstrap tree #837, logLikelihood: -4558.496333
[00:04:45] [worker #1] Bootstrap tree #842, logLikelihood: -4239.647658
[00:04:46] [worker #0] Bootstrap tree #839, logLikelihood: -4463.142424
[00:04:46] [worker #1] Bootstrap tree #844, logLikelihood: -4633.413677
[00:04:46] [worker #0] Bootstrap tree #841, logLikelihood: -4513.002696
[00:04:46] [worker #1] Bootstrap tree #846, logLikelihood: -4437.561674
[00:04:47] [worker #0] Bootstrap tree #843, logLikelihood: -4439.797658
[00:04:47] [worker #1] Bootstrap tree #848, logLikelihood: -4394.034703
[00:04:47] [worker #0] Bootstrap tree #845, logLikelihood: -4465.095655
[00:04:48] [worker #1] Bootstrap tree #850, logLikelihood: -4460.774514
[00:04:48] [worker #0] Bootstrap tree #847, logLikelihood: -4409.362158
[00:04:49] [worker #0] Bootstrap tree #849, logLikelihood: -4671.817565
[00:04:51] [worker #1] Bootstrap tree #852, logLikelihood: -4296.989556
[00:04:51] [worker #0] Bootstrap tree #851, logLikelihood: -4496.667439
[00:04:51] [worker #1] Bootstrap tree #854, logLikelihood: -4429.471133
[00:04:52] [worker #0] Bootstrap tree #853, logLikelihood: -4416.614097
[00:04:52] [worker #1] Bootstrap tree #856, logLikelihood: -4569.318599
[00:04:52] [worker #0] Bootstrap tree #855, logLikelihood: -4320.548213
[00:04:53] [worker #1] Bootstrap tree #858, logLikelihood: -4300.544895
[00:04:53] [worker #0] Bootstrap tree #857, logLikelihood: -4470.758158
[00:04:53] [worker #1] Bootstrap tree #860, logLikelihood: -4451.580217
[00:04:53] [worker #0] Bootstrap tree #859, logLikelihood: -4380.357357
[00:04:54] [worker #1] Bootstrap tree #862, logLikelihood: -4281.518288
[00:04:54] [worker #0] Bootstrap tree #861, logLikelihood: -4734.954838
[00:04:54] [worker #1] Bootstrap tree #864, logLikelihood: -4591.069332
[00:04:55] [worker #0] Bootstrap tree #863, logLikelihood: -4425.265514
[00:04:55] [worker #1] Bootstrap tree #866, logLikelihood: -4239.598075
[00:04:55] [worker #0] Bootstrap tree #865, logLikelihood: -4507.015045
[00:04:56] [worker #1] Bootstrap tree #868, logLikelihood: -4309.955580
[00:04:56] [worker #0] Bootstrap tree #867, logLikelihood: -4378.346628
[00:04:56] [worker #1] Bootstrap tree #870, logLikelihood: -4300.408589
[00:04:57] [worker #0] Bootstrap tree #869, logLikelihood: -4417.486441
[00:04:57] [worker #1] Bootstrap tree #872, logLikelihood: -4316.126356
[00:04:57] [worker #1] Bootstrap tree #874, logLikelihood: -4687.885248
[00:04:57] [worker #0] Bootstrap tree #871, logLikelihood: -4590.087416
[00:04:58] [worker #1] Bootstrap tree #876, logLikelihood: -4332.829635
[00:04:58] [worker #0] Bootstrap tree #873, logLikelihood: -4420.344049
[00:04:58] [worker #1] Bootstrap tree #878, logLikelihood: -4722.921889
[00:04:59] [worker #0] Bootstrap tree #875, logLikelihood: -4401.112764
[00:04:59] [worker #1] Bootstrap tree #880, logLikelihood: -4458.610068
[00:04:59] [worker #0] Bootstrap tree #877, logLikelihood: -4645.076824
[00:05:00] [worker #1] Bootstrap tree #882, logLikelihood: -4328.675449
[00:05:00] [worker #0] Bootstrap tree #879, logLikelihood: -4720.314265
[00:05:00] [worker #1] Bootstrap tree #884, logLikelihood: -4426.901587
[00:05:01] [worker #0] Bootstrap tree #881, logLikelihood: -4342.051985
[00:05:01] [worker #1] Bootstrap tree #886, logLikelihood: -4298.295154
[00:05:01] [worker #1] Bootstrap tree #888, logLikelihood: -4314.101340
[00:05:01] [worker #0] Bootstrap tree #883, logLikelihood: -4593.358306
[00:05:02] [worker #0] Bootstrap tree #885, logLikelihood: -4273.046728
[00:05:02] [worker #1] Bootstrap tree #890, logLikelihood: -4620.324060
[00:05:03] [worker #1] Bootstrap tree #892, logLikelihood: -4536.032592
[00:05:03] [worker #0] Bootstrap tree #887, logLikelihood: -4444.841551
[00:05:03] [worker #1] Bootstrap tree #894, logLikelihood: -4469.230454
[00:05:03] [worker #0] Bootstrap tree #889, logLikelihood: -4529.305531
[00:05:04] [worker #1] Bootstrap tree #896, logLikelihood: -4448.565258
[00:05:04] [worker #0] Bootstrap tree #891, logLikelihood: -4226.583407
[00:05:04] [worker #1] Bootstrap tree #898, logLikelihood: -4440.081011
[00:05:05] [worker #0] Bootstrap tree #893, logLikelihood: -4532.574999
[00:05:05] [worker #1] Bootstrap tree #900, logLikelihood: -4524.463459
[00:05:05] [worker #0] Bootstrap tree #895, logLikelihood: -4485.240574
[00:05:06] [worker #0] Bootstrap tree #897, logLikelihood: -4653.650799
[00:05:07] [worker #0] Bootstrap tree #899, logLikelihood: -4424.453013
[00:05:09] [worker #1] Bootstrap tree #902, logLikelihood: -4409.766736
[00:05:09] [worker #0] Bootstrap tree #901, logLikelihood: -4386.734424
[00:05:09] [worker #1] Bootstrap tree #904, logLikelihood: -4409.909034
[00:05:09] [worker #0] Bootstrap tree #903, logLikelihood: -4506.020836
[00:05:10] [worker #1] Bootstrap tree #906, logLikelihood: -4556.982413
[00:05:10] [worker #0] Bootstrap tree #905, logLikelihood: -4694.727614
[00:05:10] [worker #1] Bootstrap tree #908, logLikelihood: -4225.439025
[00:05:11] [worker #0] Bootstrap tree #907, logLikelihood: -4544.550302
[00:05:11] [worker #1] Bootstrap tree #910, logLikelihood: -4559.723649
[00:05:11] [worker #0] Bootstrap tree #909, logLikelihood: -4285.633216
[00:05:12] [worker #1] Bootstrap tree #912, logLikelihood: -4415.688746
[00:05:12] [worker #0] Bootstrap tree #911, logLikelihood: -4708.825346
[00:05:12] [worker #1] Bootstrap tree #914, logLikelihood: -4478.565815
[00:05:13] [worker #0] Bootstrap tree #913, logLikelihood: -4522.513263
[00:05:13] [worker #1] Bootstrap tree #916, logLikelihood: -4571.505800
[00:05:13] [worker #0] Bootstrap tree #915, logLikelihood: -4566.213584
[00:05:13] [worker #1] Bootstrap tree #918, logLikelihood: -4265.118623
[00:05:14] [worker #1] Bootstrap tree #920, logLikelihood: -4533.234898
[00:05:14] [worker #0] Bootstrap tree #917, logLikelihood: -4528.068984
[00:05:14] [worker #1] Bootstrap tree #922, logLikelihood: -4416.700500
[00:05:15] [worker #0] Bootstrap tree #919, logLikelihood: -4382.014428
[00:05:15] [worker #1] Bootstrap tree #924, logLikelihood: -4286.288034
[00:05:15] [worker #0] Bootstrap tree #921, logLikelihood: -4624.586997
[00:05:16] [worker #1] Bootstrap tree #926, logLikelihood: -4464.503350
[00:05:16] [worker #0] Bootstrap tree #923, logLikelihood: -4294.124365
[00:05:16] [worker #1] Bootstrap tree #928, logLikelihood: -4347.875010
[00:05:17] [worker #0] Bootstrap tree #925, logLikelihood: -4541.218375
[00:05:17] [worker #1] Bootstrap tree #930, logLikelihood: -4638.111944
[00:05:17] [worker #0] Bootstrap tree #927, logLikelihood: -4508.217078
[00:05:18] [worker #1] Bootstrap tree #932, logLikelihood: -4365.527306
[00:05:18] [worker #0] Bootstrap tree #929, logLikelihood: -4632.673684
[00:05:18] [worker #1] Bootstrap tree #934, logLikelihood: -4226.733668
[00:05:19] [worker #0] Bootstrap tree #931, logLikelihood: -4331.898389
[00:05:19] [worker #1] Bootstrap tree #936, logLikelihood: -4434.457300
[00:05:19] [worker #0] Bootstrap tree #933, logLikelihood: -4481.558058
[00:05:19] [worker #1] Bootstrap tree #938, logLikelihood: -4261.179973
[00:05:20] [worker #0] Bootstrap tree #935, logLikelihood: -4710.553793
[00:05:20] [worker #1] Bootstrap tree #940, logLikelihood: -4375.753310
[00:05:21] [worker #0] Bootstrap tree #937, logLikelihood: -4564.114239
[00:05:21] [worker #1] Bootstrap tree #942, logLikelihood: -4511.625630
[00:05:21] [worker #0] Bootstrap tree #939, logLikelihood: -4523.122379
[00:05:21] [worker #1] Bootstrap tree #944, logLikelihood: -4668.666246
[00:05:22] [worker #1] Bootstrap tree #946, logLikelihood: -4409.396736
[00:05:22] [worker #0] Bootstrap tree #941, logLikelihood: -4657.744799
[00:05:22] [worker #1] Bootstrap tree #948, logLikelihood: -4433.700550
[00:05:23] [worker #0] Bootstrap tree #943, logLikelihood: -4519.412996
[00:05:23] [worker #1] Bootstrap tree #950, logLikelihood: -4383.776359
[00:05:23] [worker #0] Bootstrap tree #945, logLikelihood: -4958.290851
[00:05:24] [worker #0] Bootstrap tree #947, logLikelihood: -4640.201488
[00:05:25] [worker #0] Bootstrap tree #949, logLikelihood: -4383.656897
[00:05:27] [worker #0] Bootstrap tree #951, logLikelihood: -4240.998435
[00:05:27] [worker #1] Bootstrap tree #952, logLikelihood: -4474.623459
[00:05:28] [worker #1] Bootstrap tree #954, logLikelihood: -4329.051736
[00:05:28] [worker #0] Bootstrap tree #953, logLikelihood: -4469.642982
[00:05:28] [worker #1] Bootstrap tree #956, logLikelihood: -4475.573224
[00:05:28] [worker #0] Bootstrap tree #955, logLikelihood: -4516.294829
[00:05:29] [worker #1] Bootstrap tree #958, logLikelihood: -4607.569846
[00:05:29] [worker #0] Bootstrap tree #957, logLikelihood: -4420.304232
[00:05:29] [worker #1] Bootstrap tree #960, logLikelihood: -4551.794101
[00:05:29] [worker #0] Bootstrap tree #959, logLikelihood: -4526.432146
[00:05:30] [worker #1] Bootstrap tree #962, logLikelihood: -4463.164712
[00:05:30] [worker #0] Bootstrap tree #961, logLikelihood: -4415.347760
[00:05:30] [worker #1] Bootstrap tree #964, logLikelihood: -4459.638993
[00:05:31] [worker #0] Bootstrap tree #963, logLikelihood: -4327.563654
[00:05:31] [worker #1] Bootstrap tree #966, logLikelihood: -4308.427699
[00:05:31] [worker #0] Bootstrap tree #965, logLikelihood: -4595.215423
[00:05:32] [worker #1] Bootstrap tree #968, logLikelihood: -4370.546584
[00:05:32] [worker #0] Bootstrap tree #967, logLikelihood: -4409.201509
[00:05:32] [worker #1] Bootstrap tree #970, logLikelihood: -4347.320617
[00:05:33] [worker #0] Bootstrap tree #969, logLikelihood: -4348.021851
[00:05:33] [worker #1] Bootstrap tree #972, logLikelihood: -4528.411000
[00:05:33] [worker #1] Bootstrap tree #974, logLikelihood: -4307.799167
[00:05:33] [worker #0] Bootstrap tree #971, logLikelihood: -4609.884946
[00:05:34] [worker #1] Bootstrap tree #976, logLikelihood: -4414.682135
[00:05:34] [worker #0] Bootstrap tree #973, logLikelihood: -4337.644494
[00:05:34] [worker #1] Bootstrap tree #978, logLikelihood: -4541.216393
[00:05:35] [worker #0] Bootstrap tree #975, logLikelihood: -4326.427268
[00:05:35] [worker #1] Bootstrap tree #980, logLikelihood: -4586.590756
[00:05:35] [worker #0] Bootstrap tree #977, logLikelihood: -4590.876936
[00:05:36] [worker #1] Bootstrap tree #982, logLikelihood: -4363.605641
[00:05:36] [worker #0] Bootstrap tree #979, logLikelihood: -4517.433370
[00:05:36] [worker #1] Bootstrap tree #984, logLikelihood: -4498.332016
[00:05:37] [worker #0] Bootstrap tree #981, logLikelihood: -4405.313816
[00:05:37] [worker #1] Bootstrap tree #986, logLikelihood: -4495.057888
[00:05:37] [worker #0] Bootstrap tree #983, logLikelihood: -4227.807623
[00:05:37] [worker #1] Bootstrap tree #988, logLikelihood: -4316.217177
[00:05:38] [worker #0] Bootstrap tree #985, logLikelihood: -4354.675820
[00:05:38] [worker #1] Bootstrap tree #990, logLikelihood: -4336.783100
[00:05:38] [worker #0] Bootstrap tree #987, logLikelihood: -4289.048624
[00:05:39] [worker #1] Bootstrap tree #992, logLikelihood: -4583.664373
[00:05:39] [worker #0] Bootstrap tree #989, logLikelihood: -4405.854500
[00:05:39] [worker #1] Bootstrap tree #994, logLikelihood: -4535.091420
[00:05:40] [worker #0] Bootstrap tree #991, logLikelihood: -4643.384632
[00:05:40] [worker #1] Bootstrap tree #996, logLikelihood: -4358.458961
[00:05:40] [worker #1] Bootstrap tree #998, logLikelihood: -4420.325426
[00:05:40] [worker #0] Bootstrap tree #993, logLikelihood: -4438.509892
[00:05:41] [worker #1] Bootstrap tree #1000, logLikelihood: -4444.056710
[00:05:41] [worker #0] Bootstrap tree #995, logLikelihood: -4373.970652
[00:05:42] [worker #0] Bootstrap tree #997, logLikelihood: -4367.271637
[00:05:42] [worker #0] Bootstrap tree #999, logLikelihood: -4424.067931

Optimized model parameters:

   Partition 0: noname
   Rate heterogeneity: GAMMA (4 cats, mean),  alpha: 0.020126 (ML),  weights&rates: (0.250000,0.000000) (0.250000,0.000000) (0.250000,0.000001) (0.250000,3.999999) 
   Base frequencies (ML): 0.300460 0.272876 0.135262 0.291401 
   Substitution rates (ML): 1.098322 37.675445 0.943108 3.306043 48.238104 1.000000 


Final LogLikelihood: -4527.448428

AIC score: 9258.896856 / AICc score: 9270.205791 / BIC score: 9828.180258
Free parameters (model + branch lengths): 102

WARNING: Best ML tree contains 10 near-zero branches!

Best ML tree with collapsed near-zero branches saved to: /Users/gannonkreuser/Desktop/GannonPLPATH/raxml-ng_v1.2.2_macos/T5.raxml.bestTreeCollapsed
Best ML tree saved to: /Users/gannonkreuser/Desktop/GannonPLPATH/raxml-ng_v1.2.2_macos/T5.raxml.bestTree
All ML trees saved to: /Users/gannonkreuser/Desktop/GannonPLPATH/raxml-ng_v1.2.2_macos/T5.raxml.mlTrees
Best ML tree with Felsenstein bootstrap (FBP) support values saved to: /Users/gannonkreuser/Desktop/GannonPLPATH/raxml-ng_v1.2.2_macos/T5.raxml.supportFBP
Best ML tree with Transfer bootstrap (TBE) support values saved to: /Users/gannonkreuser/Desktop/GannonPLPATH/raxml-ng_v1.2.2_macos/T5.raxml.supportTBE
Optimized model saved to: /Users/gannonkreuser/Desktop/GannonPLPATH/raxml-ng_v1.2.2_macos/T5.raxml.bestModel
Bootstrap trees saved to: /Users/gannonkreuser/Desktop/GannonPLPATH/raxml-ng_v1.2.2_macos/T5.raxml.bootstraps

Execution log saved to: /Users/gannonkreuser/Desktop/GannonPLPATH/raxml-ng_v1.2.2_macos/T5.raxml.log

Analysis started: 07-May-2025 16:31:21 / finished: 07-May-2025 16:37:06

Elapsed time: 344.748 seconds

